gyp info it worked if it ends with ok
gyp info using node-gyp@9.1.0
gyp info using node@24.11.1 | linux | x64
(node:3137) [DEP0060] DeprecationWarning: The `util._extend` API is deprecated. Please use Object.assign() instead.
(Use `node --trace-deprecation ...` to show where the warning was created)
gyp info find Python using Python version 3.12.1 found at "/home/codespace/.python/current/bin/python3"
gyp http GET https://nodejs.org/download/release/v24.11.1/node-v24.11.1-headers.tar.gz
gyp http 200 https://nodejs.org/download/release/v24.11.1/node-v24.11.1-headers.tar.gz
gyp http GET https://nodejs.org/download/release/v24.11.1/SHASUMS256.txt
gyp http 200 https://nodejs.org/download/release/v24.11.1/SHASUMS256.txt
gyp info spawn /home/codespace/.python/current/bin/python3
gyp info spawn args [
gyp info spawn args   '/opt/nodejs/16.20.2/lib/node_modules/npm/node_modules/node-gyp/gyp/gyp_main.py',
gyp info spawn args   'binding.gyp',
gyp info spawn args   '-f',
gyp info spawn args   'make',
gyp info spawn args   '-I',
gyp info spawn args   '/workspaces/Valentine_Wish/node_modules/uws/build/config.gypi',
gyp info spawn args   '-I',
gyp info spawn args   '/opt/nodejs/16.20.2/lib/node_modules/npm/node_modules/node-gyp/addon.gypi',
gyp info spawn args   '-I',
gyp info spawn args   '/home/codespace/.cache/node-gyp/24.11.1/include/node/common.gypi',
gyp info spawn args   '-Dlibrary=shared_library',
gyp info spawn args   '-Dvisibility=default',
gyp info spawn args   '-Dnode_root_dir=/home/codespace/.cache/node-gyp/24.11.1',
gyp info spawn args   '-Dnode_gyp_dir=/opt/nodejs/16.20.2/lib/node_modules/npm/node_modules/node-gyp',
gyp info spawn args   '-Dnode_lib_file=/home/codespace/.cache/node-gyp/24.11.1/<(target_arch)/node.lib',
gyp info spawn args   '-Dmodule_root_dir=/workspaces/Valentine_Wish/node_modules/uws',
gyp info spawn args   '-Dnode_engine=v8',
gyp info spawn args   '--depth=.',
gyp info spawn args   '--no-parallel',
gyp info spawn args   '--generator-output',
gyp info spawn args   'build',
gyp info spawn args   '-Goutput_dir=.'
gyp info spawn args ]
gyp info spawn make
gyp info spawn args [ 'BUILDTYPE=Release', '-C', 'build' ]
make: Entering directory '/workspaces/Valentine_Wish/node_modules/uws/build'
  CXX(target) Release/obj.target/uws/src/Extensions.o
  CXX(target) Release/obj.target/uws/src/Group.o
In file included from ../src/Backend.h:9,
                 from ../src/Networking.h:69,
                 from ../src/WebSocketProtocol.h:5,
                 from ../src/WebSocket.h:4,
                 from ../src/Group.h:4,
                 from ../src/Group.cpp:1:
../src/Libuv.h: In member function ‘void uS::Poll::close(uS::Loop*, void (*)(uS::Poll*))’:
../src/Libuv.h:168:20: warning: cast between incompatible function types from ‘void (*)(uS::Poll*)’ to ‘void (*)(uS::Poll*, int, int)’ [-Wcast-function-type]
  168 |         this->cb = (void(*)(Poll *, int, int)) cb;
      |                    ^~~~~~~~~~~~~~~~~~~~~~~~~~~~~~
../src/Libuv.h: In lambda function:
../src/Libuv.h:171:34: warning: cast between incompatible function types from ‘void (*)(uS::Poll*, int, int)’ to ‘void (*)(uS::Poll*)’ [-Wcast-function-type]
  171 |             void (*cb)(Poll *) = (void(*)(Poll *)) poll->cb;
      |                                  ^~~~~~~~~~~~~~~~~~~~~~~~~~
  CXX(target) Release/obj.target/uws/src/Networking.o
In file included from ../src/Backend.h:9,
                 from ../src/Networking.h:69,
                 from ../src/Networking.cpp:1:
../src/Libuv.h: In member function ‘void uS::Poll::close(uS::Loop*, void (*)(uS::Poll*))’:
../src/Libuv.h:168:20: warning: cast between incompatible function types from ‘void (*)(uS::Poll*)’ to ‘void (*)(uS::Poll*, int, int)’ [-Wcast-function-type]
  168 |         this->cb = (void(*)(Poll *, int, int)) cb;
      |                    ^~~~~~~~~~~~~~~~~~~~~~~~~~~~~~
../src/Libuv.h: In lambda function:
../src/Libuv.h:171:34: warning: cast between incompatible function types from ‘void (*)(uS::Poll*, int, int)’ to ‘void (*)(uS::Poll*)’ [-Wcast-function-type]
  171 |             void (*cb)(Poll *) = (void(*)(Poll *)) poll->cb;
      |                                  ^~~~~~~~~~~~~~~~~~~~~~~~~~
  CXX(target) Release/obj.target/uws/src/Hub.o
In file included from ../src/Backend.h:9,
                 from ../src/Networking.h:69,
                 from ../src/WebSocketProtocol.h:5,
                 from ../src/WebSocket.h:4,
                 from ../src/Group.h:4,
                 from ../src/Hub.h:4,
                 from ../src/Hub.cpp:1:
../src/Libuv.h: In member function ‘void uS::Poll::close(uS::Loop*, void (*)(uS::Poll*))’:
../src/Libuv.h:168:20: warning: cast between incompatible function types from ‘void (*)(uS::Poll*)’ to ‘void (*)(uS::Poll*, int, int)’ [-Wcast-function-type]
  168 |         this->cb = (void(*)(Poll *, int, int)) cb;
      |                    ^~~~~~~~~~~~~~~~~~~~~~~~~~~~~~
../src/Libuv.h: In lambda function:
../src/Libuv.h:171:34: warning: cast between incompatible function types from ‘void (*)(uS::Poll*, int, int)’ to ‘void (*)(uS::Poll*)’ [-Wcast-function-type]
  171 |             void (*cb)(Poll *) = (void(*)(Poll *)) poll->cb;
      |                                  ^~~~~~~~~~~~~~~~~~~~~~~~~~
  CXX(target) Release/obj.target/uws/src/Node.o
In file included from ../src/Backend.h:9,
                 from ../src/Networking.h:69,
                 from ../src/Socket.h:4,
                 from ../src/Node.h:4,
                 from ../src/Node.cpp:1:
../src/Libuv.h: In member function ‘void uS::Poll::close(uS::Loop*, void (*)(uS::Poll*))’:
../src/Libuv.h:168:20: warning: cast between incompatible function types from ‘void (*)(uS::Poll*)’ to ‘void (*)(uS::Poll*, int, int)’ [-Wcast-function-type]
  168 |         this->cb = (void(*)(Poll *, int, int)) cb;
      |                    ^~~~~~~~~~~~~~~~~~~~~~~~~~~~~~
../src/Libuv.h: In lambda function:
../src/Libuv.h:171:34: warning: cast between incompatible function types from ‘void (*)(uS::Poll*, int, int)’ to ‘void (*)(uS::Poll*)’ [-Wcast-function-type]
  171 |             void (*cb)(Poll *) = (void(*)(Poll *)) poll->cb;
      |                                  ^~~~~~~~~~~~~~~~~~~~~~~~~~
  CXX(target) Release/obj.target/uws/src/WebSocket.o
In file included from ../src/Backend.h:9,
                 from ../src/Networking.h:69,
                 from ../src/WebSocketProtocol.h:5,
                 from ../src/WebSocket.h:4,
                 from ../src/WebSocket.cpp:1:
../src/Libuv.h: In member function ‘void uS::Poll::close(uS::Loop*, void (*)(uS::Poll*))’:
../src/Libuv.h:168:20: warning: cast between incompatible function types from ‘void (*)(uS::Poll*)’ to ‘void (*)(uS::Poll*, int, int)’ [-Wcast-function-type]
  168 |         this->cb = (void(*)(Poll *, int, int)) cb;
      |                    ^~~~~~~~~~~~~~~~~~~~~~~~~~~~~~
../src/Libuv.h: In lambda function:
../src/Libuv.h:171:34: warning: cast between incompatible function types from ‘void (*)(uS::Poll*, int, int)’ to ‘void (*)(uS::Poll*)’ [-Wcast-function-type]
  171 |             void (*cb)(Poll *) = (void(*)(Poll *)) poll->cb;
      |                                  ^~~~~~~~~~~~~~~~~~~~~~~~~~
  CXX(target) Release/obj.target/uws/src/HTTPSocket.o
In file included from ../src/Backend.h:9,
                 from ../src/Networking.h:69,
                 from ../src/Socket.h:4,
                 from ../src/HTTPSocket.h:4,
                 from ../src/HTTPSocket.cpp:1:
../src/Libuv.h: In member function ‘void uS::Poll::close(uS::Loop*, void (*)(uS::Poll*))’:
../src/Libuv.h:168:20: warning: cast between incompatible function types from ‘void (*)(uS::Poll*)’ to ‘void (*)(uS::Poll*, int, int)’ [-Wcast-function-type]
  168 |         this->cb = (void(*)(Poll *, int, int)) cb;
      |                    ^~~~~~~~~~~~~~~~~~~~~~~~~~~~~~
../src/Libuv.h: In lambda function:
../src/Libuv.h:171:34: warning: cast between incompatible function types from ‘void (*)(uS::Poll*, int, int)’ to ‘void (*)(uS::Poll*)’ [-Wcast-function-type]
  171 |             void (*cb)(Poll *) = (void(*)(Poll *)) poll->cb;
      |                                  ^~~~~~~~~~~~~~~~~~~~~~~~~~
  CXX(target) Release/obj.target/uws/src/Socket.o
In file included from ../src/Backend.h:9,
                 from ../src/Networking.h:69,
                 from ../src/Socket.h:4,
                 from ../src/Socket.cpp:1:
../src/Libuv.h: In member function ‘void uS::Poll::close(uS::Loop*, void (*)(uS::Poll*))’:
../src/Libuv.h:168:20: warning: cast between incompatible function types from ‘void (*)(uS::Poll*)’ to ‘void (*)(uS::Poll*, int, int)’ [-Wcast-function-type]
  168 |         this->cb = (void(*)(Poll *, int, int)) cb;
      |                    ^~~~~~~~~~~~~~~~~~~~~~~~~~~~~~
../src/Libuv.h: In lambda function:
../src/Libuv.h:171:34: warning: cast between incompatible function types from ‘void (*)(uS::Poll*, int, int)’ to ‘void (*)(uS::Poll*)’ [-Wcast-function-type]
  171 |             void (*cb)(Poll *) = (void(*)(Poll *)) poll->cb;
      |                                  ^~~~~~~~~~~~~~~~~~~~~~~~~~
  CXX(target) Release/obj.target/uws/src/addon.o
In file included from /home/codespace/.cache/node-gyp/24.11.1/include/node/cppgc/common.h:8,
                 from /home/codespace/.cache/node-gyp/24.11.1/include/node/v8.h:23,
                 from /home/codespace/.cache/node-gyp/24.11.1/include/node/node.h:74,
                 from ../src/addon.h:1,
                 from ../src/addon.cpp:2:
/home/codespace/.cache/node-gyp/24.11.1/include/node/v8config.h:13:2: error: #error "C++20 or later required."
   13 | #error "C++20 or later required."
      |  ^~~~~
In file included from /home/codespace/.cache/node-gyp/24.11.1/include/node/v8-array-buffer.h:12,
                 from /home/codespace/.cache/node-gyp/24.11.1/include/node/v8.h:24:
/home/codespace/.cache/node-gyp/24.11.1/include/node/v8-local-handle.h:280:5: warning: identifier ‘requires’ is a keyword in C++20 [-Wc++20-compat]
  280 |     requires std::is_base_of_v<T, S>
      |     ^~~~~~~~
In file included from /home/codespace/.cache/node-gyp/24.11.1/include/node/cppgc/internal/conditional-stack-allocated.h:10,
                 from /home/codespace/.cache/node-gyp/24.11.1/include/node/v8-maybe.h:11,
                 from /home/codespace/.cache/node-gyp/24.11.1/include/node/v8-object.h:10,
                 from /home/codespace/.cache/node-gyp/24.11.1/include/node/v8-array-buffer.h:14:
/home/codespace/.cache/node-gyp/24.11.1/include/node/cppgc/macros.h:51:1: warning: identifier ‘concept’ is a keyword in C++20 [-Wc++20-compat]
   51 | concept IsStackAllocatedType =
      | ^~~~~~~
In file included from ../src/../src/Backend.h:9,
                 from ../src/../src/Networking.h:69,
                 from ../src/../src/WebSocketProtocol.h:5,
                 from ../src/../src/WebSocket.h:4,
                 from ../src/../src/Group.h:4,
                 from ../src/../src/Hub.h:4,
                 from ../src/../src/uWS.h:4,
                 from ../src/addon.cpp:1:
../src/../src/Libuv.h: In member function ‘void uS::Poll::close(uS::Loop*, void (*)(uS::Poll*))’:
../src/../src/Libuv.h:168:20: warning: cast between incompatible function types from ‘void (*)(uS::Poll*)’ to ‘void (*)(uS::Poll*, int, int)’ [-Wcast-function-type]
  168 |         this->cb = (void(*)(Poll *, int, int)) cb;
      |                    ^~~~~~~~~~~~~~~~~~~~~~~~~~~~~~
../src/../src/Libuv.h: In lambda function:
../src/../src/Libuv.h:171:34: warning: cast between incompatible function types from ‘void (*)(uS::Poll*, int, int)’ to ‘void (*)(uS::Poll*)’ [-Wcast-function-type]
  171 |             void (*cb)(Poll *) = (void(*)(Poll *)) poll->cb;
      |                                  ^~~~~~~~~~~~~~~~~~~~~~~~~~
In file included from /home/codespace/.cache/node-gyp/24.11.1/include/node/v8-handle-base.h:8,
                 from /home/codespace/.cache/node-gyp/24.11.1/include/node/v8-local-handle.h:13:
/home/codespace/.cache/node-gyp/24.11.1/include/node/v8-internal.h: At global scope:
/home/codespace/.cache/node-gyp/24.11.1/include/node/v8-internal.h:112:36: error: ‘enable_if_t’ in namespace ‘std’ does not name a template type
  112 |   template <class T, typename std::enable_if_t<std::is_integral_v<T> &&
      |                                    ^~~~~~~~~~~
/home/codespace/.cache/node-gyp/24.11.1/include/node/v8-internal.h:112:36: note: ‘std::enable_if_t’ is only available from C++14 onwards
/home/codespace/.cache/node-gyp/24.11.1/include/node/v8-internal.h:112:47: error: expected ‘>’ before ‘<’ token
  112 |   template <class T, typename std::enable_if_t<std::is_integral_v<T> &&
      |                                               ^
/home/codespace/.cache/node-gyp/24.11.1/include/node/v8-internal.h:125:27: error: ‘enable_if_t’ in namespace ‘std’ does not name a template type
  125 |             typename std::enable_if_t<std::is_integral_v<T> &&
      |                           ^~~~~~~~~~~
/home/codespace/.cache/node-gyp/24.11.1/include/node/v8-internal.h:125:27: note: ‘std::enable_if_t’ is only available from C++14 onwards
/home/codespace/.cache/node-gyp/24.11.1/include/node/v8-internal.h:125:38: error: expected ‘>’ before ‘<’ token
  125 |             typename std::enable_if_t<std::is_integral_v<T> &&
      |                                      ^
/home/codespace/.cache/node-gyp/24.11.1/include/node/v8-internal.h:127:35: error: ‘template<class T, <typeprefixerror><anonymous> > static constexpr bool v8::internal::SmiTagging<4>::IsValidSmi(T)’ cannot be overloaded with ‘template<class T, <typeprefixerror><anonymous> > static constexpr bool v8::internal::SmiTagging<4>::IsValidSmi(T)’
  127 |   V8_INLINE static constexpr bool IsValidSmi(T value) {
      |                                   ^~~~~~~~~~
/home/codespace/.cache/node-gyp/24.11.1/include/node/v8-internal.h:114:35: note: previous declaration ‘template<class T, <typeprefixerror><anonymous> > static constexpr bool v8::internal::SmiTagging<4>::IsValidSmi(T)’
  114 |   V8_INLINE static constexpr bool IsValidSmi(T value) {
      |                                   ^~~~~~~~~~
/home/codespace/.cache/node-gyp/24.11.1/include/node/v8-internal.h: In static member function ‘static constexpr int v8::internal::SmiTagging<4>::SmiToInt(v8::internal::Address)’:
/home/codespace/.cache/node-gyp/24.11.1/include/node/v8-internal.h:110:3: error: body of ‘constexpr’ function ‘static constexpr int v8::internal::SmiTagging<4>::SmiToInt(v8::internal::Address)’ not a return-statement
  110 |   }
      |   ^
/home/codespace/.cache/node-gyp/24.11.1/include/node/v8-internal.h: At global scope:
/home/codespace/.cache/node-gyp/24.11.1/include/node/v8-internal.h:162:36: error: ‘enable_if_t’ in namespace ‘std’ does not name a template type
  162 |   template <class T, typename std::enable_if_t<std::is_integral_v<T> &&
      |                                    ^~~~~~~~~~~
/home/codespace/.cache/node-gyp/24.11.1/include/node/v8-internal.h:162:36: note: ‘std::enable_if_t’ is only available from C++14 onwards
/home/codespace/.cache/node-gyp/24.11.1/include/node/v8-internal.h:162:47: error: expected ‘>’ before ‘<’ token
  162 |   template <class T, typename std::enable_if_t<std::is_integral_v<T> &&
      |                                               ^
/home/codespace/.cache/node-gyp/24.11.1/include/node/v8-internal.h:171:27: error: ‘enable_if_t’ in namespace ‘std’ does not name a template type
  171 |             typename std::enable_if_t<std::is_integral_v<T> &&
      |                           ^~~~~~~~~~~
/home/codespace/.cache/node-gyp/24.11.1/include/node/v8-internal.h:171:27: note: ‘std::enable_if_t’ is only available from C++14 onwards
/home/codespace/.cache/node-gyp/24.11.1/include/node/v8-internal.h:171:38: error: expected ‘>’ before ‘<’ token
  171 |             typename std::enable_if_t<std::is_integral_v<T> &&
      |                                      ^
/home/codespace/.cache/node-gyp/24.11.1/include/node/v8-internal.h:173:35: error: ‘template<class T, <typeprefixerror><anonymous> > static constexpr bool v8::internal::SmiTagging<8>::IsValidSmi(T)’ cannot be overloaded with ‘template<class T, <typeprefixerror><anonymous> > static constexpr bool v8::internal::SmiTagging<8>::IsValidSmi(T)’
  173 |   V8_INLINE static constexpr bool IsValidSmi(T value) {
      |                                   ^~~~~~~~~~
/home/codespace/.cache/node-gyp/24.11.1/include/node/v8-internal.h:164:35: note: previous declaration ‘template<class T, <typeprefixerror><anonymous> > static constexpr bool v8::internal::SmiTagging<8>::IsValidSmi(T)’
  164 |   V8_INLINE static constexpr bool IsValidSmi(T value) {
      |                                   ^~~~~~~~~~
/home/codespace/.cache/node-gyp/24.11.1/include/node/v8-internal.h: In static member function ‘static constexpr int v8::internal::SmiTagging<8>::SmiToInt(v8::internal::Address)’:
/home/codespace/.cache/node-gyp/24.11.1/include/node/v8-internal.h:160:3: error: body of ‘constexpr’ function ‘static constexpr int v8::internal::SmiTagging<8>::SmiToInt(v8::internal::Address)’ not a return-statement
  160 |   }
      |   ^
/home/codespace/.cache/node-gyp/24.11.1/include/node/v8-internal.h: At global scope:
/home/codespace/.cache/node-gyp/24.11.1/include/node/v8-internal.h:434:22: error: ‘is_enum_v’ is not a member of ‘std’; did you mean ‘is_enum’?
  434 |   static_assert(std::is_enum_v<Tag> &&
      |                      ^~~~~~~~~
      |                      is_enum
/home/codespace/.cache/node-gyp/24.11.1/include/node/v8-internal.h:434:35: error: expected primary-expression before ‘>’ token
  434 |   static_assert(std::is_enum_v<Tag> &&
      |                                   ^
/home/codespace/.cache/node-gyp/24.11.1/include/node/v8-internal.h:435:21: error: label ‘std’ referenced outside of any function
  435 |                     std::is_same_v<std::underlying_type_t<Tag>, uint16_t>,
      |                     ^~~
/home/codespace/.cache/node-gyp/24.11.1/include/node/v8-internal.h:435:24: error: expected ‘,’ before ‘::’ token
  435 |                     std::is_same_v<std::underlying_type_t<Tag>, uint16_t>,
      |                        ^~
      |                        ,
/home/codespace/.cache/node-gyp/24.11.1/include/node/v8-internal.h:435:24: error: expected string-literal before ‘::’ token
  435 |                     std::is_same_v<std::underlying_type_t<Tag>, uint16_t>,
      |                        ^~
/home/codespace/.cache/node-gyp/24.11.1/include/node/v8-internal.h:435:24: error: expected ‘)’ before ‘::’ token
  435 |                     std::is_same_v<std::underlying_type_t<Tag>, uint16_t>,
      |                        ^~
      |                        )
/home/codespace/.cache/node-gyp/24.11.1/include/node/v8-internal.h:434:16: note: to match this ‘(’
  434 |   static_assert(std::is_enum_v<Tag> &&
      |                ^
/home/codespace/.cache/node-gyp/24.11.1/include/node/v8-internal.h: In member function ‘constexpr size_t v8::internal::TagRange<Tag>::hash_value() const’:
/home/codespace/.cache/node-gyp/24.11.1/include/node/v8-internal.h:480:24: error: ‘is_same_v’ is not a member of ‘std’; did you mean ‘is_same’?
  480 |     static_assert(std::is_same_v<std::underlying_type_t<Tag>, uint16_t>);
      |                        ^~~~~~~~~
      |                        is_same
/home/codespace/.cache/node-gyp/24.11.1/include/node/v8-internal.h:480:39: error: ‘underlying_type_t’ is not a member of ‘std’; did you mean ‘underlying_type’?
  480 |     static_assert(std::is_same_v<std::underlying_type_t<Tag>, uint16_t>);
      |                                       ^~~~~~~~~~~~~~~~~
      |                                       underlying_type
/home/codespace/.cache/node-gyp/24.11.1/include/node/v8-internal.h:480:60: error: expected primary-expression before ‘>’ token
  480 |     static_assert(std::is_same_v<std::underlying_type_t<Tag>, uint16_t>);
      |                                                            ^
/home/codespace/.cache/node-gyp/24.11.1/include/node/v8-internal.h:480:61: error: expected primary-expression before ‘,’ token
  480 |     static_assert(std::is_same_v<std::underlying_type_t<Tag>, uint16_t>);
      |                                                             ^
/home/codespace/.cache/node-gyp/24.11.1/include/node/v8-internal.h:480:63: error: expected string-literal before ‘uint16_t’
  480 |     static_assert(std::is_same_v<std::underlying_type_t<Tag>, uint16_t>);
      |                                                               ^~~~~~~~
/home/codespace/.cache/node-gyp/24.11.1/include/node/v8-internal.h:480:63: error: expected ‘)’ before ‘uint16_t’
/home/codespace/.cache/node-gyp/24.11.1/include/node/v8-internal.h:480:18: note: to match this ‘(’
  480 |     static_assert(std::is_same_v<std::underlying_type_t<Tag>, uint16_t>);
      |                  ^
/home/codespace/.cache/node-gyp/24.11.1/include/node/v8-internal.h: At global scope:
/home/codespace/.cache/node-gyp/24.11.1/include/node/v8-internal.h:1052:27: error: ‘enable_if_t’ in namespace ‘std’ does not name a template type
 1052 |             typename std::enable_if_t<std::is_integral_v<T>>* = nullptr>
      |                           ^~~~~~~~~~~
/home/codespace/.cache/node-gyp/24.11.1/include/node/v8-internal.h:1052:27: note: ‘std::enable_if_t’ is only available from C++14 onwards
/home/codespace/.cache/node-gyp/24.11.1/include/node/v8-internal.h:1052:38: error: expected ‘>’ before ‘<’ token
 1052 |             typename std::enable_if_t<std::is_integral_v<T>>* = nullptr>
      |                                      ^
/home/codespace/.cache/node-gyp/24.11.1/include/node/v8-internal.h:1058:27: error: ‘enable_if_t’ in namespace ‘std’ does not name a template type
 1058 |             typename std::enable_if_t<std::is_integral_v<T>>* = nullptr>
      |                           ^~~~~~~~~~~
/home/codespace/.cache/node-gyp/24.11.1/include/node/v8-internal.h:1058:27: note: ‘std::enable_if_t’ is only available from C++14 onwards
/home/codespace/.cache/node-gyp/24.11.1/include/node/v8-internal.h:1058:38: error: expected ‘>’ before ‘<’ token
 1058 |             typename std::enable_if_t<std::is_integral_v<T>>* = nullptr>
      |                                      ^
/home/codespace/.cache/node-gyp/24.11.1/include/node/v8-internal.h:1064:27: error: ‘enable_if_t’ in namespace ‘std’ does not name a template type
 1064 |             typename std::enable_if_t<std::is_integral_v<T>>* = nullptr>
      |                           ^~~~~~~~~~~
/home/codespace/.cache/node-gyp/24.11.1/include/node/v8-internal.h:1064:27: note: ‘std::enable_if_t’ is only available from C++14 onwards
/home/codespace/.cache/node-gyp/24.11.1/include/node/v8-internal.h:1064:38: error: expected ‘>’ before ‘<’ token
 1064 |             typename std::enable_if_t<std::is_integral_v<T>>* = nullptr>
      |                                      ^
/home/codespace/.cache/node-gyp/24.11.1/include/node/v8-internal.h:1065:25: error: ‘optional’ in namespace ‘std’ does not name a template type
 1065 |   static constexpr std::optional<Address> TryIntegralToSmi(T value) {
      |                         ^~~~~~~~
/home/codespace/.cache/node-gyp/24.11.1/include/node/v8-internal.h:1065:20: note: ‘std::optional’ is only available from C++17 onwards
 1065 |   static constexpr std::optional<Address> TryIntegralToSmi(T value) {
      |                    ^~~
/home/codespace/.cache/node-gyp/24.11.1/include/node/v8-internal.h:1256:37: error: non-type template parameters of class type only available with ‘-std=c++20’ or ‘-std=gnu++20’
 1256 |   template <ExternalPointerTagRange tag_range>
      |                                     ^~~~~~~~~
/home/codespace/.cache/node-gyp/24.11.1/include/node/v8-internal.h: In function ‘void v8::internal::PerformCastCheck(T*)’:
/home/codespace/.cache/node-gyp/24.11.1/include/node/v8-internal.h:1325:38: error: ‘remove_cv_t’ is not a member of ‘std’; did you mean ‘remove_cv’?
 1325 |             !std::is_same<Data, std::remove_cv_t<T>>::value>::Perform(data);
      |                                      ^~~~~~~~~~~
      |                                      remove_cv
/home/codespace/.cache/node-gyp/24.11.1/include/node/v8-internal.h:1325:38: error: ‘remove_cv_t’ is not a member of ‘std’; did you mean ‘remove_cv’?
 1325 |             !std::is_same<Data, std::remove_cv_t<T>>::value>::Perform(data);
      |                                      ^~~~~~~~~~~
      |                                      remove_cv
/home/codespace/.cache/node-gyp/24.11.1/include/node/v8-internal.h:1325:50: error: template argument 2 is invalid
 1325 |             !std::is_same<Data, std::remove_cv_t<T>>::value>::Perform(data);
      |                                                  ^
/home/codespace/.cache/node-gyp/24.11.1/include/node/v8-internal.h:1325:63: error: ‘::Perform’ has not been declared
 1325 |             !std::is_same<Data, std::remove_cv_t<T>>::value>::Perform(data);
      |                                                               ^~~~~~~
/home/codespace/.cache/node-gyp/24.11.1/include/node/v8-internal.h: At global scope:
/home/codespace/.cache/node-gyp/24.11.1/include/node/v8-internal.h:1386:1: warning: inline variables are only available with ‘-std=c++17’ or ‘-std=gnu++17’ [-Wc++17-extensions]
 1386 | inline constexpr bool kHaveIteratorConcept = false;
      | ^~~~~~
/home/codespace/.cache/node-gyp/24.11.1/include/node/v8-internal.h:1386:23: warning: variable templates only available with ‘-std=c++14’ or ‘-std=gnu++14’ [-Wc++14-extensions]
 1386 | inline constexpr bool kHaveIteratorConcept = false;
      |                       ^~~~~~~~~~~~~~~~~~~~
/home/codespace/.cache/node-gyp/24.11.1/include/node/v8-internal.h:1389:20: error: ‘void_t’ is not a member of ‘std’
 1389 |     Iterator, std::void_t<typename Iterator::iterator_concept>> = true;
      |                    ^~~~~~
/home/codespace/.cache/node-gyp/24.11.1/include/node/v8-internal.h:1389:20: note: ‘std::void_t’ is only available from C++17 onwards
/home/codespace/.cache/node-gyp/24.11.1/include/node/v8-internal.h:1389:20: error: ‘void_t’ is not a member of ‘std’
/home/codespace/.cache/node-gyp/24.11.1/include/node/v8-internal.h:1389:20: note: ‘std::void_t’ is only available from C++17 onwards
/home/codespace/.cache/node-gyp/24.11.1/include/node/v8-internal.h:1388:23: error: parse error in template argument list
 1388 | inline constexpr bool kHaveIteratorConcept<
      |                       ^~~~~~~~~~~~~~~~~~~~~
 1389 |     Iterator, std::void_t<typename Iterator::iterator_concept>> = true;
      |     ~~~~~~~~~~~~~~~~~~~~~~~~~~~~~~~~~~~~~~~~~~~~~~~~~~~~~~~~~
/home/codespace/.cache/node-gyp/24.11.1/include/node/v8-internal.h:1389:62: error: expected initializer before ‘>’ token
 1389 |     Iterator, std::void_t<typename Iterator::iterator_concept>> = true;
      |                                                              ^~
/home/codespace/.cache/node-gyp/24.11.1/include/node/v8-internal.h:1392:1: warning: inline variables are only available with ‘-std=c++17’ or ‘-std=gnu++17’ [-Wc++17-extensions]
 1392 | inline constexpr bool kHaveIteratorCategory = false;
      | ^~~~~~
/home/codespace/.cache/node-gyp/24.11.1/include/node/v8-internal.h:1392:23: warning: variable templates only available with ‘-std=c++14’ or ‘-std=gnu++14’ [-Wc++14-extensions]
 1392 | inline constexpr bool kHaveIteratorCategory = false;
      |                       ^~~~~~~~~~~~~~~~~~~~~
/home/codespace/.cache/node-gyp/24.11.1/include/node/v8-internal.h:1395:20: error: ‘void_t’ is not a member of ‘std’
 1395 |     Iterator, std::void_t<typename Iterator::iterator_category>> = true;
      |                    ^~~~~~
/home/codespace/.cache/node-gyp/24.11.1/include/node/v8-internal.h:1395:20: note: ‘std::void_t’ is only available from C++17 onwards
/home/codespace/.cache/node-gyp/24.11.1/include/node/v8-internal.h:1395:20: error: ‘void_t’ is not a member of ‘std’
/home/codespace/.cache/node-gyp/24.11.1/include/node/v8-internal.h:1395:20: note: ‘std::void_t’ is only available from C++17 onwards
/home/codespace/.cache/node-gyp/24.11.1/include/node/v8-internal.h:1394:23: error: parse error in template argument list
 1394 | inline constexpr bool kHaveIteratorCategory<
      |                       ^~~~~~~~~~~~~~~~~~~~~~
 1395 |     Iterator, std::void_t<typename Iterator::iterator_category>> = true;
      |     ~~~~~~~~~~~~~~~~~~~~~~~~~~~~~~~~~~~~~~~~~~~~~~~~~~~~~~~~~~
/home/codespace/.cache/node-gyp/24.11.1/include/node/v8-internal.h:1395:63: error: expected initializer before ‘>’ token
 1395 |     Iterator, std::void_t<typename Iterator::iterator_category>> = true;
      |                                                               ^~
/home/codespace/.cache/node-gyp/24.11.1/include/node/v8-internal.h:1405:20: error: ‘enable_if_t’ is not a member of ‘std’
 1405 |     Iterator, std::enable_if_t<kHaveIteratorConcept<Iterator>>> {
      |                    ^~~~~~~~~~~
/home/codespace/.cache/node-gyp/24.11.1/include/node/v8-internal.h:1405:20: note: ‘std::enable_if_t’ is only available from C++14 onwards
/home/codespace/.cache/node-gyp/24.11.1/include/node/v8-internal.h:1405:20: error: ‘enable_if_t’ is not a member of ‘std’
/home/codespace/.cache/node-gyp/24.11.1/include/node/v8-internal.h:1405:20: note: ‘std::enable_if_t’ is only available from C++14 onwards
/home/codespace/.cache/node-gyp/24.11.1/include/node/v8-internal.h:1405:61: error: type/value mismatch at argument 2 in template parameter list for ‘template<class Iterator, class> struct v8::internal::MaybeDefineIteratorConcept’
 1405 |     Iterator, std::enable_if_t<kHaveIteratorConcept<Iterator>>> {
      |                                                             ^~
/home/codespace/.cache/node-gyp/24.11.1/include/node/v8-internal.h:1405:61: note:   expected a type, got ‘(<expression error> < kHaveIteratorConcept<Iterator>)’
/home/codespace/.cache/node-gyp/24.11.1/include/node/v8-internal.h:1405:63: error: expected unqualified-id before ‘>’ token
 1405 |     Iterator, std::enable_if_t<kHaveIteratorConcept<Iterator>>> {
      |                                                               ^
/home/codespace/.cache/node-gyp/24.11.1/include/node/v8-internal.h:1411:20: error: ‘enable_if_t’ is not a member of ‘std’
 1411 |     Iterator, std::enable_if_t<kHaveIteratorCategory<Iterator> &&
      |                    ^~~~~~~~~~~
/home/codespace/.cache/node-gyp/24.11.1/include/node/v8-internal.h:1411:20: note: ‘std::enable_if_t’ is only available from C++14 onwards
/home/codespace/.cache/node-gyp/24.11.1/include/node/v8-internal.h:1411:20: error: ‘enable_if_t’ is not a member of ‘std’
/home/codespace/.cache/node-gyp/24.11.1/include/node/v8-internal.h:1411:20: note: ‘std::enable_if_t’ is only available from C++14 onwards
/home/codespace/.cache/node-gyp/24.11.1/include/node/v8-internal.h:1412:62: error: type/value mismatch at argument 2 in template parameter list for ‘template<class Iterator, class> struct v8::internal::MaybeDefineIteratorConcept’
 1412 |                                !kHaveIteratorConcept<Iterator>>> {
      |                                                              ^~
/home/codespace/.cache/node-gyp/24.11.1/include/node/v8-internal.h:1412:62: note:   expected a type, got ‘((<expression error> < kHaveIteratorCategory<Iterator>) && (! kHaveIteratorConcept<Iterator>))’
/home/codespace/.cache/node-gyp/24.11.1/include/node/v8-internal.h:1412:64: error: expected unqualified-id before ‘>’ token
 1412 |                                !kHaveIteratorConcept<Iterator>>> {
      |                                                                ^
/home/codespace/.cache/node-gyp/24.11.1/include/node/v8-internal.h:1432:12: error: ‘is_void_v’ is not a member of ‘std’; did you mean ‘is_void’?
 1432 |       std::is_void_v<ElementType> ||
      |            ^~~~~~~~~
      |            is_void
/home/codespace/.cache/node-gyp/24.11.1/include/node/v8-internal.h:1432:33: error: expected primary-expression before ‘>’ token
 1432 |       std::is_void_v<ElementType> ||
      |                                 ^
/home/codespace/.cache/node-gyp/24.11.1/include/node/v8-internal.h:1432:35: error: expected primary-expression before ‘||’ token
 1432 |       std::is_void_v<ElementType> ||
      |                                   ^~
/home/codespace/.cache/node-gyp/24.11.1/include/node/v8-internal.h:1433:13: error: ‘is_convertible_v’ is not a member of ‘std’; did you mean ‘is_convertible’?
 1433 |       (std::is_convertible_v<typename std::iterator_traits<Iterator>::pointer,
      |             ^~~~~~~~~~~~~~~~
      |             is_convertible
/home/codespace/.cache/node-gyp/24.11.1/include/node/v8-internal.h:1433:78: error: expected ‘(’ before ‘,’ token
 1433 |       (std::is_convertible_v<typename std::iterator_traits<Iterator>::pointer,
      |                                                                              ^
      |                                                                              (
/home/codespace/.cache/node-gyp/24.11.1/include/node/v8-internal.h:1434:35: error: ‘add_pointer_t’ is not a member of ‘std’; did you mean ‘add_pointer’?
 1434 |                              std::add_pointer_t<ElementType>> &&
      |                                   ^~~~~~~~~~~~~
      |                                   add_pointer
/home/codespace/.cache/node-gyp/24.11.1/include/node/v8-internal.h:1434:60: error: expected primary-expression before ‘>>’ token
 1434 |                              std::add_pointer_t<ElementType>> &&
      |                                                            ^~
/home/codespace/.cache/node-gyp/24.11.1/include/node/v8-internal.h:1435:8: error: label ‘std’ referenced outside of any function
 1435 |        std::is_convertible_v<typename std::iterator_traits<Iterator>::reference,
      |        ^~~
/home/codespace/.cache/node-gyp/24.11.1/include/node/v8-internal.h:1435:11: error: expected ‘)’ before ‘::’ token
 1435 |        std::is_convertible_v<typename std::iterator_traits<Iterator>::reference,
      |           ^~
      |           )
/home/codespace/.cache/node-gyp/24.11.1/include/node/v8-internal.h:1433:7: note: to match this ‘(’
 1433 |       (std::is_convertible_v<typename std::iterator_traits<Iterator>::pointer,
      |       ^
/home/codespace/.cache/node-gyp/24.11.1/include/node/v8-internal.h:1436:73: error: expected ‘,’ before ‘;’ token
 1436 |                              std::add_lvalue_reference_t<ElementType>>));
      |                                                                         ^
      |                                                                         ,
/home/codespace/.cache/node-gyp/24.11.1/include/node/v8-internal.h:1436:73: error: expected string-literal before ‘;’ token
/home/codespace/.cache/node-gyp/24.11.1/include/node/v8-internal.h:1436:73: error: expected ‘)’ before ‘;’ token
 1436 |                              std::add_lvalue_reference_t<ElementType>>));
      |                                                                         ^
      |                                                                         )
/home/codespace/.cache/node-gyp/24.11.1/include/node/v8-internal.h:1431:16: note: to match this ‘(’
 1431 |   static_assert(
      |                ^
/home/codespace/.cache/node-gyp/24.11.1/include/node/v8-internal.h:1441:12: error: ‘conditional_t’ in namespace ‘std’ does not name a template type; did you mean ‘conditional’?
 1441 |       std::conditional_t<std::is_void_v<ElementType>,
      |            ^~~~~~~~~~~~~
      |            conditional
/home/codespace/.cache/node-gyp/24.11.1/include/node/v8-internal.h:1445:12: error: ‘conditional_t’ in namespace ‘std’ does not name a template type; did you mean ‘conditional’?
 1445 |       std::conditional_t<std::is_void_v<ElementType>,
      |            ^~~~~~~~~~~~~
      |            conditional
/home/codespace/.cache/node-gyp/24.11.1/include/node/v8-internal.h:1449:12: error: ‘conditional_t’ in namespace ‘std’ does not name a template type; did you mean ‘conditional’?
 1449 |       std::conditional_t<std::is_void_v<ElementType>,
      |            ^~~~~~~~~~~~~
      |            conditional
/home/codespace/.cache/node-gyp/24.11.1/include/node/v8-internal.h:1461:29: error: ‘enable_if_t’ in namespace ‘std’ does not name a template type
 1461 |             typename = std::enable_if_t<
      |                             ^~~~~~~~~~~
/home/codespace/.cache/node-gyp/24.11.1/include/node/v8-internal.h:1461:24: note: ‘std::enable_if_t’ is only available from C++14 onwards
 1461 |             typename = std::enable_if_t<
      |                        ^~~
/home/codespace/.cache/node-gyp/24.11.1/include/node/v8-internal.h:1461:40: error: expected ‘>’ before ‘<’ token
 1461 |             typename = std::enable_if_t<
      |                                        ^
/home/codespace/.cache/node-gyp/24.11.1/include/node/v8-internal.h:1467:27: error: ‘reference’ does not name a type
 1467 |   [[nodiscard]] constexpr reference operator*() const noexcept { return *it_; }
      |                           ^~~~~~~~~
/home/codespace/.cache/node-gyp/24.11.1/include/node/v8-internal.h:1468:27: error: ‘pointer’ does not name a type
 1468 |   [[nodiscard]] constexpr pointer operator->() const noexcept {
      |                           ^~~~~~~
/home/codespace/.cache/node-gyp/24.11.1/include/node/v8-internal.h:1583:27: error: ‘operator-’ function uses ‘auto’ type specifier without trailing return type
 1583 |   [[nodiscard]] constexpr auto operator-(
      |                           ^~~~
/home/codespace/.cache/node-gyp/24.11.1/include/node/v8-internal.h:1583:27: note: deduced return type only available with ‘-std=c++14’ or ‘-std=gnu++14’
/home/codespace/.cache/node-gyp/24.11.1/include/node/v8-internal.h:1588:27: error: ‘reference’ does not name a type
 1588 |   [[nodiscard]] constexpr reference operator[](
      |                           ^~~~~~~~~
/home/codespace/.cache/node-gyp/24.11.1/include/node/v8-local-handle.h:280:5: error: ‘requires’ does not name a type
  280 |     requires std::is_base_of_v<T, S>
      |     ^~~~~~~~
/home/codespace/.cache/node-gyp/24.11.1/include/node/v8-local-handle.h:280:5: note: ‘requires’ only available with ‘-std=c++20’ or ‘-fconcepts’
/home/codespace/.cache/node-gyp/24.11.1/include/node/v8-local-handle.h:645:5: error: ‘requires’ does not name a type
  645 |     requires std::is_base_of_v<T, S>
      |     ^~~~~~~~
/home/codespace/.cache/node-gyp/24.11.1/include/node/v8-local-handle.h:645:5: note: ‘requires’ only available with ‘-std=c++20’ or ‘-fconcepts’
/home/codespace/.cache/node-gyp/24.11.1/include/node/v8-local-handle.h:651:5: error: ‘requires’ does not name a type
  651 |     requires std::is_base_of_v<T, S>
      |     ^~~~~~~~
/home/codespace/.cache/node-gyp/24.11.1/include/node/v8-local-handle.h:651:5: note: ‘requires’ only available with ‘-std=c++20’ or ‘-fconcepts’
In file included from /home/codespace/.cache/node-gyp/24.11.1/include/node/v8-array-buffer.h:13:
/home/codespace/.cache/node-gyp/24.11.1/include/node/v8-memory-span.h:45:28: error: ‘std::ranges’ has not been declared
   45 | inline constexpr bool std::ranges::enable_view<v8::MemorySpan<T>> = true;
      |                            ^~~~~~
/home/codespace/.cache/node-gyp/24.11.1/include/node/v8-memory-span.h:45:47: error: expected initializer before ‘<’ token
   45 | inline constexpr bool std::ranges::enable_view<v8::MemorySpan<T>> = true;
      |                                               ^
/home/codespace/.cache/node-gyp/24.11.1/include/node/v8-memory-span.h:47:28: error: ‘std::ranges’ has not been declared
   47 | inline constexpr bool std::ranges::enable_borrowed_range<v8::MemorySpan<T>> =
      |                            ^~~~~~
/home/codespace/.cache/node-gyp/24.11.1/include/node/v8-memory-span.h:47:57: error: expected initializer before ‘<’ token
   47 | inline constexpr bool std::ranges::enable_borrowed_range<v8::MemorySpan<T>> =
      |                                                         ^
/home/codespace/.cache/node-gyp/24.11.1/include/node/v8-memory-span.h:70:25: warning: variable templates only available with ‘-std=c++14’ or ‘-std=gnu++14’ [-Wc++14-extensions]
   70 |   static constexpr bool is_array_convertible_v =
      |                         ^~~~~~~~~~~~~~~~~~~~~~
/home/codespace/.cache/node-gyp/24.11.1/include/node/v8-memory-span.h:81:12: error: ‘void_t’ is not a member of ‘std’
   81 |       std::void_t<
      |            ^~~~~~
/home/codespace/.cache/node-gyp/24.11.1/include/node/v8-memory-span.h:81:12: note: ‘std::void_t’ is only available from C++17 onwards
/home/codespace/.cache/node-gyp/24.11.1/include/node/v8-memory-span.h:81:12: error: ‘void_t’ is not a member of ‘std’
/home/codespace/.cache/node-gyp/24.11.1/include/node/v8-memory-span.h:81:12: note: ‘std::void_t’ is only available from C++17 onwards
/home/codespace/.cache/node-gyp/24.11.1/include/node/v8-memory-span.h:84:37: error: ‘remove_reference_t’ is not a member of ‘std’; did you mean ‘remove_reference’?
   84 |           is_array_convertible<std::remove_reference_t<iter_reference_t<It>>,
      |                                     ^~~~~~~~~~~~~~~~~~
      |                                     remove_reference
/home/codespace/.cache/node-gyp/24.11.1/include/node/v8-memory-span.h:84:37: error: ‘remove_reference_t’ is not a member of ‘std’; did you mean ‘remove_reference’?
   84 |           is_array_convertible<std::remove_reference_t<iter_reference_t<It>>,
      |                                     ^~~~~~~~~~~~~~~~~~
      |                                     remove_reference
/home/codespace/.cache/node-gyp/24.11.1/include/node/v8-memory-span.h:84:75: error: wrong number of template arguments (1, should be 2)
   84 |           is_array_convertible<std::remove_reference_t<iter_reference_t<It>>,
      |                                                                           ^~
/home/codespace/.cache/node-gyp/24.11.1/include/node/v8-memory-span.h:68:9: note: provided for ‘template<class T> template<class From, class To> using v8::MemorySpan<T>::is_array_convertible = std::is_convertible<From (*)[], To (*)[]>’
   68 |   using is_array_convertible = std::is_convertible<From (*)[], To (*)[]>;
      |         ^~~~~~~~~~~~~~~~~~~~
/home/codespace/.cache/node-gyp/24.11.1/include/node/v8-memory-span.h:85:32: error: wrong number of template arguments (4, should be at least 1)
   85 |                                T>>> : std::true_type {};
      |                                ^
/home/codespace/.cache/node-gyp/24.11.1/include/node/v8-memory-span.h:77:10: note: provided for ‘template<class T> template<class It, class> struct v8::MemorySpan<T>::is_compatible_iterator’
   77 |   struct is_compatible_iterator : std::false_type {};
      |          ^~~~~~~~~~~~~~~~~~~~~~
/home/codespace/.cache/node-gyp/24.11.1/include/node/v8-memory-span.h:85:33: error: expected unqualified-id before ‘>’ token
   85 |                                T>>> : std::true_type {};
      |                                 ^~
/home/codespace/.cache/node-gyp/24.11.1/include/node/v8-memory-span.h:87:25: warning: variable templates only available with ‘-std=c++14’ or ‘-std=gnu++14’ [-Wc++14-extensions]
   87 |   static constexpr bool is_compatible_iterator_v =
      |                         ^~~~~~~~~~~~~~~~~~~~~~~~
/home/codespace/.cache/node-gyp/24.11.1/include/node/v8-memory-span.h:96:29: error: ‘void_t’ in namespace ‘std’ does not name a template type
   96 |             typename = std::void_t<decltype(std::declval<It&>().operator->())>>
      |                             ^~~~~~
/home/codespace/.cache/node-gyp/24.11.1/include/node/v8-memory-span.h:96:24: note: ‘std::void_t’ is only available from C++17 onwards
   96 |             typename = std::void_t<decltype(std::declval<It&>().operator->())>>
      |                        ^~~
/home/codespace/.cache/node-gyp/24.11.1/include/node/v8-memory-span.h:96:35: error: expected ‘>’ before ‘<’ token
   96 |             typename = std::void_t<decltype(std::declval<It&>().operator->())>>
      |                                   ^
/home/codespace/.cache/node-gyp/24.11.1/include/node/v8-memory-span.h:97:34: error: ‘to_address’ function uses ‘auto’ type specifier without trailing return type
   97 |   [[nodiscard]] static constexpr auto to_address(It it) noexcept {
      |                                  ^~~~
/home/codespace/.cache/node-gyp/24.11.1/include/node/v8-memory-span.h:97:34: note: deduced return type only available with ‘-std=c++14’ or ‘-std=gnu++14’
/home/codespace/.cache/node-gyp/24.11.1/include/node/v8-memory-span.h:112:18: error: ‘std::enable_if_t’ has not been declared
  112 |             std::enable_if_t<is_compatible_iterator_v<Iterator>, bool> = true>
      |                  ^~~~~~~~~~~
/home/codespace/.cache/node-gyp/24.11.1/include/node/v8-memory-span.h:112:29: error: expected ‘>’ before ‘<’ token
  112 |             std::enable_if_t<is_compatible_iterator_v<Iterator>, bool> = true>
      |                             ^
/home/codespace/.cache/node-gyp/24.11.1/include/node/v8-memory-span.h:119:18: error: ‘std::enable_if_t’ has not been declared
  119 |             std::enable_if_t<is_compatible_iterator_v<Iterator> &&
      |                  ^~~~~~~~~~~
/home/codespace/.cache/node-gyp/24.11.1/include/node/v8-memory-span.h:119:29: error: expected ‘>’ before ‘<’ token
  119 |             std::enable_if_t<is_compatible_iterator_v<Iterator> &&
      |                             ^
/home/codespace/.cache/node-gyp/24.11.1/include/node/v8-memory-span.h:133:18: error: ‘std::enable_if_t’ has not been declared
  133 |             std::enable_if_t<is_array_convertible_v<U, T>, bool> = true>
      |                  ^~~~~~~~~~~
/home/codespace/.cache/node-gyp/24.11.1/include/node/v8-memory-span.h:133:29: error: expected ‘>’ before ‘<’ token
  133 |             std::enable_if_t<is_array_convertible_v<U, T>, bool> = true>
      |                             ^
/home/codespace/.cache/node-gyp/24.11.1/include/node/v8-memory-span.h:140:18: error: ‘std::enable_if_t’ has not been declared
  140 |             std::enable_if_t<is_array_convertible_v<const U, T>, bool> = true>
      |                  ^~~~~~~~~~~
/home/codespace/.cache/node-gyp/24.11.1/include/node/v8-memory-span.h:140:29: error: expected ‘>’ before ‘<’ token
  140 |             std::enable_if_t<is_array_convertible_v<const U, T>, bool> = true>
      |                             ^
/home/codespace/.cache/node-gyp/24.11.1/include/node/v8-memory-span.h:168:35: error: ‘contiguous_iterator_tag’ in namespace ‘std’ does not name a type; did you mean ‘output_iterator_tag’?
  168 |     using iterator_concept = std::contiguous_iterator_tag;
      |                                   ^~~~~~~~~~~~~~~~~~~~~~~
      |                                   output_iterator_tag
/home/codespace/.cache/node-gyp/24.11.1/include/node/v8-memory-span.h:298:41: error: ‘remove_cv_t’ is not a member of ‘std’; did you mean ‘remove_cv’?
  298 | [[nodiscard]] constexpr std::array<std::remove_cv_t<T>, N> to_array_lvalue_impl(
      |                                         ^~~~~~~~~~~
      |                                         remove_cv
/home/codespace/.cache/node-gyp/24.11.1/include/node/v8-memory-span.h:298:41: error: ‘remove_cv_t’ is not a member of ‘std’; did you mean ‘remove_cv’?
  298 | [[nodiscard]] constexpr std::array<std::remove_cv_t<T>, N> to_array_lvalue_impl(
      |                                         ^~~~~~~~~~~
      |                                         remove_cv
/home/codespace/.cache/node-gyp/24.11.1/include/node/v8-memory-span.h:298:54: error: wrong number of template arguments (1, should be 2)
  298 | [[nodiscard]] constexpr std::array<std::remove_cv_t<T>, N> to_array_lvalue_impl(
      |                                                      ^
In file included from /usr/include/c++/13/mutex:40,
                 from ../src/../src/Networking.h:74:
/usr/include/c++/13/tuple:2019:45: note: provided for ‘template<class _Tp, long unsigned int _Nm> struct std::array’
 2019 |   template<typename _Tp, size_t _Nm> struct array;
      |                                             ^~~~~
/home/codespace/.cache/node-gyp/24.11.1/include/node/v8-memory-span.h:298:55: error: expected unqualified-id before ‘,’ token
  298 | [[nodiscard]] constexpr std::array<std::remove_cv_t<T>, N> to_array_lvalue_impl(
      |                                                       ^
/home/codespace/.cache/node-gyp/24.11.1/include/node/v8-memory-span.h:304:41: error: ‘remove_cv_t’ is not a member of ‘std’; did you mean ‘remove_cv’?
  304 | [[nodiscard]] constexpr std::array<std::remove_cv_t<T>, N> to_array_rvalue_impl(
      |                                         ^~~~~~~~~~~
      |                                         remove_cv
/home/codespace/.cache/node-gyp/24.11.1/include/node/v8-memory-span.h:304:41: error: ‘remove_cv_t’ is not a member of ‘std’; did you mean ‘remove_cv’?
  304 | [[nodiscard]] constexpr std::array<std::remove_cv_t<T>, N> to_array_rvalue_impl(
      |                                         ^~~~~~~~~~~
      |                                         remove_cv
/home/codespace/.cache/node-gyp/24.11.1/include/node/v8-memory-span.h:304:54: error: wrong number of template arguments (1, should be 2)
  304 | [[nodiscard]] constexpr std::array<std::remove_cv_t<T>, N> to_array_rvalue_impl(
      |                                                      ^
/usr/include/c++/13/tuple:2019:45: note: provided for ‘template<class _Tp, long unsigned int _Nm> struct std::array’
 2019 |   template<typename _Tp, size_t _Nm> struct array;
      |                                             ^~~~~
/home/codespace/.cache/node-gyp/24.11.1/include/node/v8-memory-span.h:304:55: error: expected unqualified-id before ‘,’ token
  304 | [[nodiscard]] constexpr std::array<std::remove_cv_t<T>, N> to_array_rvalue_impl(
      |                                                       ^
/home/codespace/.cache/node-gyp/24.11.1/include/node/v8-memory-span.h:311:41: error: ‘remove_cv_t’ is not a member of ‘std’; did you mean ‘remove_cv’?
  311 | [[nodiscard]] constexpr std::array<std::remove_cv_t<T>, N> to_array(T (&a)[N]) {
      |                                         ^~~~~~~~~~~
      |                                         remove_cv
/home/codespace/.cache/node-gyp/24.11.1/include/node/v8-memory-span.h:311:41: error: ‘remove_cv_t’ is not a member of ‘std’; did you mean ‘remove_cv’?
  311 | [[nodiscard]] constexpr std::array<std::remove_cv_t<T>, N> to_array(T (&a)[N]) {
      |                                         ^~~~~~~~~~~
      |                                         remove_cv
/home/codespace/.cache/node-gyp/24.11.1/include/node/v8-memory-span.h:311:54: error: wrong number of template arguments (1, should be 2)
  311 | [[nodiscard]] constexpr std::array<std::remove_cv_t<T>, N> to_array(T (&a)[N]) {
      |                                                      ^
/usr/include/c++/13/tuple:2019:45: note: provided for ‘template<class _Tp, long unsigned int _Nm> struct std::array’
 2019 |   template<typename _Tp, size_t _Nm> struct array;
      |                                             ^~~~~
/home/codespace/.cache/node-gyp/24.11.1/include/node/v8-memory-span.h:311:55: error: expected unqualified-id before ‘,’ token
  311 | [[nodiscard]] constexpr std::array<std::remove_cv_t<T>, N> to_array(T (&a)[N]) {
      |                                                       ^
/home/codespace/.cache/node-gyp/24.11.1/include/node/v8-memory-span.h:316:41: error: ‘remove_cv_t’ is not a member of ‘std’; did you mean ‘remove_cv’?
  316 | [[nodiscard]] constexpr std::array<std::remove_cv_t<T>, N> to_array(
      |                                         ^~~~~~~~~~~
      |                                         remove_cv
/home/codespace/.cache/node-gyp/24.11.1/include/node/v8-memory-span.h:316:41: error: ‘remove_cv_t’ is not a member of ‘std’; did you mean ‘remove_cv’?
  316 | [[nodiscard]] constexpr std::array<std::remove_cv_t<T>, N> to_array(
      |                                         ^~~~~~~~~~~
      |                                         remove_cv
/home/codespace/.cache/node-gyp/24.11.1/include/node/v8-memory-span.h:316:54: error: wrong number of template arguments (1, should be 2)
  316 | [[nodiscard]] constexpr std::array<std::remove_cv_t<T>, N> to_array(
      |                                                      ^
/usr/include/c++/13/tuple:2019:45: note: provided for ‘template<class _Tp, long unsigned int _Nm> struct std::array’
 2019 |   template<typename _Tp, size_t _Nm> struct array;
      |                                             ^~~~~
/home/codespace/.cache/node-gyp/24.11.1/include/node/v8-memory-span.h:316:55: error: expected unqualified-id before ‘,’ token
  316 | [[nodiscard]] constexpr std::array<std::remove_cv_t<T>, N> to_array(
      |                                                       ^
/home/codespace/.cache/node-gyp/24.11.1/include/node/cppgc/macros.h:51:1: error: ‘concept’ does not name a type
   51 | concept IsStackAllocatedType =
      | ^~~~~~~
/home/codespace/.cache/node-gyp/24.11.1/include/node/cppgc/macros.h:51:1: note: ‘concept’ only available with ‘-std=c++20’ or ‘-fconcepts’
In file included from /home/codespace/.cache/node-gyp/24.11.1/include/node/cppgc/internal/conditional-stack-allocated.h:11:
/home/codespace/.cache/node-gyp/24.11.1/include/node/cppgc/type-traits.h:38:35: error: ‘void_t’ is not a member of ‘std’
   38 | struct IsTraceMethodConst<T, std::void_t<decltype(std::declval<const T>().Trace(
      |                                   ^~~~~~
/home/codespace/.cache/node-gyp/24.11.1/include/node/cppgc/type-traits.h:38:35: note: ‘std::void_t’ is only available from C++17 onwards
/home/codespace/.cache/node-gyp/24.11.1/include/node/cppgc/type-traits.h:38:35: error: ‘void_t’ is not a member of ‘std’
/home/codespace/.cache/node-gyp/24.11.1/include/node/cppgc/type-traits.h:38:35: note: ‘std::void_t’ is only available from C++17 onwards
/home/codespace/.cache/node-gyp/24.11.1/include/node/cppgc/type-traits.h:39:60: error: template argument 2 is invalid
   39 |                                  std::declval<Visitor*>()))>> : std::true_type {
      |                                                            ^~
/home/codespace/.cache/node-gyp/24.11.1/include/node/cppgc/type-traits.h:49:13: error: ‘void_t’ is not a member of ‘std’
   49 |     T, std::void_t<decltype(std::declval<T>().Trace(std::declval<Visitor*>()))>>
      |             ^~~~~~
/home/codespace/.cache/node-gyp/24.11.1/include/node/cppgc/type-traits.h:49:13: note: ‘std::void_t’ is only available from C++17 onwards
/home/codespace/.cache/node-gyp/24.11.1/include/node/cppgc/type-traits.h:49:13: error: ‘void_t’ is not a member of ‘std’
/home/codespace/.cache/node-gyp/24.11.1/include/node/cppgc/type-traits.h:49:13: note: ‘std::void_t’ is only available from C++17 onwards
/home/codespace/.cache/node-gyp/24.11.1/include/node/cppgc/type-traits.h:49:79: error: template argument 2 is invalid
   49 |     T, std::void_t<decltype(std::declval<T>().Trace(std::declval<Visitor*>()))>>
      |                                                                               ^~
/home/codespace/.cache/node-gyp/24.11.1/include/node/cppgc/type-traits.h:59:16: warning: variable templates only available with ‘-std=c++14’ or ‘-std=gnu++14’ [-Wc++14-extensions]
   59 | constexpr bool IsTraceableV = IsTraceable<T>::value;
      |                ^~~~~~~~~~~~
/home/codespace/.cache/node-gyp/24.11.1/include/node/cppgc/type-traits.h:68:13: error: ‘void_t’ is not a member of ‘std’
   68 |     T, std::void_t<
      |             ^~~~~~
/home/codespace/.cache/node-gyp/24.11.1/include/node/cppgc/type-traits.h:68:13: note: ‘std::void_t’ is only available from C++17 onwards
/home/codespace/.cache/node-gyp/24.11.1/include/node/cppgc/type-traits.h:68:13: error: ‘void_t’ is not a member of ‘std’
/home/codespace/.cache/node-gyp/24.11.1/include/node/cppgc/type-traits.h:68:13: note: ‘std::void_t’ is only available from C++17 onwards
/home/codespace/.cache/node-gyp/24.11.1/include/node/cppgc/type-traits.h:69:26: error: ‘remove_const_t’ in namespace ‘std’ does not name a template type; did you mean ‘remove_const’?
   69 |            typename std::remove_const_t<T>::IsGarbageCollectedMixinTypeMarker>>
      |                          ^~~~~~~~~~~~~~
      |                          remove_const
/home/codespace/.cache/node-gyp/24.11.1/include/node/cppgc/type-traits.h:69:40: error: expected ‘(’ before ‘<’ token
   69 |            typename std::remove_const_t<T>::IsGarbageCollectedMixinTypeMarker>>
      |                                        ^
      |                                        (
/home/codespace/.cache/node-gyp/24.11.1/include/node/cppgc/type-traits.h:69:42: error: expected primary-expression before ‘>’ token
   69 |            typename std::remove_const_t<T>::IsGarbageCollectedMixinTypeMarker>>
      |                                          ^
/home/codespace/.cache/node-gyp/24.11.1/include/node/cppgc/type-traits.h:69:42: error: template argument 2 is invalid
/home/codespace/.cache/node-gyp/24.11.1/include/node/cppgc/type-traits.h:69:78: error: expected unqualified-id before ‘>>’ token
   69 |            typename std::remove_const_t<T>::IsGarbageCollectedMixinTypeMarker>>
      |                                                                              ^~
/home/codespace/.cache/node-gyp/24.11.1/include/node/cppgc/type-traits.h:82:10: error: ‘void_t’ is not a member of ‘std’
   82 |     std::void_t<typename std::remove_const_t<T>::IsGarbageCollectedTypeMarker>>
      |          ^~~~~~
/home/codespace/.cache/node-gyp/24.11.1/include/node/cppgc/type-traits.h:82:10: note: ‘std::void_t’ is only available from C++17 onwards
/home/codespace/.cache/node-gyp/24.11.1/include/node/cppgc/type-traits.h:82:10: error: ‘void_t’ is not a member of ‘std’
/home/codespace/.cache/node-gyp/24.11.1/include/node/cppgc/type-traits.h:82:10: note: ‘std::void_t’ is only available from C++17 onwards
/home/codespace/.cache/node-gyp/24.11.1/include/node/cppgc/type-traits.h:82:31: error: ‘remove_const_t’ in namespace ‘std’ does not name a template type; did you mean ‘remove_const’?
   82 |     std::void_t<typename std::remove_const_t<T>::IsGarbageCollectedTypeMarker>>
      |                               ^~~~~~~~~~~~~~
      |                               remove_const
/home/codespace/.cache/node-gyp/24.11.1/include/node/cppgc/type-traits.h:82:45: error: expected ‘(’ before ‘<’ token
   82 |     std::void_t<typename std::remove_const_t<T>::IsGarbageCollectedTypeMarker>>
      |                                             ^
      |                                             (
/home/codespace/.cache/node-gyp/24.11.1/include/node/cppgc/type-traits.h:82:47: error: expected primary-expression before ‘>’ token
   82 |     std::void_t<typename std::remove_const_t<T>::IsGarbageCollectedTypeMarker>>
      |                                               ^
/home/codespace/.cache/node-gyp/24.11.1/include/node/cppgc/type-traits.h:82:47: error: template argument 2 is invalid
/home/codespace/.cache/node-gyp/24.11.1/include/node/cppgc/type-traits.h:82:78: error: expected unqualified-id before ‘>>’ token
   82 |     std::void_t<typename std::remove_const_t<T>::IsGarbageCollectedTypeMarker>>
      |                                                                              ^~
/home/codespace/.cache/node-gyp/24.11.1/include/node/cppgc/type-traits.h:138:25: error: ‘decay_t’ is not a member of ‘std’; did you mean ‘decay’?
  138 |       std::declval<std::decay_t<BasicMemberCandidate>*>()))::value;
      |                         ^~~~~~~
      |                         decay
/home/codespace/.cache/node-gyp/24.11.1/include/node/cppgc/type-traits.h:138:25: error: ‘decay_t’ is not a member of ‘std’; did you mean ‘decay’?
  138 |       std::declval<std::decay_t<BasicMemberCandidate>*>()))::value;
      |                         ^~~~~~~
      |                         decay
/home/codespace/.cache/node-gyp/24.11.1/include/node/cppgc/type-traits.h:138:12: error: parse error in template argument list
  138 |       std::declval<std::decay_t<BasicMemberCandidate>*>()))::value;
      |            ^~~~~~~~~~~~~~~~~~~~~~~~~~~~~~~~~~~~~~~~~~
/home/codespace/.cache/node-gyp/24.11.1/include/node/cppgc/type-traits.h:138:55: error: expected primary-expression before ‘>’ token
  138 |       std::declval<std::decay_t<BasicMemberCandidate>*>()))::value;
      |                                                       ^
/home/codespace/.cache/node-gyp/24.11.1/include/node/cppgc/type-traits.h:138:57: error: expected primary-expression before ‘)’ token
  138 |       std::declval<std::decay_t<BasicMemberCandidate>*>()))::value;
      |                                                         ^
/home/codespace/.cache/node-gyp/24.11.1/include/node/cppgc/type-traits.h:177:10: error: ‘is_same_v’ is not a member of ‘std’; did you mean ‘is_same’?
  177 |     std::is_same_v<std::decay_t<T>, std::decay_t<U>>;
      |          ^~~~~~~~~
      |          is_same
/home/codespace/.cache/node-gyp/24.11.1/include/node/cppgc/type-traits.h:177:25: error: ‘decay_t’ is not a member of ‘std’; did you mean ‘decay’?
  177 |     std::is_same_v<std::decay_t<T>, std::decay_t<U>>;
      |                         ^~~~~~~
      |                         decay
/home/codespace/.cache/node-gyp/24.11.1/include/node/cppgc/type-traits.h:177:34: error: expected primary-expression before ‘>’ token
  177 |     std::is_same_v<std::decay_t<T>, std::decay_t<U>>;
      |                                  ^
/home/codespace/.cache/node-gyp/24.11.1/include/node/cppgc/type-traits.h:177:35: error: expected primary-expression before ‘,’ token
  177 |     std::is_same_v<std::decay_t<T>, std::decay_t<U>>;
      |                                   ^
/home/codespace/.cache/node-gyp/24.11.1/include/node/cppgc/type-traits.h:176:16: warning: variable templates only available with ‘-std=c++14’ or ‘-std=gnu++14’ [-Wc++14-extensions]
  176 | constexpr bool IsDecayedSameV =
      |                ^~~~~~~~~~~~~~
/home/codespace/.cache/node-gyp/24.11.1/include/node/cppgc/type-traits.h:181:10: error: ‘is_base_of_v’ is not a member of ‘std’; did you mean ‘is_base_of’?
  181 |     std::is_base_of_v<std::decay_t<B>, std::decay_t<D>> &&
      |          ^~~~~~~~~~~~
      |          is_base_of
/home/codespace/.cache/node-gyp/24.11.1/include/node/cppgc/type-traits.h:181:28: error: ‘decay_t’ is not a member of ‘std’; did you mean ‘decay’?
  181 |     std::is_base_of_v<std::decay_t<B>, std::decay_t<D>> &&
      |                            ^~~~~~~
      |                            decay
/home/codespace/.cache/node-gyp/24.11.1/include/node/cppgc/type-traits.h:181:37: error: expected primary-expression before ‘>’ token
  181 |     std::is_base_of_v<std::decay_t<B>, std::decay_t<D>> &&
      |                                     ^
/home/codespace/.cache/node-gyp/24.11.1/include/node/cppgc/type-traits.h:181:38: error: expected primary-expression before ‘,’ token
  181 |     std::is_base_of_v<std::decay_t<B>, std::decay_t<D>> &&
      |                                      ^
/home/codespace/.cache/node-gyp/24.11.1/include/node/cppgc/type-traits.h:180:16: warning: variable templates only available with ‘-std=c++14’ or ‘-std=gnu++14’ [-Wc++14-extensions]
  180 | constexpr bool IsStrictlyBaseOfV =
      |                ^~~~~~~~~~~~~~~~~
/home/codespace/.cache/node-gyp/24.11.1/include/node/cppgc/type-traits.h:185:16: warning: variable templates only available with ‘-std=c++14’ or ‘-std=gnu++14’ [-Wc++14-extensions]
  185 | constexpr bool IsAnyMemberTypeV = false;
      |                ^~~~~~~~~~~~~~~~
/home/codespace/.cache/node-gyp/24.11.1/include/node/cppgc/type-traits.h:189:16: warning: variable templates only available with ‘-std=c++14’ or ‘-std=gnu++14’ [-Wc++14-extensions]
  189 | constexpr bool IsAnyMemberTypeV<internal::BasicMember<
      |                ^~~~~~~~~~~~~~~~~~~~~~~~~~~~~~~~~~~~~~~
  190 |     T, WeaknessTag, WriteBarrierPolicy, CheckingPolicy, StorageType>> = true;
      |     ~~~~~~~~~~~~~~~~~~~~~~~~~~~~~~~~~~~~~~~~~~~~~~~~~~~~~~~~~~~~~~~~~
/home/codespace/.cache/node-gyp/24.11.1/include/node/cppgc/type-traits.h:199:16: warning: variable templates only available with ‘-std=c++14’ or ‘-std=gnu++14’ [-Wc++14-extensions]
  199 | constexpr bool IsGarbageCollectedMixinTypeV =
      |                ^~~~~~~~~~~~~~~~~~~~~~~~~~~~
/home/codespace/.cache/node-gyp/24.11.1/include/node/cppgc/type-traits.h:207:16: warning: variable templates only available with ‘-std=c++14’ or ‘-std=gnu++14’ [-Wc++14-extensions]
  207 | constexpr bool IsGarbageCollectedTypeV =
      |                ^~~~~~~~~~~~~~~~~~~~~~~
/home/codespace/.cache/node-gyp/24.11.1/include/node/cppgc/type-traits.h:215:16: warning: variable templates only available with ‘-std=c++14’ or ‘-std=gnu++14’ [-Wc++14-extensions]
  215 | constexpr bool IsGarbageCollectedOrMixinTypeV =
      |                ^~~~~~~~~~~~~~~~~~~~~~~~~~~~~~
/home/codespace/.cache/node-gyp/24.11.1/include/node/cppgc/type-traits.h:223:16: warning: variable templates only available with ‘-std=c++14’ or ‘-std=gnu++14’ [-Wc++14-extensions]
  223 | constexpr bool IsGarbageCollectedWithMixinTypeV =
      |                ^~~~~~~~~~~~~~~~~~~~~~~~~~~~~~~~
/home/codespace/.cache/node-gyp/24.11.1/include/node/cppgc/type-traits.h:230:16: warning: variable templates only available with ‘-std=c++14’ or ‘-std=gnu++14’ [-Wc++14-extensions]
  230 | constexpr bool IsMemberTypeV = internal::IsMemberType<T>::value;
      |                ^~~~~~~~~~~~~
/home/codespace/.cache/node-gyp/24.11.1/include/node/cppgc/type-traits.h:236:16: warning: variable templates only available with ‘-std=c++14’ or ‘-std=gnu++14’ [-Wc++14-extensions]
  236 | constexpr bool IsUntracedMemberTypeV = internal::IsUntracedMemberType<T>::value;
      |                ^~~~~~~~~~~~~~~~~~~~~
/home/codespace/.cache/node-gyp/24.11.1/include/node/cppgc/type-traits.h:242:16: warning: variable templates only available with ‘-std=c++14’ or ‘-std=gnu++14’ [-Wc++14-extensions]
  242 | constexpr bool IsWeakMemberTypeV = internal::IsWeakMemberType<T>::value;
      |                ^~~~~~~~~~~~~~~~~
/home/codespace/.cache/node-gyp/24.11.1/include/node/cppgc/type-traits.h:249:16: warning: variable templates only available with ‘-std=c++14’ or ‘-std=gnu++14’ [-Wc++14-extensions]
  249 | constexpr bool IsWeakV = internal::IsWeak<T>::value;
      |                ^~~~~~~
/home/codespace/.cache/node-gyp/24.11.1/include/node/cppgc/type-traits.h:255:16: warning: variable templates only available with ‘-std=c++14’ or ‘-std=gnu++14’ [-Wc++14-extensions]
  255 | constexpr bool IsCompleteV = internal::IsComplete<T>::value;
      |                ^~~~~~~~~~~
/home/codespace/.cache/node-gyp/24.11.1/include/node/cppgc/type-traits.h:261:16: warning: variable templates only available with ‘-std=c++14’ or ‘-std=gnu++14’ [-Wc++14-extensions]
  261 | constexpr bool IsMemberOrWeakMemberTypeV =
      |                ^~~~~~~~~~~~~~~~~~~~~~~~~
/home/codespace/.cache/node-gyp/24.11.1/include/node/cppgc/type-traits.h:268:67: error: ‘decay_t’ is not a member of ‘std’; did you mean ‘decay’?
  268 | constexpr bool IsAnyMemberTypeV = internal::IsAnyMemberTypeV<std::decay_t<T>>;
      |                                                                   ^~~~~~~
      |                                                                   decay
/home/codespace/.cache/node-gyp/24.11.1/include/node/cppgc/type-traits.h:268:67: error: ‘decay_t’ is not a member of ‘std’; did you mean ‘decay’?
  268 | constexpr bool IsAnyMemberTypeV = internal::IsAnyMemberTypeV<std::decay_t<T>>;
      |                                                                   ^~~~~~~
      |                                                                   decay
/home/codespace/.cache/node-gyp/24.11.1/include/node/cppgc/type-traits.h:268:45: error: parse error in template argument list
  268 | constexpr bool IsAnyMemberTypeV = internal::IsAnyMemberTypeV<std::decay_t<T>>;
      |                                             ^~~~~~~~~~~~~~~~~~~~~~~~~~~~~~~
/home/codespace/.cache/node-gyp/24.11.1/include/node/cppgc/type-traits.h:268:78: error: expected primary-expression before ‘;’ token
  268 | constexpr bool IsAnyMemberTypeV = internal::IsAnyMemberTypeV<std::decay_t<T>>;
      |                                                                              ^
/home/codespace/.cache/node-gyp/24.11.1/include/node/cppgc/type-traits.h:268:16: warning: variable templates only available with ‘-std=c++14’ or ‘-std=gnu++14’ [-Wc++14-extensions]
  268 | constexpr bool IsAnyMemberTypeV = internal::IsAnyMemberTypeV<std::decay_t<T>>;
      |                ^~~~~~~~~~~~~~~~
/home/codespace/.cache/node-gyp/24.11.1/include/node/cppgc/internal/conditional-stack-allocated.h:22:1: error: ‘concept’ does not name a type
   22 | concept RequiresStackAllocated =
      | ^~~~~~~
/home/codespace/.cache/node-gyp/24.11.1/include/node/cppgc/internal/conditional-stack-allocated.h:22:1: note: ‘concept’ only available with ‘-std=c++20’ or ‘-fconcepts’
/home/codespace/.cache/node-gyp/24.11.1/include/node/cppgc/internal/conditional-stack-allocated.h:28:11: error: expected constructor, destructor, or type conversion before ‘(’ token
   28 |   requires(RequiresStackAllocated<T>)
      |           ^
/home/codespace/.cache/node-gyp/24.11.1/include/node/cppgc/internal/conditional-stack-allocated.h:35:11: error: expected constructor, destructor, or type conversion before ‘(’ token
   35 |   requires(!RequiresStackAllocated<T>)
      |           ^
/home/codespace/.cache/node-gyp/24.11.1/include/node/v8-maybe.h:107:27: error: ‘std::enable_if_t’ has not been declared
  107 |   template <class U, std::enable_if_t<!std::is_lvalue_reference_v<U>>*>
      |                           ^~~~~~~~~~~
/home/codespace/.cache/node-gyp/24.11.1/include/node/v8-maybe.h:107:38: error: expected ‘>’ before ‘<’ token
  107 |   template <class U, std::enable_if_t<!std::is_lvalue_reference_v<U>>*>
      |                                      ^
/home/codespace/.cache/node-gyp/24.11.1/include/node/v8-maybe.h:124:25: error: ‘std::enable_if_t’ has not been declared
  124 | template <class T, std::enable_if_t<!std::is_lvalue_reference_v<T>>* = nullptr>
      |                         ^~~~~~~~~~~
/home/codespace/.cache/node-gyp/24.11.1/include/node/v8-maybe.h:124:36: error: expected ‘>’ before ‘<’ token
  124 | template <class T, std::enable_if_t<!std::is_lvalue_reference_v<T>>* = nullptr>
      |                                    ^
In file included from /home/codespace/.cache/node-gyp/24.11.1/include/node/v8-object.h:11:
/home/codespace/.cache/node-gyp/24.11.1/include/node/v8-persistent-handle.h:53:19: error: ‘std::is_base_of_v’ has not been declared
   53 |     requires(std::is_base_of_v<T, S>)
      |                   ^~~~~~~~~~~~
/home/codespace/.cache/node-gyp/24.11.1/include/node/v8-persistent-handle.h:53:31: error: expected ‘,’ or ‘...’ before ‘<’ token
   53 |     requires(std::is_base_of_v<T, S>)
      |                               ^
/home/codespace/.cache/node-gyp/24.11.1/include/node/v8config.h:496:20: error: expected constructor, destructor, or type conversion before ‘inline’
  496 | # define V8_INLINE inline __attribute__((always_inline))
      |                    ^~~~~~
/home/codespace/.cache/node-gyp/24.11.1/include/node/v8-persistent-handle.h:54:3: note: in expansion of macro ‘V8_INLINE’
   54 |   V8_INLINE Eternal(Isolate* isolate, Local<S> handle) {
      |   ^~~~~~~~~
/home/codespace/.cache/node-gyp/24.11.1/include/node/v8-persistent-handle.h:66:19: error: ‘std::is_base_of_v’ has not been declared
   66 |     requires(std::is_base_of_v<T, S>)
      |                   ^~~~~~~~~~~~
/home/codespace/.cache/node-gyp/24.11.1/include/node/v8-persistent-handle.h:66:31: error: expected ‘,’ or ‘...’ before ‘<’ token
   66 |     requires(std::is_base_of_v<T, S>)
      |                               ^
/home/codespace/.cache/node-gyp/24.11.1/include/node/v8-persistent-handle.h:67:3: error: expected constructor, destructor, or type conversion before ‘void’
   67 |   void Set(Isolate* isolate, Local<S> handle) {
      |   ^~~~
In file included from /home/codespace/.cache/node-gyp/24.11.1/include/node/v8-persistent-handle.h:10:
/home/codespace/.cache/node-gyp/24.11.1/include/node/v8-weak-callback-info.h: In instantiation of ‘class v8::WeakCallbackInfo<void>’:
/home/codespace/.cache/node-gyp/24.11.1/include/node/v8-persistent-handle.h:75:47:   required from here
/home/codespace/.cache/node-gyp/24.11.1/include/node/v8-weak-callback-info.h:25:7: error: invalid use of incomplete type ‘class cppgc::internal::ConditionalStackAllocatedBase<void>’
   25 | class WeakCallbackInfo
      |       ^~~~~~~~~~~~~~~~
/home/codespace/.cache/node-gyp/24.11.1/include/node/cppgc/internal/conditional-stack-allocated.h:19:7: note: declaration of ‘class cppgc::internal::ConditionalStackAllocatedBase<void>’
   19 | class ConditionalStackAllocatedBase;
      |       ^~~~~~~~~~~~~~~~~~~~~~~~~~~~~
/home/codespace/.cache/node-gyp/24.11.1/include/node/v8-persistent-handle.h:263:19: error: ‘std::is_base_of_v’ has not been declared
  263 |     requires(std::is_base_of_v<T, S>)
      |                   ^~~~~~~~~~~~
/home/codespace/.cache/node-gyp/24.11.1/include/node/v8-persistent-handle.h:263:31: error: expected ‘,’ or ‘...’ before ‘<’ token
  263 |     requires(std::is_base_of_v<T, S>)
      |                               ^
/home/codespace/.cache/node-gyp/24.11.1/include/node/v8config.h:496:20: error: expected constructor, destructor, or type conversion before ‘inline’
  496 | # define V8_INLINE inline __attribute__((always_inline))
      |                    ^~~~~~
/home/codespace/.cache/node-gyp/24.11.1/include/node/v8-persistent-handle.h:264:3: note: in expansion of macro ‘V8_INLINE’
  264 |   V8_INLINE Persistent(Isolate* isolate, Local<S> that)
      |   ^~~~~~~~~
/home/codespace/.cache/node-gyp/24.11.1/include/node/v8-persistent-handle.h:274:19: error: ‘std::is_base_of_v’ has not been declared
  274 |     requires(std::is_base_of_v<T, S>)
      |                   ^~~~~~~~~~~~
/home/codespace/.cache/node-gyp/24.11.1/include/node/v8-persistent-handle.h:274:31: error: expected ‘,’ or ‘...’ before ‘<’ token
  274 |     requires(std::is_base_of_v<T, S>)
      |                               ^
/home/codespace/.cache/node-gyp/24.11.1/include/node/v8config.h:496:20: error: expected constructor, destructor, or type conversion before ‘inline’
  496 | # define V8_INLINE inline __attribute__((always_inline))
      |                    ^~~~~~
/home/codespace/.cache/node-gyp/24.11.1/include/node/v8-persistent-handle.h:275:3: note: in expansion of macro ‘V8_INLINE’
  275 |   V8_INLINE Persistent(Isolate* isolate, const Persistent<S, M2>& that)
      |   ^~~~~~~~~
/home/codespace/.cache/node-gyp/24.11.1/include/node/v8-persistent-handle.h:362:19: error: ‘std::is_base_of_v’ has not been declared
  362 |     requires(std::is_base_of_v<T, S>)
      |                   ^~~~~~~~~~~~
/home/codespace/.cache/node-gyp/24.11.1/include/node/v8-persistent-handle.h:362:31: error: expected ‘,’ or ‘...’ before ‘<’ token
  362 |     requires(std::is_base_of_v<T, S>)
      |                               ^
/home/codespace/.cache/node-gyp/24.11.1/include/node/v8config.h:496:20: error: expected constructor, destructor, or type conversion before ‘inline’
  496 | # define V8_INLINE inline __attribute__((always_inline))
      |                    ^~~~~~
/home/codespace/.cache/node-gyp/24.11.1/include/node/v8-persistent-handle.h:363:3: note: in expansion of macro ‘V8_INLINE’
  363 |   V8_INLINE Global(Isolate* isolate, Local<S> that)
      |   ^~~~~~~~~
/home/codespace/.cache/node-gyp/24.11.1/include/node/v8-persistent-handle.h:373:19: error: ‘std::is_base_of_v’ has not been declared
  373 |     requires(std::is_base_of_v<T, S>)
      |                   ^~~~~~~~~~~~
/home/codespace/.cache/node-gyp/24.11.1/include/node/v8-persistent-handle.h:373:31: error: expected ‘,’ or ‘...’ before ‘<’ token
  373 |     requires(std::is_base_of_v<T, S>)
      |                               ^
/home/codespace/.cache/node-gyp/24.11.1/include/node/v8config.h:496:20: error: expected constructor, destructor, or type conversion before ‘inline’
  496 | # define V8_INLINE inline __attribute__((always_inline))
      |                    ^~~~~~
/home/codespace/.cache/node-gyp/24.11.1/include/node/v8-persistent-handle.h:374:3: note: in expansion of macro ‘V8_INLINE’
  374 |   V8_INLINE Global(Isolate* isolate, const PersistentBase<S>& that)
      |   ^~~~~~~~~
In file included from /home/codespace/.cache/node-gyp/24.11.1/include/node/v8-object.h:12:
/home/codespace/.cache/node-gyp/24.11.1/include/node/v8-primitive.h: In member function ‘v8::String::ExternalStringResource* v8::String::GetExternalStringResource() const’:
/home/codespace/.cache/node-gyp/24.11.1/include/node/v8-primitive.h:998:80: error: no matching function for call to ‘v8::internal::Internals::ReadExternalPointerField<v8::internal::kExternalStringResourceTag>(v8::Isolate*&, A&, const int&) const’
  998 |     A value = I::ReadExternalPointerField<internal::kExternalStringResourceTag>(
      |               ~~~~~~~~~~~~~~~~~~~~~~~~~~~~~~~~~~~~~~~~~~~~~~~~~~~~~~~~~~~~~~~~~^
  999 |         isolate, obj, I::kStringResourceOffset);
      |         ~~~~~~~~~~~~~~~~~~~~~~~~~~~~~~~~~~~~~~~                                 
/home/codespace/.cache/node-gyp/24.11.1/include/node/v8-internal.h:1257:28: note: candidate: ‘template<<typeprefixerror>tag_range> static v8::internal::Address v8::internal::Internals::ReadExternalPointerField(v8::Isolate*, v8::internal::Address, int)’
 1257 |   V8_INLINE static Address ReadExternalPointerField(v8::Isolate* isolate,
      |                            ^~~~~~~~~~~~~~~~~~~~~~~~
/home/codespace/.cache/node-gyp/24.11.1/include/node/v8-internal.h:1257:28: note:   template argument deduction/substitution failed:
/home/codespace/.cache/node-gyp/24.11.1/include/node/v8-primitive.h:998:80: note: invalid template non-type parameter
  998 |     A value = I::ReadExternalPointerField<internal::kExternalStringResourceTag>(
      |               ~~~~~~~~~~~~~~~~~~~~~~~~~~~~~~~~~~~~~~~~~~~~~~~~~~~~~~~~~~~~~~~~~^
  999 |         isolate, obj, I::kStringResourceOffset);
      |         ~~~~~~~~~~~~~~~~~~~~~~~~~~~~~~~~~~~~~~~                                 
/home/codespace/.cache/node-gyp/24.11.1/include/node/v8-primitive.h: In member function ‘v8::String::ExternalStringResourceBase* v8::String::GetExternalStringResourceBase(v8::Isolate*, Encoding*) const’:
/home/codespace/.cache/node-gyp/24.11.1/include/node/v8-primitive.h:1020:80: error: no matching function for call to ‘v8::internal::Internals::ReadExternalPointerField<v8::internal::kExternalStringResourceTag>(v8::Isolate*&, A&, const int&) const’
 1020 |     A value = I::ReadExternalPointerField<internal::kExternalStringResourceTag>(
      |               ~~~~~~~~~~~~~~~~~~~~~~~~~~~~~~~~~~~~~~~~~~~~~~~~~~~~~~~~~~~~~~~~~^
 1021 |         isolate, obj, I::kStringResourceOffset);
      |         ~~~~~~~~~~~~~~~~~~~~~~~~~~~~~~~~~~~~~~~                                 
/home/codespace/.cache/node-gyp/24.11.1/include/node/v8-internal.h:1257:28: note: candidate: ‘template<<typeprefixerror>tag_range> static v8::internal::Address v8::internal::Internals::ReadExternalPointerField(v8::Isolate*, v8::internal::Address, int)’
 1257 |   V8_INLINE static Address ReadExternalPointerField(v8::Isolate* isolate,
      |                            ^~~~~~~~~~~~~~~~~~~~~~~~
/home/codespace/.cache/node-gyp/24.11.1/include/node/v8-internal.h:1257:28: note:   template argument deduction/substitution failed:
/home/codespace/.cache/node-gyp/24.11.1/include/node/v8-primitive.h:1020:80: note: invalid template non-type parameter
 1020 |     A value = I::ReadExternalPointerField<internal::kExternalStringResourceTag>(
      |               ~~~~~~~~~~~~~~~~~~~~~~~~~~~~~~~~~~~~~~~~~~~~~~~~~~~~~~~~~~~~~~~~~^
 1021 |         isolate, obj, I::kStringResourceOffset);
      |         ~~~~~~~~~~~~~~~~~~~~~~~~~~~~~~~~~~~~~~~                                 
/home/codespace/.cache/node-gyp/24.11.1/include/node/v8-primitive.h: In member function ‘v8::String::ExternalStringResourceBase* v8::String::GetExternalStringResourceBase(Encoding*) const’:
/home/codespace/.cache/node-gyp/24.11.1/include/node/v8-primitive.h:1043:80: error: no matching function for call to ‘v8::internal::Internals::ReadExternalPointerField<v8::internal::kExternalStringResourceTag>(v8::Isolate*&, A&, const int&) const’
 1043 |     A value = I::ReadExternalPointerField<internal::kExternalStringResourceTag>(
      |               ~~~~~~~~~~~~~~~~~~~~~~~~~~~~~~~~~~~~~~~~~~~~~~~~~~~~~~~~~~~~~~~~~^
 1044 |         isolate, obj, I::kStringResourceOffset);
      |         ~~~~~~~~~~~~~~~~~~~~~~~~~~~~~~~~~~~~~~~                                 
/home/codespace/.cache/node-gyp/24.11.1/include/node/v8-internal.h:1257:28: note: candidate: ‘template<<typeprefixerror>tag_range> static v8::internal::Address v8::internal::Internals::ReadExternalPointerField(v8::Isolate*, v8::internal::Address, int)’
 1257 |   V8_INLINE static Address ReadExternalPointerField(v8::Isolate* isolate,
      |                            ^~~~~~~~~~~~~~~~~~~~~~~~
/home/codespace/.cache/node-gyp/24.11.1/include/node/v8-internal.h:1257:28: note:   template argument deduction/substitution failed:
/home/codespace/.cache/node-gyp/24.11.1/include/node/v8-primitive.h:1043:80: note: invalid template non-type parameter
 1043 |     A value = I::ReadExternalPointerField<internal::kExternalStringResourceTag>(
      |               ~~~~~~~~~~~~~~~~~~~~~~~~~~~~~~~~~~~~~~~~~~~~~~~~~~~~~~~~~~~~~~~~~^
 1044 |         isolate, obj, I::kStringResourceOffset);
      |         ~~~~~~~~~~~~~~~~~~~~~~~~~~~~~~~~~~~~~~~                                 
/home/codespace/.cache/node-gyp/24.11.1/include/node/v8-object.h: In member function ‘void* v8::Object::GetAlignedPointerFromInternalField(v8::Isolate*, int)’:
/home/codespace/.cache/node-gyp/24.11.1/include/node/v8-object.h:896:75: error: no matching function for call to ‘v8::internal::Internals::ReadExternalPointerField<v8::internal::kEmbedderDataSlotPayloadTag>(v8::Isolate*&, A&, int&)’
  896 |         I::ReadExternalPointerField<internal::kEmbedderDataSlotPayloadTag>(
      |         ~~~~~~~~~~~~~~~~~~~~~~~~~~~~~~~~~~~~~~~~~~~~~~~~~~~~~~~~~~~~~~~~~~^
  897 |             isolate, obj, offset);
      |             ~~~~~~~~~~~~~~~~~~~~~                                          
/home/codespace/.cache/node-gyp/24.11.1/include/node/v8-internal.h:1257:28: note: candidate: ‘template<<typeprefixerror>tag_range> static v8::internal::Address v8::internal::Internals::ReadExternalPointerField(v8::Isolate*, v8::internal::Address, int)’
 1257 |   V8_INLINE static Address ReadExternalPointerField(v8::Isolate* isolate,
      |                            ^~~~~~~~~~~~~~~~~~~~~~~~
/home/codespace/.cache/node-gyp/24.11.1/include/node/v8-internal.h:1257:28: note:   template argument deduction/substitution failed:
/home/codespace/.cache/node-gyp/24.11.1/include/node/v8-object.h:896:75: note: invalid template non-type parameter
  896 |         I::ReadExternalPointerField<internal::kEmbedderDataSlotPayloadTag>(
      |         ~~~~~~~~~~~~~~~~~~~~~~~~~~~~~~~~~~~~~~~~~~~~~~~~~~~~~~~~~~~~~~~~~~^
  897 |             isolate, obj, offset);
      |             ~~~~~~~~~~~~~~~~~~~~~                                          
/home/codespace/.cache/node-gyp/24.11.1/include/node/v8-object.h: In member function ‘void* v8::Object::GetAlignedPointerFromInternalField(int)’:
/home/codespace/.cache/node-gyp/24.11.1/include/node/v8-object.h:918:75: error: no matching function for call to ‘v8::internal::Internals::ReadExternalPointerField<v8::internal::kEmbedderDataSlotPayloadTag>(v8::Isolate*&, A&, int&)’
  918 |         I::ReadExternalPointerField<internal::kEmbedderDataSlotPayloadTag>(
      |         ~~~~~~~~~~~~~~~~~~~~~~~~~~~~~~~~~~~~~~~~~~~~~~~~~~~~~~~~~~~~~~~~~~^
  919 |             isolate, obj, offset);
      |             ~~~~~~~~~~~~~~~~~~~~~                                          
/home/codespace/.cache/node-gyp/24.11.1/include/node/v8-internal.h:1257:28: note: candidate: ‘template<<typeprefixerror>tag_range> static v8::internal::Address v8::internal::Internals::ReadExternalPointerField(v8::Isolate*, v8::internal::Address, int)’
 1257 |   V8_INLINE static Address ReadExternalPointerField(v8::Isolate* isolate,
      |                            ^~~~~~~~~~~~~~~~~~~~~~~~
/home/codespace/.cache/node-gyp/24.11.1/include/node/v8-internal.h:1257:28: note:   template argument deduction/substitution failed:
/home/codespace/.cache/node-gyp/24.11.1/include/node/v8-object.h:918:75: note: invalid template non-type parameter
  918 |         I::ReadExternalPointerField<internal::kEmbedderDataSlotPayloadTag>(
      |         ~~~~~~~~~~~~~~~~~~~~~~~~~~~~~~~~~~~~~~~~~~~~~~~~~~~~~~~~~~~~~~~~~~^
  919 |             isolate, obj, offset);
      |             ~~~~~~~~~~~~~~~~~~~~~                                          
In file included from /home/codespace/.cache/node-gyp/24.11.1/include/node/v8-isolate.h:22,
                 from /home/codespace/.cache/node-gyp/24.11.1/include/node/v8-snapshot.h:9,
                 from /home/codespace/.cache/node-gyp/24.11.1/include/node/v8-context.h:15,
                 from /home/codespace/.cache/node-gyp/24.11.1/include/node/v8.h:26:
/home/codespace/.cache/node-gyp/24.11.1/include/node/v8-function-callback.h: In member function ‘void v8::ReturnValue<F>::Set(v8::Local<S>)’:
/home/codespace/.cache/node-gyp/24.11.1/include/node/v8-function-callback.h:395:13: warning: ‘if constexpr’ only available with ‘-std=c++17’ or ‘-std=gnu++17’ [-Wc++17-extensions]
  395 |   } else if constexpr (is_allowed_void) {
      |             ^~~~~~~~~
/home/codespace/.cache/node-gyp/24.11.1/include/node/v8-function-callback.h: In member function ‘void v8::ReturnValue<F>::SetNonEmpty(v8::Local<S>)’:
/home/codespace/.cache/node-gyp/24.11.1/include/node/v8-function-callback.h:423:6: warning: ‘if constexpr’ only available with ‘-std=c++17’ or ‘-std=gnu++17’ [-Wc++17-extensions]
  423 |   if constexpr (is_allowed_void) {
      |      ^~~~~~~~~
/home/codespace/.cache/node-gyp/24.11.1/include/node/v8-function-callback.h: In member function ‘void v8::ReturnValue<F>::Set(int16_t)’:
/home/codespace/.cache/node-gyp/24.11.1/include/node/v8-function-callback.h:442:30: error: no matching function for call to ‘v8::internal::Internals::IsValidSmi(short int)’
  442 |   static_assert(I::IsValidSmi(std::numeric_limits<int16_t>::min()));
      |                 ~~~~~~~~~~~~~^~~~~~~~~~~~~~~~~~~~~~~~~~~~~~~~~~~~~
/home/codespace/.cache/node-gyp/24.11.1/include/node/v8-internal.h:1059:35: note: candidate: ‘template<class T, <typeprefixerror><anonymous> > static constexpr bool v8::internal::Internals::IsValidSmi(T)’
 1059 |   V8_INLINE static constexpr bool IsValidSmi(T value) {
      |                                   ^~~~~~~~~~
/home/codespace/.cache/node-gyp/24.11.1/include/node/v8-internal.h:1059:35: note:   template argument deduction/substitution failed:
/home/codespace/.cache/node-gyp/24.11.1/include/node/v8-function-callback.h:442:30: note:   couldn’t deduce template parameter ‘<anonymous>’
  442 |   static_assert(I::IsValidSmi(std::numeric_limits<int16_t>::min()));
      |                 ~~~~~~~~~~~~~^~~~~~~~~~~~~~~~~~~~~~~~~~~~~~~~~~~~~
/home/codespace/.cache/node-gyp/24.11.1/include/node/v8-function-callback.h:443:30: error: no matching function for call to ‘v8::internal::Internals::IsValidSmi(short int)’
  443 |   static_assert(I::IsValidSmi(std::numeric_limits<int16_t>::max()));
      |                 ~~~~~~~~~~~~~^~~~~~~~~~~~~~~~~~~~~~~~~~~~~~~~~~~~~
/home/codespace/.cache/node-gyp/24.11.1/include/node/v8-internal.h:1059:35: note: candidate: ‘template<class T, <typeprefixerror><anonymous> > static constexpr bool v8::internal::Internals::IsValidSmi(T)’
 1059 |   V8_INLINE static constexpr bool IsValidSmi(T value) {
      |                                   ^~~~~~~~~~
/home/codespace/.cache/node-gyp/24.11.1/include/node/v8-internal.h:1059:35: note:   template argument deduction/substitution failed:
/home/codespace/.cache/node-gyp/24.11.1/include/node/v8-function-callback.h:443:30: note:   couldn’t deduce template parameter ‘<anonymous>’
  443 |   static_assert(I::IsValidSmi(std::numeric_limits<int16_t>::max()));
      |                 ~~~~~~~~~~~~~^~~~~~~~~~~~~~~~~~~~~~~~~~~~~~~~~~~~~
/home/codespace/.cache/node-gyp/24.11.1/include/node/v8-function-callback.h:444:31: error: no matching function for call to ‘v8::internal::Internals::IntegralToSmi(int16_t&)’
  444 |   SetInternal(I::IntegralToSmi(i));
      |               ~~~~~~~~~~~~~~~~^~~
/home/codespace/.cache/node-gyp/24.11.1/include/node/v8-internal.h:1053:38: note: candidate: ‘template<class T, <typeprefixerror><anonymous> > static constexpr v8::internal::Address v8::internal::Internals::IntegralToSmi(T)’
 1053 |   V8_INLINE static constexpr Address IntegralToSmi(T value) {
      |                                      ^~~~~~~~~~~~~
/home/codespace/.cache/node-gyp/24.11.1/include/node/v8-internal.h:1053:38: note:   template argument deduction/substitution failed:
/home/codespace/.cache/node-gyp/24.11.1/include/node/v8-function-callback.h:444:31: note:   couldn’t deduce template parameter ‘<anonymous>’
  444 |   SetInternal(I::IntegralToSmi(i));
      |               ~~~~~~~~~~~~~~~~^~~
/home/codespace/.cache/node-gyp/24.11.1/include/node/v8-function-callback.h: In member function ‘void v8::ReturnValue<F>::Set(int32_t)’:
/home/codespace/.cache/node-gyp/24.11.1/include/node/v8-function-callback.h:450:48: error: ‘TryIntegralToSmi’ is not a member of ‘v8::internal::Internals’
  450 |   if (const auto result = internal::Internals::TryIntegralToSmi(i)) {
      |                                                ^~~~~~~~~~~~~~~~
/home/codespace/.cache/node-gyp/24.11.1/include/node/v8-function-callback.h: In member function ‘void v8::ReturnValue<F>::Set(int64_t)’:
/home/codespace/.cache/node-gyp/24.11.1/include/node/v8-function-callback.h:460:48: error: ‘TryIntegralToSmi’ is not a member of ‘v8::internal::Internals’
  460 |   if (const auto result = internal::Internals::TryIntegralToSmi(i)) {
      |                                                ^~~~~~~~~~~~~~~~
/home/codespace/.cache/node-gyp/24.11.1/include/node/v8-function-callback.h: In member function ‘void v8::ReturnValue<F>::Set(uint16_t)’:
/home/codespace/.cache/node-gyp/24.11.1/include/node/v8-function-callback.h:471:30: error: no matching function for call to ‘v8::internal::Internals::IsValidSmi(short unsigned int)’
  471 |   static_assert(I::IsValidSmi(std::numeric_limits<uint16_t>::min()));
      |                 ~~~~~~~~~~~~~^~~~~~~~~~~~~~~~~~~~~~~~~~~~~~~~~~~~~~
/home/codespace/.cache/node-gyp/24.11.1/include/node/v8-internal.h:1059:35: note: candidate: ‘template<class T, <typeprefixerror><anonymous> > static constexpr bool v8::internal::Internals::IsValidSmi(T)’
 1059 |   V8_INLINE static constexpr bool IsValidSmi(T value) {
      |                                   ^~~~~~~~~~
/home/codespace/.cache/node-gyp/24.11.1/include/node/v8-internal.h:1059:35: note:   template argument deduction/substitution failed:
/home/codespace/.cache/node-gyp/24.11.1/include/node/v8-function-callback.h:471:30: note:   couldn’t deduce template parameter ‘<anonymous>’
  471 |   static_assert(I::IsValidSmi(std::numeric_limits<uint16_t>::min()));
      |                 ~~~~~~~~~~~~~^~~~~~~~~~~~~~~~~~~~~~~~~~~~~~~~~~~~~~
/home/codespace/.cache/node-gyp/24.11.1/include/node/v8-function-callback.h:472:30: error: no matching function for call to ‘v8::internal::Internals::IsValidSmi(short unsigned int)’
  472 |   static_assert(I::IsValidSmi(std::numeric_limits<uint16_t>::max()));
      |                 ~~~~~~~~~~~~~^~~~~~~~~~~~~~~~~~~~~~~~~~~~~~~~~~~~~~
/home/codespace/.cache/node-gyp/24.11.1/include/node/v8-internal.h:1059:35: note: candidate: ‘template<class T, <typeprefixerror><anonymous> > static constexpr bool v8::internal::Internals::IsValidSmi(T)’
 1059 |   V8_INLINE static constexpr bool IsValidSmi(T value) {
      |                                   ^~~~~~~~~~
/home/codespace/.cache/node-gyp/24.11.1/include/node/v8-internal.h:1059:35: note:   template argument deduction/substitution failed:
/home/codespace/.cache/node-gyp/24.11.1/include/node/v8-function-callback.h:472:30: note:   couldn’t deduce template parameter ‘<anonymous>’
  472 |   static_assert(I::IsValidSmi(std::numeric_limits<uint16_t>::max()));
      |                 ~~~~~~~~~~~~~^~~~~~~~~~~~~~~~~~~~~~~~~~~~~~~~~~~~~~
/home/codespace/.cache/node-gyp/24.11.1/include/node/v8-function-callback.h:473:31: error: no matching function for call to ‘v8::internal::Internals::IntegralToSmi(uint16_t&)’
  473 |   SetInternal(I::IntegralToSmi(i));
      |               ~~~~~~~~~~~~~~~~^~~
/home/codespace/.cache/node-gyp/24.11.1/include/node/v8-internal.h:1053:38: note: candidate: ‘template<class T, <typeprefixerror><anonymous> > static constexpr v8::internal::Address v8::internal::Internals::IntegralToSmi(T)’
 1053 |   V8_INLINE static constexpr Address IntegralToSmi(T value) {
      |                                      ^~~~~~~~~~~~~
/home/codespace/.cache/node-gyp/24.11.1/include/node/v8-internal.h:1053:38: note:   template argument deduction/substitution failed:
/home/codespace/.cache/node-gyp/24.11.1/include/node/v8-function-callback.h:473:31: note:   couldn’t deduce template parameter ‘<anonymous>’
  473 |   SetInternal(I::IntegralToSmi(i));
      |               ~~~~~~~~~~~~~~~~^~~
/home/codespace/.cache/node-gyp/24.11.1/include/node/v8-function-callback.h: In member function ‘void v8::ReturnValue<F>::Set(uint32_t)’:
/home/codespace/.cache/node-gyp/24.11.1/include/node/v8-function-callback.h:479:48: error: ‘TryIntegralToSmi’ is not a member of ‘v8::internal::Internals’
  479 |   if (const auto result = internal::Internals::TryIntegralToSmi(i)) {
      |                                                ^~~~~~~~~~~~~~~~
/home/codespace/.cache/node-gyp/24.11.1/include/node/v8-function-callback.h: In member function ‘void v8::ReturnValue<F>::Set(uint64_t)’:
/home/codespace/.cache/node-gyp/24.11.1/include/node/v8-function-callback.h:489:48: error: ‘TryIntegralToSmi’ is not a member of ‘v8::internal::Internals’
  489 |   if (const auto result = internal::Internals::TryIntegralToSmi(i)) {
      |                                                ^~~~~~~~~~~~~~~~
/home/codespace/.cache/node-gyp/24.11.1/include/node/v8-function-callback.h: In member function ‘void v8::ReturnValue<F>::SetDefaultValue()’:
/home/codespace/.cache/node-gyp/24.11.1/include/node/v8-function-callback.h:522:6: warning: ‘if constexpr’ only available with ‘-std=c++17’ or ‘-std=gnu++17’ [-Wc++17-extensions]
  522 |   if constexpr (std::is_same_v<void, T> || std::is_same_v<v8::Boolean, T>) {
      |      ^~~~~~~~~
/home/codespace/.cache/node-gyp/24.11.1/include/node/v8-function-callback.h:522:22: error: ‘is_same_v’ is not a member of ‘std’; did you mean ‘is_same’?
  522 |   if constexpr (std::is_same_v<void, T> || std::is_same_v<v8::Boolean, T>) {
      |                      ^~~~~~~~~
      |                      is_same
/home/codespace/.cache/node-gyp/24.11.1/include/node/v8-function-callback.h:522:32: error: expected primary-expression before ‘void’
  522 |   if constexpr (std::is_same_v<void, T> || std::is_same_v<v8::Boolean, T>) {
      |                                ^~~~
/home/codespace/.cache/node-gyp/24.11.1/include/node/v8-function-callback.h:522:32: error: expected ‘)’ before ‘void’
  522 |   if constexpr (std::is_same_v<void, T> || std::is_same_v<v8::Boolean, T>) {
      |                ~               ^~~~
      |                                )
/home/codespace/.cache/node-gyp/24.11.1/include/node/v8-function-callback.h:524:13: warning: ‘if constexpr’ only available with ‘-std=c++17’ or ‘-std=gnu++17’ [-Wc++17-extensions]
  524 |   } else if constexpr (std::is_same_v<v8::Integer, T>) {
      |             ^~~~~~~~~
/home/codespace/.cache/node-gyp/24.11.1/include/node/v8-function-callback.h:524:29: error: ‘is_same_v’ is not a member of ‘std’; did you mean ‘is_same’?
  524 |   } else if constexpr (std::is_same_v<v8::Integer, T>) {
      |                             ^~~~~~~~~
      |                             is_same
/home/codespace/.cache/node-gyp/24.11.1/include/node/v8-function-callback.h:524:50: error: expected primary-expression before ‘,’ token
  524 |   } else if constexpr (std::is_same_v<v8::Integer, T>) {
      |                                                  ^
/home/codespace/.cache/node-gyp/24.11.1/include/node/v8-function-callback.h:524:53: error: expected primary-expression before ‘>’ token
  524 |   } else if constexpr (std::is_same_v<v8::Integer, T>) {
      |                                                     ^
/home/codespace/.cache/node-gyp/24.11.1/include/node/v8-function-callback.h:524:54: error: expected primary-expression before ‘)’ token
  524 |   } else if constexpr (std::is_same_v<v8::Integer, T>) {
      |                                                      ^
/home/codespace/.cache/node-gyp/24.11.1/include/node/v8-function-callback.h:525:33: error: no matching function for call to ‘v8::internal::Internals::IntegralToSmi(int)’
  525 |     SetInternal(I::IntegralToSmi(0));
      |                 ~~~~~~~~~~~~~~~~^~~
/home/codespace/.cache/node-gyp/24.11.1/include/node/v8-internal.h:1053:38: note: candidate: ‘template<class T, <typeprefixerror><anonymous> > static constexpr v8::internal::Address v8::internal::Internals::IntegralToSmi(T)’
 1053 |   V8_INLINE static constexpr Address IntegralToSmi(T value) {
      |                                      ^~~~~~~~~~~~~
/home/codespace/.cache/node-gyp/24.11.1/include/node/v8-internal.h:1053:38: note:   template argument deduction/substitution failed:
/home/codespace/.cache/node-gyp/24.11.1/include/node/v8-function-callback.h:525:33: note:   couldn’t deduce template parameter ‘<anonymous>’
  525 |     SetInternal(I::IntegralToSmi(0));
      |                 ~~~~~~~~~~~~~~~~^~~
/home/codespace/.cache/node-gyp/24.11.1/include/node/v8-function-callback.h:527:24: error: ‘is_same_v’ is not a member of ‘std’; did you mean ‘is_same’?
  527 |     static_assert(std::is_same_v<v8::Value, T> || std::is_same_v<v8::Array, T>);
      |                        ^~~~~~~~~
      |                        is_same
/home/codespace/.cache/node-gyp/24.11.1/include/node/v8-function-callback.h:527:43: error: expected primary-expression before ‘,’ token
  527 |     static_assert(std::is_same_v<v8::Value, T> || std::is_same_v<v8::Array, T>);
      |                                           ^
/home/codespace/.cache/node-gyp/24.11.1/include/node/v8-function-callback.h:527:45: error: expected string-literal before ‘T’
  527 |     static_assert(std::is_same_v<v8::Value, T> || std::is_same_v<v8::Array, T>);
      |                                             ^
/home/codespace/.cache/node-gyp/24.11.1/include/node/v8-function-callback.h:527:44: error: expected ‘)’ before ‘T’
  527 |     static_assert(std::is_same_v<v8::Value, T> || std::is_same_v<v8::Array, T>);
      |                  ~                         ^~
      |                                            )
/home/codespace/.cache/node-gyp/24.11.1/include/node/v8-function-callback.h: In member function ‘bool v8::PropertyCallbackInfo<F>::ShouldThrowOnError() const’:
/home/codespace/.cache/node-gyp/24.11.1/include/node/v8-function-callback.h:710:23: error: no matching function for call to ‘v8::internal::Internals::IntegralToSmi(const int&) const’
  710 |       I::IntegralToSmi(I::kInferShouldThrowMode)) {
      |       ~~~~~~~~~~~~~~~~^~~~~~~~~~~~~~~~~~~~~~~~~~
/home/codespace/.cache/node-gyp/24.11.1/include/node/v8-internal.h:1053:38: note: candidate: ‘template<class T, <typeprefixerror><anonymous> > static constexpr v8::internal::Address v8::internal::Internals::IntegralToSmi(T)’
 1053 |   V8_INLINE static constexpr Address IntegralToSmi(T value) {
      |                                      ^~~~~~~~~~~~~
/home/codespace/.cache/node-gyp/24.11.1/include/node/v8-internal.h:1053:38: note:   template argument deduction/substitution failed:
/home/codespace/.cache/node-gyp/24.11.1/include/node/v8-function-callback.h:710:23: note:   couldn’t deduce template parameter ‘<anonymous>’
  710 |       I::IntegralToSmi(I::kInferShouldThrowMode)) {
      |       ~~~~~~~~~~~~~~~~^~~~~~~~~~~~~~~~~~~~~~~~~~
/home/codespace/.cache/node-gyp/24.11.1/include/node/v8-function-callback.h:711:63: error: no matching function for call to ‘v8::internal::Internals::IntegralToSmi(const int&) const’
  711 |     return args_[kShouldThrowOnErrorIndex] != I::IntegralToSmi(I::kDontThrow);
      |                                               ~~~~~~~~~~~~~~~~^~~~~~~~~~~~~~~
/home/codespace/.cache/node-gyp/24.11.1/include/node/v8-internal.h:1053:38: note: candidate: ‘template<class T, <typeprefixerror><anonymous> > static constexpr v8::internal::Address v8::internal::Internals::IntegralToSmi(T)’
 1053 |   V8_INLINE static constexpr Address IntegralToSmi(T value) {
      |                                      ^~~~~~~~~~~~~
/home/codespace/.cache/node-gyp/24.11.1/include/node/v8-internal.h:1053:38: note:   template argument deduction/substitution failed:
/home/codespace/.cache/node-gyp/24.11.1/include/node/v8-function-callback.h:711:63: note:   couldn’t deduce template parameter ‘<anonymous>’
  711 |     return args_[kShouldThrowOnErrorIndex] != I::IntegralToSmi(I::kDontThrow);
      |                                               ~~~~~~~~~~~~~~~~^~~~~~~~~~~~~~~
/home/codespace/.cache/node-gyp/24.11.1/include/node/v8-isolate.h: In member function ‘v8::MaybeLocal<T> v8::Isolate::GetDataFromSnapshotOnce(size_t)’:
/home/codespace/.cache/node-gyp/24.11.1/include/node/v8-isolate.h:1836:7: warning: init-statement in selection statements only available with ‘-std=c++17’ or ‘-std=gnu++17’ [-Wc++17-extensions]
 1836 |   if (auto repr = GetDataFromSnapshotOnce(index);
      |       ^~~~
/home/codespace/.cache/node-gyp/24.11.1/include/node/v8-context.h: In member function ‘void* v8::Context::GetAlignedPointerFromEmbedderData(v8::Isolate*, int)’:
/home/codespace/.cache/node-gyp/24.11.1/include/node/v8-context.h:473:73: error: no matching function for call to ‘v8::internal::Internals::ReadExternalPointerField<v8::internal::kEmbedderDataSlotPayloadTag>(v8::Isolate*&, A&, int&)’
  473 |       I::ReadExternalPointerField<internal::kEmbedderDataSlotPayloadTag>(
      |       ~~~~~~~~~~~~~~~~~~~~~~~~~~~~~~~~~~~~~~~~~~~~~~~~~~~~~~~~~~~~~~~~~~^
  474 |           isolate, embedder_data, value_offset));
      |           ~~~~~~~~~~~~~~~~~~~~~~~~~~~~~~~~~~~~~                          
/home/codespace/.cache/node-gyp/24.11.1/include/node/v8-internal.h:1257:28: note: candidate: ‘template<<typeprefixerror>tag_range> static v8::internal::Address v8::internal::Internals::ReadExternalPointerField(v8::Isolate*, v8::internal::Address, int)’
 1257 |   V8_INLINE static Address ReadExternalPointerField(v8::Isolate* isolate,
      |                            ^~~~~~~~~~~~~~~~~~~~~~~~
/home/codespace/.cache/node-gyp/24.11.1/include/node/v8-internal.h:1257:28: note:   template argument deduction/substitution failed:
/home/codespace/.cache/node-gyp/24.11.1/include/node/v8-context.h:473:73: note: invalid template non-type parameter
  473 |       I::ReadExternalPointerField<internal::kEmbedderDataSlotPayloadTag>(
      |       ~~~~~~~~~~~~~~~~~~~~~~~~~~~~~~~~~~~~~~~~~~~~~~~~~~~~~~~~~~~~~~~~~~^
  474 |           isolate, embedder_data, value_offset));
      |           ~~~~~~~~~~~~~~~~~~~~~~~~~~~~~~~~~~~~~                          
/home/codespace/.cache/node-gyp/24.11.1/include/node/v8-context.h: In member function ‘void* v8::Context::GetAlignedPointerFromEmbedderData(int)’:
/home/codespace/.cache/node-gyp/24.11.1/include/node/v8-context.h:492:73: error: no matching function for call to ‘v8::internal::Internals::ReadExternalPointerField<v8::internal::kEmbedderDataSlotPayloadTag>(v8::Isolate*&, A&, int&)’
  492 |       I::ReadExternalPointerField<internal::kEmbedderDataSlotPayloadTag>(
      |       ~~~~~~~~~~~~~~~~~~~~~~~~~~~~~~~~~~~~~~~~~~~~~~~~~~~~~~~~~~~~~~~~~~^
  493 |           isolate, embedder_data, value_offset));
      |           ~~~~~~~~~~~~~~~~~~~~~~~~~~~~~~~~~~~~~                          
/home/codespace/.cache/node-gyp/24.11.1/include/node/v8-internal.h:1257:28: note: candidate: ‘template<<typeprefixerror>tag_range> static v8::internal::Address v8::internal::Internals::ReadExternalPointerField(v8::Isolate*, v8::internal::Address, int)’
 1257 |   V8_INLINE static Address ReadExternalPointerField(v8::Isolate* isolate,
      |                            ^~~~~~~~~~~~~~~~~~~~~~~~
/home/codespace/.cache/node-gyp/24.11.1/include/node/v8-internal.h:1257:28: note:   template argument deduction/substitution failed:
/home/codespace/.cache/node-gyp/24.11.1/include/node/v8-context.h:492:73: note: invalid template non-type parameter
  492 |       I::ReadExternalPointerField<internal::kEmbedderDataSlotPayloadTag>(
      |       ~~~~~~~~~~~~~~~~~~~~~~~~~~~~~~~~~~~~~~~~~~~~~~~~~~~~~~~~~~~~~~~~~~^
  493 |           isolate, embedder_data, value_offset));
      |           ~~~~~~~~~~~~~~~~~~~~~~~~~~~~~~~~~~~~~                          
/home/codespace/.cache/node-gyp/24.11.1/include/node/v8-context.h: In member function ‘v8::MaybeLocal<T> v8::Context::GetDataFromSnapshotOnce(size_t)’:
/home/codespace/.cache/node-gyp/24.11.1/include/node/v8-context.h:501:7: warning: init-statement in selection statements only available with ‘-std=c++17’ or ‘-std=gnu++17’ [-Wc++17-extensions]
  501 |   if (auto repr = GetDataFromSnapshotOnce(index);
      |       ^~~~
In file included from /home/codespace/.cache/node-gyp/24.11.1/include/node/v8-function.h:15,
                 from /home/codespace/.cache/node-gyp/24.11.1/include/node/v8.h:33:
/home/codespace/.cache/node-gyp/24.11.1/include/node/v8-template.h: At global scope:
/home/codespace/.cache/node-gyp/24.11.1/include/node/v8-template.h:1062:42: error: ISO C++ forbids declaration of ‘type name’ with no type [-fpermissive]
 1062 |       Isolate* isolate, MemorySpan<const std::string_view> names);
      |                                          ^~~
/home/codespace/.cache/node-gyp/24.11.1/include/node/v8-template.h:1062:58: error: template argument 1 is invalid
 1062 |       Isolate* isolate, MemorySpan<const std::string_view> names);
      |                                                          ^
/home/codespace/.cache/node-gyp/24.11.1/include/node/v8-template.h:1062:42: error: ISO C++ forbids declaration of ‘type name’ with no type [-fpermissive]
 1062 |       Isolate* isolate, MemorySpan<const std::string_view> names);
      |                                          ^~~
/home/codespace/.cache/node-gyp/24.11.1/include/node/v8-template.h:1062:58: error: template argument 1 is invalid
 1062 |       Isolate* isolate, MemorySpan<const std::string_view> names);
      |                                                          ^
/home/codespace/.cache/node-gyp/24.11.1/include/node/v8-template.h:1062:42: error: ISO C++ forbids declaration of ‘type name’ with no type [-fpermissive]
 1062 |       Isolate* isolate, MemorySpan<const std::string_view> names);
      |                                          ^~~
/home/codespace/.cache/node-gyp/24.11.1/include/node/v8-template.h:1062:58: error: template argument 1 is invalid
 1062 |       Isolate* isolate, MemorySpan<const std::string_view> names);
      |                                                          ^
/home/codespace/.cache/node-gyp/24.11.1/include/node/v8-template.h:1062:25: error: ‘MemorySpan’ is not a type
 1062 |       Isolate* isolate, MemorySpan<const std::string_view> names);
      |                         ^~~~~~~~~~
/home/codespace/.cache/node-gyp/24.11.1/include/node/v8-template.h:1062:35: error: expected ‘,’ or ‘...’ before ‘<’ token
 1062 |       Isolate* isolate, MemorySpan<const std::string_view> names);
      |                                   ^
/home/codespace/.cache/node-gyp/24.11.1/include/node/v8-template.h: In member function ‘void v8::Template::Set(v8::Isolate*, const char*, v8::Local<v8::Data>, v8::PropertyAttribute)’:
/home/codespace/.cache/node-gyp/24.11.1/include/node/v8-template.h:1110:6: error: no matching function for call to ‘v8::Template::Set(v8::Local<v8::String>, v8::Local<v8::Data>&, v8::PropertyAttribute&)’
 1110 |   Set(String::NewFromUtf8(isolate, name, NewStringType::kInternalized)
      |   ~~~^~~~~~~~~~~~~~~~~~~~~~~~~~~~~~~~~~~~~~~~~~~~~~~~~~~~~~~~~~~~~~~~~
 1111 |           .ToLocalChecked(),
      |           ~~~~~~~~~~~~~~~~~~
 1112 |       value, attributes);
      |       ~~~~~~~~~~~~~~~~~~
/home/codespace/.cache/node-gyp/24.11.1/include/node/v8-template.h:57:8: note: candidate: ‘void v8::Template::Set(v8::Local<v8::Name>, v8::Local<v8::Data>, v8::PropertyAttribute)’
   57 |   void Set(Local<Name> name, Local<Data> value,
      |        ^~~
/home/codespace/.cache/node-gyp/24.11.1/include/node/v8-template.h:57:24: note:   no known conversion for argument 1 from ‘Local<v8::String>’ to ‘Local<v8::Name>’
   57 |   void Set(Local<Name> name, Local<Data> value,
      |            ~~~~~~~~~~~~^~~~
/home/codespace/.cache/node-gyp/24.11.1/include/node/v8-template.h:1108:6: note: candidate: ‘void v8::Template::Set(v8::Isolate*, const char*, v8::Local<v8::Data>, v8::PropertyAttribute)’
 1108 | void Template::Set(Isolate* isolate, const char* name, Local<Data> value,
      |      ^~~~~~~~
/home/codespace/.cache/node-gyp/24.11.1/include/node/v8-template.h:1108:29: note:   no known conversion for argument 1 from ‘v8::Local<v8::String>’ to ‘v8::Isolate*’
 1108 | void Template::Set(Isolate* isolate, const char* name, Local<Data> value,
      |                    ~~~~~~~~~^~~~~~~
/home/codespace/.cache/node-gyp/24.11.1/include/node/node.h: At global scope:
/home/codespace/.cache/node-gyp/24.11.1/include/node/node.h:556:32: error: ‘std::string_view’ has not been declared
  556 |   static Pointer FromBlob(std::string_view in);
      |                                ^~~~~~~~~~~
/home/codespace/.cache/node-gyp/24.11.1/include/node/node.h:712:8: error: ‘optional’ in namespace ‘std’ does not name a template type
  712 |   std::optional<std::string> builder_script_path;
      |        ^~~~~~~~
/home/codespace/.cache/node-gyp/24.11.1/include/node/node.h:712:3: note: ‘std::optional’ is only available from C++17 onwards
  712 |   std::optional<std::string> builder_script_path;
      |   ^~~
/home/codespace/.cache/node-gyp/24.11.1/include/node/node.h:741:10: error: ‘std::string_view’ has not been declared
  741 |     std::string_view thread_name);
      |          ^~~~~~~~~~~
/home/codespace/.cache/node-gyp/24.11.1/include/node/node.h:764:10: error: ‘std::string_view’ has not been declared
  764 |     std::string_view child_url,
      |          ^~~~~~~~~~~
/home/codespace/.cache/node-gyp/24.11.1/include/node/node.h:765:10: error: ‘std::string_view’ has not been declared
  765 |     std::string_view name);
      |          ^~~~~~~~~~~
/home/codespace/.cache/node-gyp/24.11.1/include/node/node.h:800:10: error: ‘std::string_view’ has not been declared
  800 |     std::string_view main_script_source_utf8,
      |          ^~~~~~~~~~~
/home/codespace/.cache/node-gyp/24.11.1/include/node/node.h: In function ‘void node::NODE_SET_METHOD(v8::Local<v8::Template>, const char*, v8::FunctionCallback)’:
/home/codespace/.cache/node-gyp/24.11.1/include/node/node.h:1102:12: error: no matching function for call to ‘v8::Template::Set(v8::Local<v8::String>&, v8::Local<v8::FunctionTemplate>&)’
 1102 |   recv->Set(fn_name, t);
      |   ~~~~~~~~~^~~~~~~~~~~~
/home/codespace/.cache/node-gyp/24.11.1/include/node/v8-template.h:57:8: note: candidate: ‘void v8::Template::Set(v8::Local<v8::Name>, v8::Local<v8::Data>, v8::PropertyAttribute)’
   57 |   void Set(Local<Name> name, Local<Data> value,
      |        ^~~
/home/codespace/.cache/node-gyp/24.11.1/include/node/v8-template.h:57:24: note:   no known conversion for argument 1 from ‘Local<v8::String>’ to ‘Local<v8::Name>’
   57 |   void Set(Local<Name> name, Local<Data> value,
      |            ~~~~~~~~~~~~^~~~
/home/codespace/.cache/node-gyp/24.11.1/include/node/v8-template.h:1108:6: note: candidate: ‘void v8::Template::Set(v8::Isolate*, const char*, v8::Local<v8::Data>, v8::PropertyAttribute)’
 1108 | void Template::Set(Isolate* isolate, const char* name, Local<Data> value,
      |      ^~~~~~~~
/home/codespace/.cache/node-gyp/24.11.1/include/node/v8-template.h:1108:6: note:   candidate expects 4 arguments, 2 provided
/home/codespace/.cache/node-gyp/24.11.1/include/node/node.h: In function ‘void node::NODE_SET_METHOD(v8::Local<v8::Object>, const char*, v8::FunctionCallback)’:
/home/codespace/.cache/node-gyp/24.11.1/include/node/node.h:1118:12: error: no matching function for call to ‘v8::Object::Set(v8::Local<v8::Context>&, v8::Local<v8::String>&, v8::Local<v8::Function>&)’
 1118 |   recv->Set(context, fn_name, fn).Check();
      |   ~~~~~~~~~^~~~~~~~~~~~~~~~~~~~~~
/home/codespace/.cache/node-gyp/24.11.1/include/node/v8-object.h:239:37: note: candidate: ‘v8::Maybe<bool> v8::Object::Set(v8::Local<v8::Context>, v8::Local<v8::Value>, v8::Local<v8::Value>)’
  239 |   V8_WARN_UNUSED_RESULT Maybe<bool> Set(Local<Context> context,
      |                                     ^~~
/home/codespace/.cache/node-gyp/24.11.1/include/node/v8-object.h:240:54: note:   no known conversion for argument 2 from ‘Local<v8::String>’ to ‘Local<v8::Value>’
  240 |                                         Local<Value> key, Local<Value> value);
      |                                         ~~~~~~~~~~~~~^~~
/home/codespace/.cache/node-gyp/24.11.1/include/node/v8-object.h:241:37: note: candidate: ‘v8::Maybe<bool> v8::Object::Set(v8::Local<v8::Context>, v8::Local<v8::Value>, v8::Local<v8::Value>, v8::MaybeLocal<v8::Object>)’
  241 |   V8_WARN_UNUSED_RESULT Maybe<bool> Set(Local<Context> context,
      |                                     ^~~
/home/codespace/.cache/node-gyp/24.11.1/include/node/v8-object.h:241:37: note:   candidate expects 4 arguments, 3 provided
/home/codespace/.cache/node-gyp/24.11.1/include/node/v8-object.h:245:37: note: candidate: ‘v8::Maybe<bool> v8::Object::Set(v8::Local<v8::Context>, uint32_t, v8::Local<v8::Value>)’
  245 |   V8_WARN_UNUSED_RESULT Maybe<bool> Set(Local<Context> context, uint32_t index,
      |                                     ^~~
/home/codespace/.cache/node-gyp/24.11.1/include/node/v8-object.h:245:74: note:   no known conversion for argument 2 from ‘v8::Local<v8::String>’ to ‘uint32_t’ {aka ‘unsigned int’}
  245 |   V8_WARN_UNUSED_RESULT Maybe<bool> Set(Local<Context> context, uint32_t index,
      |                                                                 ~~~~~~~~~^~~~~
/home/codespace/.cache/node-gyp/24.11.1/include/node/node.h: In function ‘void node::NODE_SET_PROTOTYPE_METHOD(v8::Local<v8::FunctionTemplate>, const char*, v8::FunctionCallback)’:
/home/codespace/.cache/node-gyp/24.11.1/include/node/node.h:1135:33: error: no matching function for call to ‘v8::ObjectTemplate::Set(v8::Local<v8::String>&, v8::Local<v8::FunctionTemplate>&)’
 1135 |   recv->PrototypeTemplate()->Set(fn_name, t);
      |   ~~~~~~~~~~~~~~~~~~~~~~~~~~~~~~^~~~~~~~~~~~
/home/codespace/.cache/node-gyp/24.11.1/include/node/v8-template.h:57:8: note: candidate: ‘void v8::Template::Set(v8::Local<v8::Name>, v8::Local<v8::Data>, v8::PropertyAttribute)’
   57 |   void Set(Local<Name> name, Local<Data> value,
      |        ^~~
/home/codespace/.cache/node-gyp/24.11.1/include/node/v8-template.h:57:24: note:   no known conversion for argument 1 from ‘Local<v8::String>’ to ‘Local<v8::Name>’
   57 |   void Set(Local<Name> name, Local<Data> value,
      |            ~~~~~~~~~~~~^~~~
/home/codespace/.cache/node-gyp/24.11.1/include/node/v8-template.h:1108:6: note: candidate: ‘void v8::Template::Set(v8::Isolate*, const char*, v8::Local<v8::Data>, v8::PropertyAttribute)’
 1108 | void Template::Set(Isolate* isolate, const char* name, Local<Data> value,
      |      ^~~~~~~~
/home/codespace/.cache/node-gyp/24.11.1/include/node/v8-template.h:1108:6: note:   candidate expects 4 arguments, 2 provided
/home/codespace/.cache/node-gyp/24.11.1/include/node/node.h: At global scope:
/home/codespace/.cache/node-gyp/24.11.1/include/node/node.h:1463:46: error: ‘std::string_view’ has not been declared
 1463 |                                         std::string_view name,
      |                                              ^~~~~~~~~~~
/home/codespace/.cache/node-gyp/24.11.1/include/node/node.h:1562:22: error: ‘std::string_view’ has not been declared
 1562 |                 std::string_view name,
      |                      ^~~~~~~~~~~
../src/addon.h: In lambda function:
../src/addon.h:21:27: warning: ‘v8::Local<v8::Value> node::MakeCallback(v8::Isolate*, v8::Local<v8::Object>, v8::Local<v8::Function>, int, v8::Local<v8::Value>*)’ is deprecated: Use MakeCallback(..., async_context) [-Wdeprecated-declarations]
   21 |         node::MakeCallback(isolate, isolate->GetCurrentContext()->Global(), Local<Function>::New(isolate, noop), 0, nullptr);
      |         ~~~~~~~~~~~~~~~~~~^~~~~~~~~~~~~~~~~~~~~~~~~~~~~~~~~~~~~~~~~~~~~~~~~~~~~~~~~~~~~~~~~~~~~~~~~~~~~~~~~~~~~~~~~~~~~~~~~~
/home/codespace/.cache/node-gyp/24.11.1/include/node/node.h:200:50: note: declared here
  200 |                 NODE_EXTERN v8::Local<v8::Value> MakeCallback(
      |                                                  ^~~~~~~~~~~~
/home/codespace/.cache/node-gyp/24.11.1/include/node/node.h:117:42: note: in definition of macro ‘NODE_DEPRECATED’
  117 |     __attribute__((deprecated(message))) declarator
      |                                          ^~~~~~~~~~
../src/addon.h: In constructor ‘NativeString::NativeString(const v8::Local<v8::Value>&)’:
../src/addon.h:37:70: error: no matching function for call to ‘v8::String::Utf8Value::Utf8Value(const v8::Local<v8::Value>&)’
   37 |             utf8Value = new (utf8ValueMemory) String::Utf8Value(value);
      |                                                                      ^
/home/codespace/.cache/node-gyp/24.11.1/include/node/v8-primitive.h:650:5: note: candidate: ‘v8::String::Utf8Value::Utf8Value(v8::Isolate*, v8::Local<v8::Value>, v8::String::WriteOptions)’
  650 |     Utf8Value(Isolate* isolate, Local<v8::Value> obj,
      |     ^~~~~~~~~
/home/codespace/.cache/node-gyp/24.11.1/include/node/v8-primitive.h:650:5: note:   candidate expects 3 arguments, 1 provided
../src/addon.h:45:26: error: ‘Contents’ is not a member of ‘v8::ArrayBuffer’
   45 |             ArrayBuffer::Contents contents = arrayBufferView->Buffer()->GetContents();
      |                          ^~~~~~~~
../src/addon.h:46:22: error: ‘contents’ was not declared in this scope
   46 |             length = contents.ByteLength();
      |                      ^~~~~~~~
../src/addon.h:50:26: error: ‘Contents’ is not a member of ‘v8::ArrayBuffer’
   50 |             ArrayBuffer::Contents contents = arrayBuffer->GetContents();
      |                          ^~~~~~~~
../src/addon.h:51:22: error: ‘contents’ was not declared in this scope
   51 |             length = contents.ByteLength();
      |                      ^~~~~~~~
../src/addon.h: In function ‘void createGroup(const v8::FunctionCallbackInfo<v8::Value>&)’:
../src/addon.h:79:82: error: no matching function for call to ‘v8::Value::IntegerValue()’
   79 |     uWS::Group<isServer> *group = hub.createGroup<isServer>(args[0]->IntegerValue(), args[1]->IntegerValue());
      |                                                             ~~~~~~~~~~~~~~~~~~~~~^~
In file included from /home/codespace/.cache/node-gyp/24.11.1/include/node/v8-primitive.h:11:
/home/codespace/.cache/node-gyp/24.11.1/include/node/v8-value.h:452:40: note: candidate: ‘v8::Maybe<long int> v8::Value::IntegerValue(v8::Local<v8::Context>) const’
  452 |   V8_WARN_UNUSED_RESULT Maybe<int64_t> IntegerValue(
      |                                        ^~~~~~~~~~~~
/home/codespace/.cache/node-gyp/24.11.1/include/node/v8-value.h:452:40: note:   candidate expects 1 argument, 0 provided
../src/addon.h:79:107: error: no matching function for call to ‘v8::Value::IntegerValue()’
   79 |     uWS::Group<isServer> *group = hub.createGroup<isServer>(args[0]->IntegerValue(), args[1]->IntegerValue());
      |                                                                                      ~~~~~~~~~~~~~~~~~~~~~^~
/home/codespace/.cache/node-gyp/24.11.1/include/node/v8-value.h:452:40: note: candidate: ‘v8::Maybe<long int> v8::Value::IntegerValue(v8::Local<v8::Context>) const’
  452 |   V8_WARN_UNUSED_RESULT Maybe<int64_t> IntegerValue(
      |                                        ^~~~~~~~~~~~
/home/codespace/.cache/node-gyp/24.11.1/include/node/v8-value.h:452:40: note:   candidate expects 1 argument, 0 provided
../src/addon.h: In function ‘v8::Local<v8::Value> wrapMessage(const char*, size_t, uWS::OpCode, v8::Isolate*)’:
../src/addon.h:102:75: error: no matching function for call to ‘v8::ArrayBuffer::New(v8::Isolate*&, char*, size_t&)’
  102 |     return opCode == uWS::OpCode::BINARY ? (Local<Value>) ArrayBuffer::New(isolate, (char *) message, length) : (Local<Value>) String::NewFromUtf8(isolate, message, String::kNormalString, length);
      |                                                           ~~~~~~~~~~~~~~~~^~~~~~~~~~~~~~~~~~~~~~~~~~~~~~~~~~~
/home/codespace/.cache/node-gyp/24.11.1/include/node/v8-array-buffer.h:252:29: note: candidate: ‘static v8::Local<v8::ArrayBuffer> v8::ArrayBuffer::New(v8::Isolate*, size_t, v8::BackingStoreInitializationMode)’
  252 |   static Local<ArrayBuffer> New(
      |                             ^~~
/home/codespace/.cache/node-gyp/24.11.1/include/node/v8-array-buffer.h:254:38: note:   no known conversion for argument 3 from ‘size_t’ {aka ‘long unsigned int’} to ‘v8::BackingStoreInitializationMode’
  254 |       BackingStoreInitializationMode initialization_mode =
      |       ~~~~~~~~~~~~~~~~~~~~~~~~~~~~~~~^~~~~~~~~~~~~~~~~~~~~
  255 |           BackingStoreInitializationMode::kZeroInitialized);
      |           ~~~~~~~~~~~~~~~~~~~~~~~~~~~~~~~~~~~~~~~~~~~~~~~~
/home/codespace/.cache/node-gyp/24.11.1/include/node/v8-array-buffer.h:269:29: note: candidate: ‘static v8::Local<v8::ArrayBuffer> v8::ArrayBuffer::New(v8::Isolate*, std::shared_ptr<v8::BackingStore>)’
  269 |   static Local<ArrayBuffer> New(Isolate* isolate,
      |                             ^~~
/home/codespace/.cache/node-gyp/24.11.1/include/node/v8-array-buffer.h:269:29: note:   candidate expects 2 arguments, 3 provided
../src/addon.h:102:174: error: ‘kNormalString’ is not a member of ‘v8::String’
  102 |     return opCode == uWS::OpCode::BINARY ? (Local<Value>) ArrayBuffer::New(isolate, (char *) message, length) : (Local<Value>) String::NewFromUtf8(isolate, message, String::kNormalString, length);
      |                                                                                                                                                                              ^~~~~~~~~~~~~
../src/addon.h: In function ‘void setUserData(const v8::FunctionCallbackInfo<v8::Value>&)’:
../src/addon.h:128:80: error: no matching function for call to ‘v8::Persistent<v8::Value>::Persistent(v8::Isolate*, v8::Local<v8::Value>)’
  128 |         webSocket->setUserData(new Persistent<Value>(args.GetIsolate(), args[1]));
      |                                                                                ^
/home/codespace/.cache/node-gyp/24.11.1/include/node/v8-persistent-handle.h:289:13: note: candidate: ‘template<class S, class M2> v8::Persistent<T, M>::Persistent(const v8::Persistent<S, M>&) [with M2 = S; T = v8::Value; M = v8::NonCopyablePersistentTraits<v8::Value>]’
  289 |   V8_INLINE Persistent(const Persistent<S, M2>& that) : PersistentBase<T>() {
      |             ^~~~~~~~~~
/home/codespace/.cache/node-gyp/24.11.1/include/node/v8-persistent-handle.h:289:13: note:   template argument deduction/substitution failed:
../src/addon.h:128:80: note:   mismatched types ‘const v8::Persistent<S, M>’ and ‘v8::Isolate*’
  128 |         webSocket->setUserData(new Persistent<Value>(args.GetIsolate(), args[1]));
      |                                                                                ^
/home/codespace/.cache/node-gyp/24.11.1/include/node/v8-persistent-handle.h:285:13: note: candidate: ‘v8::Persistent<T, M>::Persistent(const v8::Persistent<T, M>&) [with T = v8::Value; M = v8::NonCopyablePersistentTraits<v8::Value>]’
  285 |   V8_INLINE Persistent(const Persistent& that) : PersistentBase<T>() {
      |             ^~~~~~~~~~
/home/codespace/.cache/node-gyp/24.11.1/include/node/v8-persistent-handle.h:285:13: note:   candidate expects 1 argument, 2 provided
/home/codespace/.cache/node-gyp/24.11.1/include/node/v8-persistent-handle.h:255:13: note: candidate: ‘constexpr v8::Persistent<T, M>::Persistent() [with T = v8::Value; M = v8::NonCopyablePersistentTraits<v8::Value>]’
  255 |   V8_INLINE Persistent() = default;
      |             ^~~~~~~~~~
/home/codespace/.cache/node-gyp/24.11.1/include/node/v8-persistent-handle.h:255:13: note:   candidate expects 0 arguments, 2 provided
../src/addon.h: In function ‘void sendCallback(uWS::WebSocket<isServer>*, void*, bool, void*)’:
../src/addon.h:163:27: warning: ‘v8::Local<v8::Value> node::MakeCallback(v8::Isolate*, v8::Local<v8::Object>, v8::Local<v8::Function>, int, v8::Local<v8::Value>*)’ is deprecated: Use MakeCallback(..., async_context) [-Wdeprecated-declarations]
  163 |         node::MakeCallback(sc->isolate, sc->isolate->GetCurrentContext()->Global(), Local<Function>::New(sc->isolate, sc->jsCallback), 0, nullptr);
      |         ~~~~~~~~~~~~~~~~~~^~~~~~~~~~~~~~~~~~~~~~~~~~~~~~~~~~~~~~~~~~~~~~~~~~~~~~~~~~~~~~~~~~~~~~~~~~~~~~~~~~~~~~~~~~~~~~~~~~~~~~~~~~~~~~~~~~~~~~~~
/home/codespace/.cache/node-gyp/24.11.1/include/node/node.h:200:50: note: declared here
  200 |                 NODE_EXTERN v8::Local<v8::Value> MakeCallback(
      |                                                  ^~~~~~~~~~~~
/home/codespace/.cache/node-gyp/24.11.1/include/node/node.h:117:42: note: in definition of macro ‘NODE_DEPRECATED’
  117 |     __attribute__((deprecated(message))) declarator
      |                                          ^~~~~~~~~~
../src/addon.h: In function ‘void send(const v8::FunctionCallbackInfo<v8::Value>&)’:
../src/addon.h:172:61: error: no matching function for call to ‘v8::Value::IntegerValue()’
  172 |     uWS::OpCode opCode = (uWS::OpCode) args[2]->IntegerValue();
      |                                        ~~~~~~~~~~~~~~~~~~~~~^~
/home/codespace/.cache/node-gyp/24.11.1/include/node/v8-value.h:452:40: note: candidate: ‘v8::Maybe<long int> v8::Value::IntegerValue(v8::Local<v8::Context>) const’
  452 |   V8_WARN_UNUSED_RESULT Maybe<int64_t> IntegerValue(
      |                                        ^~~~~~~~~~~~
/home/codespace/.cache/node-gyp/24.11.1/include/node/v8-value.h:452:40: note:   candidate expects 1 argument, 0 provided
../src/addon.h: In function ‘void connect(const v8::FunctionCallbackInfo<v8::Value>&)’:
../src/addon.h:192:110: error: no matching function for call to ‘v8::Persistent<v8::Value>::Persistent(v8::Isolate*, v8::Local<v8::Value>)’
  192 |     hub.connect(std::string(uri.getData(), uri.getLength()), new Persistent<Value>(args.GetIsolate(), args[2]), {}, 5000, clientGroup);
      |                                                                                                              ^
/home/codespace/.cache/node-gyp/24.11.1/include/node/v8-persistent-handle.h:289:13: note: candidate: ‘template<class S, class M2> v8::Persistent<T, M>::Persistent(const v8::Persistent<S, M>&) [with M2 = S; T = v8::Value; M = v8::NonCopyablePersistentTraits<v8::Value>]’
  289 |   V8_INLINE Persistent(const Persistent<S, M2>& that) : PersistentBase<T>() {
      |             ^~~~~~~~~~
/home/codespace/.cache/node-gyp/24.11.1/include/node/v8-persistent-handle.h:289:13: note:   template argument deduction/substitution failed:
../src/addon.h:192:110: note:   mismatched types ‘const v8::Persistent<S, M>’ and ‘v8::Isolate*’
  192 |     hub.connect(std::string(uri.getData(), uri.getLength()), new Persistent<Value>(args.GetIsolate(), args[2]), {}, 5000, clientGroup);
      |                                                                                                              ^
/home/codespace/.cache/node-gyp/24.11.1/include/node/v8-persistent-handle.h:285:13: note: candidate: ‘v8::Persistent<T, M>::Persistent(const v8::Persistent<T, M>&) [with T = v8::Value; M = v8::NonCopyablePersistentTraits<v8::Value>]’
  285 |   V8_INLINE Persistent(const Persistent& that) : PersistentBase<T>() {
      |             ^~~~~~~~~~
/home/codespace/.cache/node-gyp/24.11.1/include/node/v8-persistent-handle.h:285:13: note:   candidate expects 1 argument, 2 provided
/home/codespace/.cache/node-gyp/24.11.1/include/node/v8-persistent-handle.h:255:13: note: candidate: ‘constexpr v8::Persistent<T, M>::Persistent() [with T = v8::Value; M = v8::NonCopyablePersistentTraits<v8::Value>]’
  255 |   V8_INLINE Persistent() = default;
      |             ^~~~~~~~~~
/home/codespace/.cache/node-gyp/24.11.1/include/node/v8-persistent-handle.h:255:13: note:   candidate expects 0 arguments, 2 provided
../src/addon.h: In function ‘void transfer(const v8::FunctionCallbackInfo<v8::Value>&)’:
../src/addon.h:223:59: error: no matching function for call to ‘v8::Value::ToObject()’
  223 |         uv_fileno((handle = getTcpHandle(args[0]->ToObject()->GetAlignedPointerFromInternalField(0))), (uv_os_fd_t *) &ticket->fd);
      |                                          ~~~~~~~~~~~~~~~~~^~
/home/codespace/.cache/node-gyp/24.11.1/include/node/v8-value.h:411:44: note: candidate: ‘v8::MaybeLocal<v8::Object> v8::Value::ToObject(v8::Local<v8::Context>) const’
  411 |   V8_WARN_UNUSED_RESULT MaybeLocal<Object> ToObject(
      |                                            ^~~~~~~~
/home/codespace/.cache/node-gyp/24.11.1/include/node/v8-value.h:411:44: note:   candidate expects 1 argument, 0 provided
../src/addon.h:225:43: error: no matching function for call to ‘v8::Value::IntegerValue()’
  225 |         ticket->fd = args[0]->IntegerValue();
      |                      ~~~~~~~~~~~~~~~~~~~~~^~
/home/codespace/.cache/node-gyp/24.11.1/include/node/v8-value.h:452:40: note: candidate: ‘v8::Maybe<long int> v8::Value::IntegerValue(v8::Local<v8::Context>) const’
  452 |   V8_WARN_UNUSED_RESULT Maybe<int64_t> IntegerValue(
      |                                        ^~~~~~~~~~~~
/home/codespace/.cache/node-gyp/24.11.1/include/node/v8-value.h:452:40: note:   candidate expects 1 argument, 0 provided
../src/addon.h: In lambda function:
../src/addon.h:339:27: warning: ‘v8::Local<v8::Value> node::MakeCallback(v8::Isolate*, v8::Local<v8::Object>, v8::Local<v8::Function>, int, v8::Local<v8::Value>*)’ is deprecated: Use MakeCallback(..., async_context) [-Wdeprecated-declarations]
  339 |         node::MakeCallback(isolate, isolate->GetCurrentContext()->Global(), Local<Function>::New(isolate, *errorCallback), 1, argv);
      |         ~~~~~~~~~~~~~~~~~~^~~~~~~~~~~~~~~~~~~~~~~~~~~~~~~~~~~~~~~~~~~~~~~~~~~~~~~~~~~~~~~~~~~~~~~~~~~~~~~~~~~~~~~~~~~~~~~~~~~~~~~~~
/home/codespace/.cache/node-gyp/24.11.1/include/node/node.h:200:50: note: declared here
  200 |                 NODE_EXTERN v8::Local<v8::Value> MakeCallback(
      |                                                  ^~~~~~~~~~~~
/home/codespace/.cache/node-gyp/24.11.1/include/node/node.h:117:42: note: in definition of macro ‘NODE_DEPRECATED’
  117 |     __attribute__((deprecated(message))) declarator
      |                                          ^~~~~~~~~~
../src/addon.h: In function ‘void closeSocket(const v8::FunctionCallbackInfo<v8::Value>&)’:
../src/addon.h:349:80: error: no matching function for call to ‘v8::Value::IntegerValue()’
  349 |     unwrapSocket<isServer>(args[0].As<External>())->close(args[1]->IntegerValue(), nativeString.getData(), nativeString.getLength());
      |                                                           ~~~~~~~~~~~~~~~~~~~~~^~
/home/codespace/.cache/node-gyp/24.11.1/include/node/v8-value.h:452:40: note: candidate: ‘v8::Maybe<long int> v8::Value::IntegerValue(v8::Local<v8::Context>) const’
  452 |   V8_WARN_UNUSED_RESULT Maybe<int64_t> IntegerValue(
      |                                        ^~~~~~~~~~~~
/home/codespace/.cache/node-gyp/24.11.1/include/node/v8-value.h:452:40: note:   candidate expects 1 argument, 0 provided
../src/addon.h: In function ‘void closeGroup(const v8::FunctionCallbackInfo<v8::Value>&)’:
../src/addon.h:361:39: error: no matching function for call to ‘v8::Value::IntegerValue()’
  361 |     group->close(args[1]->IntegerValue(), nativeString.getData(), nativeString.getLength());
      |                  ~~~~~~~~~~~~~~~~~~~~~^~
/home/codespace/.cache/node-gyp/24.11.1/include/node/v8-value.h:452:40: note: candidate: ‘v8::Maybe<long int> v8::Value::IntegerValue(v8::Local<v8::Context>) const’
  452 |   V8_WARN_UNUSED_RESULT Maybe<int64_t> IntegerValue(
      |                                        ^~~~~~~~~~~~
/home/codespace/.cache/node-gyp/24.11.1/include/node/v8-value.h:452:40: note:   candidate expects 1 argument, 0 provided
../src/addon.h: In function ‘void broadcast(const v8::FunctionCallbackInfo<v8::Value>&)’:
../src/addon.h:372:47: error: no matching function for call to ‘v8::Value::BooleanValue()’
  372 |     uWS::OpCode opCode = args[2]->BooleanValue() ? uWS::OpCode::BINARY : uWS::OpCode::TEXT;
      |                          ~~~~~~~~~~~~~~~~~~~~~^~
/home/codespace/.cache/node-gyp/24.11.1/include/node/v8-value.h:447:8: note: candidate: ‘bool v8::Value::BooleanValue(v8::Isolate*) const’
  447 |   bool BooleanValue(Isolate* isolate) const;
      |        ^~~~~~~~~~~~
/home/codespace/.cache/node-gyp/24.11.1/include/node/v8-value.h:447:8: note:   candidate expects 1 argument, 0 provided
../src/addon.h: In function ‘void prepareMessage(const v8::FunctionCallbackInfo<v8::Value>&)’:
../src/addon.h:379:61: error: no matching function for call to ‘v8::Value::IntegerValue()’
  379 |     uWS::OpCode opCode = (uWS::OpCode) args[1]->IntegerValue();
      |                                        ~~~~~~~~~~~~~~~~~~~~~^~
/home/codespace/.cache/node-gyp/24.11.1/include/node/v8-value.h:452:40: note: candidate: ‘v8::Maybe<long int> v8::Value::IntegerValue(v8::Local<v8::Context>) const’
  452 |   V8_WARN_UNUSED_RESULT Maybe<int64_t> IntegerValue(
      |                                        ^~~~~~~~~~~~
/home/codespace/.cache/node-gyp/24.11.1/include/node/v8-value.h:452:40: note:   candidate expects 1 argument, 0 provided
../src/addon.h: In lambda function:
../src/addon.h:403:17: error: no matching function for call to ‘v8::Function::Call(v8::Local<v8::Primitive>, int, v8::Local<v8::Value> [1])’
  403 |         cb->Call(Null(isolate), 1, argv);
      |         ~~~~~~~~^~~~~~~~~~~~~~~~~~~~~~~~
/home/codespace/.cache/node-gyp/24.11.1/include/node/v8-function.h:56:43: note: candidate: ‘v8::MaybeLocal<v8::Value> v8::Function::Call(v8::Isolate*, v8::Local<v8::Context>, v8::Local<v8::Value>, int, v8::Local<v8::Value>*)’
   56 |   V8_WARN_UNUSED_RESULT MaybeLocal<Value> Call(v8::Isolate* isolate,
      |                                           ^~~~
/home/codespace/.cache/node-gyp/24.11.1/include/node/v8-function.h:56:43: note:   candidate expects 5 arguments, 3 provided
/home/codespace/.cache/node-gyp/24.11.1/include/node/v8-function.h:60:43: note: candidate: ‘v8::MaybeLocal<v8::Value> v8::Function::Call(v8::Local<v8::Context>, v8::Local<v8::Value>, int, v8::Local<v8::Value>*)’
   60 |   V8_WARN_UNUSED_RESULT MaybeLocal<Value> Call(Local<Context> context,
      |                                           ^~~~
/home/codespace/.cache/node-gyp/24.11.1/include/node/v8-function.h:60:43: note:   candidate expects 4 arguments, 3 provided
../src/addon.h: In function ‘void startAutoPing(const v8::FunctionCallbackInfo<v8::Value>&)’:
../src/addon.h:416:47: error: no matching function for call to ‘v8::Value::IntegerValue()’
  416 |     group->startAutoPing(args[1]->IntegerValue(), std::string(nativeString.getData(), nativeString.getLength()));
      |                          ~~~~~~~~~~~~~~~~~~~~~^~
/home/codespace/.cache/node-gyp/24.11.1/include/node/v8-value.h:452:40: note: candidate: ‘v8::Maybe<long int> v8::Value::IntegerValue(v8::Local<v8::Context>) const’
  452 |   V8_WARN_UNUSED_RESULT Maybe<int64_t> IntegerValue(
      |                                        ^~~~~~~~~~~~
/home/codespace/.cache/node-gyp/24.11.1/include/node/v8-value.h:452:40: note:   candidate expects 1 argument, 0 provided
../src/addon.h: In function ‘void listen(const v8::FunctionCallbackInfo<v8::Value>&)’:
../src/addon.h:425:37: error: no matching function for call to ‘v8::Value::IntegerValue()’
  425 |     hub.listen(args[1]->IntegerValue(), nullptr, 0, group);
      |                ~~~~~~~~~~~~~~~~~~~~~^~
/home/codespace/.cache/node-gyp/24.11.1/include/node/v8-value.h:452:40: note: candidate: ‘v8::Maybe<long int> v8::Value::IntegerValue(v8::Local<v8::Context>) const’
  452 |   V8_WARN_UNUSED_RESULT Maybe<int64_t> IntegerValue(
      |                                        ^~~~~~~~~~~~
/home/codespace/.cache/node-gyp/24.11.1/include/node/v8-value.h:452:40: note:   candidate expects 1 argument, 0 provided
../src/addon.h: In constructor ‘Namespace<isServer>::Namespace(v8::Isolate*)’:
../src/addon.h:462:20: error: no matching function for call to ‘v8::Object::Set(v8::MaybeLocal<v8::String>, v8::Local<v8::Object>&)’
  462 |         object->Set(String::NewFromUtf8(isolate, "group"), group);
      |         ~~~~~~~~~~~^~~~~~~~~~~~~~~~~~~~~~~~~~~~~~~~~~~~~~~~~~~~~~
/home/codespace/.cache/node-gyp/24.11.1/include/node/v8-object.h:239:37: note: candidate: ‘v8::Maybe<bool> v8::Object::Set(v8::Local<v8::Context>, v8::Local<v8::Value>, v8::Local<v8::Value>)’
  239 |   V8_WARN_UNUSED_RESULT Maybe<bool> Set(Local<Context> context,
      |                                     ^~~
/home/codespace/.cache/node-gyp/24.11.1/include/node/v8-object.h:239:37: note:   candidate expects 3 arguments, 2 provided
/home/codespace/.cache/node-gyp/24.11.1/include/node/v8-object.h:241:37: note: candidate: ‘v8::Maybe<bool> v8::Object::Set(v8::Local<v8::Context>, v8::Local<v8::Value>, v8::Local<v8::Value>, v8::MaybeLocal<v8::Object>)’
  241 |   V8_WARN_UNUSED_RESULT Maybe<bool> Set(Local<Context> context,
      |                                     ^~~
/home/codespace/.cache/node-gyp/24.11.1/include/node/v8-object.h:241:37: note:   candidate expects 4 arguments, 2 provided
/home/codespace/.cache/node-gyp/24.11.1/include/node/v8-object.h:245:37: note: candidate: ‘v8::Maybe<bool> v8::Object::Set(v8::Local<v8::Context>, uint32_t, v8::Local<v8::Value>)’
  245 |   V8_WARN_UNUSED_RESULT Maybe<bool> Set(Local<Context> context, uint32_t index,
      |                                     ^~~
/home/codespace/.cache/node-gyp/24.11.1/include/node/v8-object.h:245:37: note:   candidate expects 3 arguments, 2 provided
In file included from ../src/addon.cpp:3:
../src/http.h: In static member function ‘static void HttpServer::Request::on(const v8::FunctionCallbackInfo<v8::Value>&)’:
../src/http.h:14:22: error: ‘const class v8::FunctionCallbackInfo<v8::Value>’ has no member named ‘Holder’
   14 |                 args.Holder()->SetInternalField(1, args[1]);
      |                      ^~~~~~
../src/http.h:16:22: error: ‘const class v8::FunctionCallbackInfo<v8::Value>’ has no member named ‘Holder’
   16 |                 args.Holder()->SetInternalField(2, args[1]);
      |                      ^~~~~~
../src/http.h:20:44: error: ‘const class v8::FunctionCallbackInfo<v8::Value>’ has no member named ‘Holder’
   20 |             args.GetReturnValue().Set(args.Holder());
      |                                            ^~~~~~
../src/http.h: In static member function ‘static void HttpServer::Request::headers(v8::Local<v8::String>, const v8::PropertyCallbackInfo<v8::Value>&)’:
../src/http.h:28:51: error: no matching function for call to ‘NativeString::NativeString(v8::Local<v8::String>&)’
   28 |                 NativeString nativeString(property);
      |                                                   ^
../src/addon.h:32:5: note: candidate: ‘NativeString::NativeString(const v8::Local<v8::Value>&)’
   32 |     NativeString(const Local<Value> &value) {
      |     ^~~~~~~~~~~~
../src/addon.h:32:38: note:   no known conversion for argument 1 from ‘v8::Local<v8::String>’ to ‘const v8::Local<v8::Value>&’
   32 |     NativeString(const Local<Value> &value) {
      |                  ~~~~~~~~~~~~~~~~~~~~^~~~~
../src/addon.h:26:7: note: candidate: ‘constexpr NativeString::NativeString(const NativeString&)’
   26 | class NativeString {
      |       ^~~~~~~~~~~~
../src/addon.h:26:7: note:   no known conversion for argument 1 from ‘v8::Local<v8::String>’ to ‘const NativeString&’
../src/http.h:31:123: error: ‘kNormalString’ is not a member of ‘v8::String’
   31 |                     args.GetReturnValue().Set(String::NewFromOneByte(args.GetIsolate(), (uint8_t *) header.value, String::kNormalString, header.valueLength));
      |                                                                                                                           ^~~~~~~~~~~~~
../src/http.h: In static member function ‘static void HttpServer::Request::method(v8::Local<v8::String>, const v8::PropertyCallbackInfo<v8::Value>&)’:
../src/http.h:45:112: error: ‘kNormalString’ is not a member of ‘v8::String’
   45 |                 args.GetReturnValue().Set(String::NewFromOneByte(args.GetIsolate(), (uint8_t *) "GET", String::kNormalString, 3));
      |                                                                                                                ^~~~~~~~~~~~~
../src/http.h:48:112: error: ‘kNormalString’ is not a member of ‘v8::String’
   48 |                 args.GetReturnValue().Set(String::NewFromOneByte(args.GetIsolate(), (uint8_t *) "PUT", String::kNormalString, 3));
      |                                                                                                                ^~~~~~~~~~~~~
../src/http.h:51:113: error: ‘kNormalString’ is not a member of ‘v8::String’
   51 |                 args.GetReturnValue().Set(String::NewFromOneByte(args.GetIsolate(), (uint8_t *) "POST", String::kNormalString, 4));
      |                                                                                                                 ^~~~~~~~~~~~~
../src/http.h:54:113: error: ‘kNormalString’ is not a member of ‘v8::String’
   54 |                 args.GetReturnValue().Set(String::NewFromOneByte(args.GetIsolate(), (uint8_t *) "HEAD", String::kNormalString, 4));
      |                                                                                                                 ^~~~~~~~~~~~~
../src/http.h:57:114: error: ‘kNormalString’ is not a member of ‘v8::String’
   57 |                 args.GetReturnValue().Set(String::NewFromOneByte(args.GetIsolate(), (uint8_t *) "PATCH", String::kNormalString, 5));
      |                                                                                                                  ^~~~~~~~~~~~~
../src/http.h:60:114: error: ‘kNormalString’ is not a member of ‘v8::String’
   60 |                 args.GetReturnValue().Set(String::NewFromOneByte(args.GetIsolate(), (uint8_t *) "TRACE", String::kNormalString, 5));
      |                                                                                                                  ^~~~~~~~~~~~~
../src/http.h:63:115: error: ‘kNormalString’ is not a member of ‘v8::String’
   63 |                 args.GetReturnValue().Set(String::NewFromOneByte(args.GetIsolate(), (uint8_t *) "DELETE", String::kNormalString, 6));
      |                                                                                                                   ^~~~~~~~~~~~~
../src/http.h:66:116: error: ‘kNormalString’ is not a member of ‘v8::String’
   66 |                 args.GetReturnValue().Set(String::NewFromOneByte(args.GetIsolate(), (uint8_t *) "OPTIONS", String::kNormalString, 7));
      |                                                                                                                    ^~~~~~~~~~~~~
../src/http.h:69:116: error: ‘kNormalString’ is not a member of ‘v8::String’
   69 |                 args.GetReturnValue().Set(String::NewFromOneByte(args.GetIsolate(), (uint8_t *) "CONNECT", String::kNormalString, 7));
      |                                                                                                                    ^~~~~~~~~~~~~
../src/http.h: In static member function ‘static v8::Local<v8::Object> HttpServer::Request::getTemplateObject(v8::Isolate*)’:
../src/http.h:90:63: error: cannot convert ‘v8::MaybeLocal<v8::String>’ to ‘v8::Local<v8::String>’
   90 |             reqTemplateLocal->SetClassName(String::NewFromUtf8(isolate, "uws.Request"));
      |                                            ~~~~~~~~~~~~~~~~~~~^~~~~~~~~~~~~~~~~~~~~~~~
      |                                                               |
      |                                                               v8::MaybeLocal<v8::String>
/home/codespace/.cache/node-gyp/24.11.1/include/node/v8-template.h:657:35: note:   initializing argument 1 of ‘void v8::FunctionTemplate::SetClassName(v8::Local<v8::String>)’
  657 |   void SetClassName(Local<String> name);
      |                     ~~~~~~~~~~~~~~^~~~
../src/http.h:92:52: error: ‘class v8::ObjectTemplate’ has no member named ‘SetAccessor’
   92 |             reqTemplateLocal->PrototypeTemplate()->SetAccessor(String::NewFromUtf8(isolate, "url"), Request::url);
      |                                                    ^~~~~~~~~~~
../src/http.h:93:52: error: ‘class v8::ObjectTemplate’ has no member named ‘SetAccessor’
   93 |             reqTemplateLocal->PrototypeTemplate()->SetAccessor(String::NewFromUtf8(isolate, "method"), Request::method);
      |                                                    ^~~~~~~~~~~
../src/http.h:94:55: error: no matching function for call to ‘v8::ObjectTemplate::Set(v8::MaybeLocal<v8::String>, v8::Local<v8::FunctionTemplate>)’
   94 |             reqTemplateLocal->PrototypeTemplate()->Set(String::NewFromUtf8(isolate, "on"), FunctionTemplate::New(isolate, Request::on));
      |             ~~~~~~~~~~~~~~~~~~~~~~~~~~~~~~~~~~~~~~~~~~^~~~~~~~~~~~~~~~~~~~~~~~~~~~~~~~~~~~~~~~~~~~~~~~~~~~~~~~~~~~~~~~~~~~~~~~~~~~~~~~~
/home/codespace/.cache/node-gyp/24.11.1/include/node/v8-template.h:57:8: note: candidate: ‘void v8::Template::Set(v8::Local<v8::Name>, v8::Local<v8::Data>, v8::PropertyAttribute)’
   57 |   void Set(Local<Name> name, Local<Data> value,
      |        ^~~
/home/codespace/.cache/node-gyp/24.11.1/include/node/v8-template.h:57:24: note:   no known conversion for argument 1 from ‘v8::MaybeLocal<v8::String>’ to ‘v8::Local<v8::Name>’
   57 |   void Set(Local<Name> name, Local<Data> value,
      |            ~~~~~~~~~~~~^~~~
/home/codespace/.cache/node-gyp/24.11.1/include/node/v8-template.h:1108:6: note: candidate: ‘void v8::Template::Set(v8::Isolate*, const char*, v8::Local<v8::Data>, v8::PropertyAttribute)’
 1108 | void Template::Set(Isolate* isolate, const char* name, Local<Data> value,
      |      ^~~~~~~~
/home/codespace/.cache/node-gyp/24.11.1/include/node/v8-template.h:1108:6: note:   candidate expects 4 arguments, 2 provided
../src/http.h:95:55: error: no matching function for call to ‘v8::ObjectTemplate::Set(v8::MaybeLocal<v8::String>, v8::Local<v8::FunctionTemplate>)’
   95 |             reqTemplateLocal->PrototypeTemplate()->Set(String::NewFromUtf8(isolate, "unpipe"), FunctionTemplate::New(isolate, Request::unpipe));
      |             ~~~~~~~~~~~~~~~~~~~~~~~~~~~~~~~~~~~~~~~~~~^~~~~~~~~~~~~~~~~~~~~~~~~~~~~~~~~~~~~~~~~~~~~~~~~~~~~~~~~~~~~~~~~~~~~~~~~~~~~~~~~~~~~~~~~
/home/codespace/.cache/node-gyp/24.11.1/include/node/v8-template.h:57:8: note: candidate: ‘void v8::Template::Set(v8::Local<v8::Name>, v8::Local<v8::Data>, v8::PropertyAttribute)’
   57 |   void Set(Local<Name> name, Local<Data> value,
      |        ^~~
/home/codespace/.cache/node-gyp/24.11.1/include/node/v8-template.h:57:24: note:   no known conversion for argument 1 from ‘v8::MaybeLocal<v8::String>’ to ‘v8::Local<v8::Name>’
   57 |   void Set(Local<Name> name, Local<Data> value,
      |            ~~~~~~~~~~~~^~~~
/home/codespace/.cache/node-gyp/24.11.1/include/node/v8-template.h:1108:6: note: candidate: ‘void v8::Template::Set(v8::Isolate*, const char*, v8::Local<v8::Data>, v8::PropertyAttribute)’
 1108 | void Template::Set(Isolate* isolate, const char* name, Local<Data> value,
      |      ^~~~~~~~
/home/codespace/.cache/node-gyp/24.11.1/include/node/v8-template.h:1108:6: note:   candidate expects 4 arguments, 2 provided
../src/http.h:96:55: error: no matching function for call to ‘v8::ObjectTemplate::Set(v8::MaybeLocal<v8::String>, v8::Local<v8::FunctionTemplate>)’
   96 |             reqTemplateLocal->PrototypeTemplate()->Set(String::NewFromUtf8(isolate, "resume"), FunctionTemplate::New(isolate, Request::resume));
      |             ~~~~~~~~~~~~~~~~~~~~~~~~~~~~~~~~~~~~~~~~~~^~~~~~~~~~~~~~~~~~~~~~~~~~~~~~~~~~~~~~~~~~~~~~~~~~~~~~~~~~~~~~~~~~~~~~~~~~~~~~~~~~~~~~~~~
/home/codespace/.cache/node-gyp/24.11.1/include/node/v8-template.h:57:8: note: candidate: ‘void v8::Template::Set(v8::Local<v8::Name>, v8::Local<v8::Data>, v8::PropertyAttribute)’
   57 |   void Set(Local<Name> name, Local<Data> value,
      |        ^~~
/home/codespace/.cache/node-gyp/24.11.1/include/node/v8-template.h:57:24: note:   no known conversion for argument 1 from ‘v8::MaybeLocal<v8::String>’ to ‘v8::Local<v8::Name>’
   57 |   void Set(Local<Name> name, Local<Data> value,
      |            ~~~~~~~~~~~~^~~~
/home/codespace/.cache/node-gyp/24.11.1/include/node/v8-template.h:1108:6: note: candidate: ‘void v8::Template::Set(v8::Isolate*, const char*, v8::Local<v8::Data>, v8::PropertyAttribute)’
 1108 | void Template::Set(Isolate* isolate, const char* name, Local<Data> value,
      |      ^~~~~~~~
/home/codespace/.cache/node-gyp/24.11.1/include/node/v8-template.h:1108:6: note:   candidate expects 4 arguments, 2 provided
../src/http.h:97:55: error: no matching function for call to ‘v8::ObjectTemplate::Set(v8::MaybeLocal<v8::String>, v8::Local<v8::FunctionTemplate>)’
   97 |             reqTemplateLocal->PrototypeTemplate()->Set(String::NewFromUtf8(isolate, "socket"), FunctionTemplate::New(isolate, Request::socket));
      |             ~~~~~~~~~~~~~~~~~~~~~~~~~~~~~~~~~~~~~~~~~~^~~~~~~~~~~~~~~~~~~~~~~~~~~~~~~~~~~~~~~~~~~~~~~~~~~~~~~~~~~~~~~~~~~~~~~~~~~~~~~~~~~~~~~~~
/home/codespace/.cache/node-gyp/24.11.1/include/node/v8-template.h:57:8: note: candidate: ‘void v8::Template::Set(v8::Local<v8::Name>, v8::Local<v8::Data>, v8::PropertyAttribute)’
   57 |   void Set(Local<Name> name, Local<Data> value,
      |        ^~~
/home/codespace/.cache/node-gyp/24.11.1/include/node/v8-template.h:57:24: note:   no known conversion for argument 1 from ‘v8::MaybeLocal<v8::String>’ to ‘v8::Local<v8::Name>’
   57 |   void Set(Local<Name> name, Local<Data> value,
      |            ~~~~~~~~~~~~^~~~
/home/codespace/.cache/node-gyp/24.11.1/include/node/v8-template.h:1108:6: note: candidate: ‘void v8::Template::Set(v8::Isolate*, const char*, v8::Local<v8::Data>, v8::PropertyAttribute)’
 1108 | void Template::Set(Isolate* isolate, const char* name, Local<Data> value,
      |      ^~~~~~~~
/home/codespace/.cache/node-gyp/24.11.1/include/node/v8-template.h:1108:6: note:   candidate expects 4 arguments, 2 provided
../src/http.h:99:73: error: no matching function for call to ‘v8::FunctionTemplate::GetFunction()’
   99 |             Local<Object> reqObjectLocal = reqTemplateLocal->GetFunction()->NewInstance();
      |                                            ~~~~~~~~~~~~~~~~~~~~~~~~~~~~~^~
/home/codespace/.cache/node-gyp/24.11.1/include/node/v8-template.h:602:46: note: candidate: ‘v8::MaybeLocal<v8::Function> v8::FunctionTemplate::GetFunction(v8::Local<v8::Context>)’
  602 |   V8_WARN_UNUSED_RESULT MaybeLocal<Function> GetFunction(
      |                                              ^~~~~~~~~~~
/home/codespace/.cache/node-gyp/24.11.1/include/node/v8-template.h:602:46: note:   candidate expects 1 argument, 0 provided
../src/http.h:102:30: error: ‘class v8::ObjectTemplate’ has no member named ‘SetNamedPropertyHandler’
  102 |             headersTemplate->SetNamedPropertyHandler(Request::headers);
      |                              ^~~~~~~~~~~~~~~~~~~~~~~
../src/http.h:104:102: error: no matching function for call to ‘v8::ObjectTemplate::NewInstance()’
  104 |             reqObjectLocal->Set(String::NewFromUtf8(isolate, "headers"), headersTemplate->NewInstance());
      |                                                                          ~~~~~~~~~~~~~~~~~~~~~~~~~~~~^~
/home/codespace/.cache/node-gyp/24.11.1/include/node/v8-template.h:936:44: note: candidate: ‘v8::MaybeLocal<v8::Object> v8::ObjectTemplate::NewInstance(v8::Local<v8::Context>)’
  936 |   V8_WARN_UNUSED_RESULT MaybeLocal<Object> NewInstance(Local<Context> context);
      |                                            ^~~~~~~~~~~
/home/codespace/.cache/node-gyp/24.11.1/include/node/v8-template.h:936:44: note:   candidate expects 1 argument, 0 provided
../src/http.h: In static member function ‘static void HttpServer::Response::on(const v8::FunctionCallbackInfo<v8::Value>&)’:
../src/http.h:113:22: error: ‘const class v8::FunctionCallbackInfo<v8::Value>’ has no member named ‘Holder’
  113 |                 args.Holder()->SetInternalField(1, args[1]);
      |                      ^~~~~~
../src/http.h:117:44: error: ‘const class v8::FunctionCallbackInfo<v8::Value>’ has no member named ‘Holder’
  117 |             args.GetReturnValue().Set(args.Holder());
      |                                            ^~~~~~
../src/http.h: In static member function ‘static void HttpServer::Response::end(const v8::FunctionCallbackInfo<v8::Value>&)’:
../src/http.h:121:65: error: ‘const class v8::FunctionCallbackInfo<v8::Value>’ has no member named ‘Holder’
  121 |             uWS::HttpResponse *res = (uWS::HttpResponse *) args.Holder()->GetAlignedPointerFromInternalField(0);
      |                                                                 ^~~~~~
../src/http.h: In static member function ‘static void HttpServer::Response::writeHead(const v8::FunctionCallbackInfo<v8::Value>&)’:
../src/http.h:135:65: error: ‘const class v8::FunctionCallbackInfo<v8::Value>’ has no member named ‘Holder’
  135 |             uWS::HttpResponse *res = (uWS::HttpResponse *) args.Holder()->GetAlignedPointerFromInternalField(0);
      |                                                                 ^~~~~~
../src/http.h:137:86: error: no matching function for call to ‘v8::Value::IntegerValue()’
  137 |                 std::string head = "HTTP/1.1 " + std::to_string(args[0]->IntegerValue()) + " ";
      |                                                                 ~~~~~~~~~~~~~~~~~~~~~^~
/home/codespace/.cache/node-gyp/24.11.1/include/node/v8-value.h:452:40: note: candidate: ‘v8::Maybe<long int> v8::Value::IntegerValue(v8::Local<v8::Context>) const’
  452 |   V8_WARN_UNUSED_RESULT Maybe<int64_t> IntegerValue(
      |                                        ^~~~~~~~~~~~
/home/codespace/.cache/node-gyp/24.11.1/include/node/v8-value.h:452:40: note:   candidate expects 1 argument, 0 provided
../src/http.h:147:84: error: no matching function for call to ‘v8::Value::ToObject()’
  147 |                     Local<Object> headersObject = args[args.Length() - 1]->ToObject();
      |                                                   ~~~~~~~~~~~~~~~~~~~~~~~~~~~~~~~~~^~
/home/codespace/.cache/node-gyp/24.11.1/include/node/v8-value.h:411:44: note: candidate: ‘v8::MaybeLocal<v8::Object> v8::Value::ToObject(v8::Local<v8::Context>) const’
  411 |   V8_WARN_UNUSED_RESULT MaybeLocal<Object> ToObject(
      |                                            ^~~~~~~~
/home/codespace/.cache/node-gyp/24.11.1/include/node/v8-value.h:411:44: note:   candidate expects 1 argument, 0 provided
../src/http.h:148:78: error: no matching function for call to ‘v8::Object::GetOwnPropertyNames()’
  148 |                     Local<Array> headers = headersObject->GetOwnPropertyNames();
      |                                            ~~~~~~~~~~~~~~~~~~~~~~~~~~~~~~~~~~^~
/home/codespace/.cache/node-gyp/24.11.1/include/node/v8-object.h:412:43: note: candidate: ‘v8::MaybeLocal<v8::Array> v8::Object::GetOwnPropertyNames(v8::Local<v8::Context>)’
  412 |   V8_WARN_UNUSED_RESULT MaybeLocal<Array> GetOwnPropertyNames(
      |                                           ^~~~~~~~~~~~~~~~~~~
/home/codespace/.cache/node-gyp/24.11.1/include/node/v8-object.h:412:43: note:   candidate expects 1 argument, 0 provided
/home/codespace/.cache/node-gyp/24.11.1/include/node/v8-object.h:421:43: note: candidate: ‘v8::MaybeLocal<v8::Array> v8::Object::GetOwnPropertyNames(v8::Local<v8::Context>, v8::PropertyFilter, v8::KeyConversionMode)’
  421 |   V8_WARN_UNUSED_RESULT MaybeLocal<Array> GetOwnPropertyNames(
      |                                           ^~~~~~~~~~~~~~~~~~~
/home/codespace/.cache/node-gyp/24.11.1/include/node/v8-object.h:421:43: note:   candidate expects 3 arguments, 0 provided
../src/http.h:149:39: warning: comparison of integer expressions of different signedness: ‘int’ and ‘uint32_t’ {aka ‘unsigned int’} [-Wsign-compare]
  149 |                     for (int i = 0; i < headers->Length(); i++) {
      |                                     ~~^~~~~~~~~~~~~~~~~~~
../src/http.h:150:56: error: no matching function for call to ‘v8::Array::Get(int&)’
  150 |                         Local<Value> key = headers->Get(i);
      |                                            ~~~~~~~~~~~~^~~
/home/codespace/.cache/node-gyp/24.11.1/include/node/v8-object.h:297:43: note: candidate: ‘v8::MaybeLocal<v8::Value> v8::Object::Get(v8::Local<v8::Context>, v8::Local<v8::Value>)’
  297 |   V8_WARN_UNUSED_RESULT MaybeLocal<Value> Get(Local<Context> context,
      |                                           ^~~
/home/codespace/.cache/node-gyp/24.11.1/include/node/v8-object.h:297:43: note:   candidate expects 2 arguments, 1 provided
/home/codespace/.cache/node-gyp/24.11.1/include/node/v8-object.h:299:43: note: candidate: ‘v8::MaybeLocal<v8::Value> v8::Object::Get(v8::Local<v8::Context>, v8::Local<v8::Value>, v8::MaybeLocal<v8::Object>)’
  299 |   V8_WARN_UNUSED_RESULT MaybeLocal<Value> Get(Local<Context> context,
      |                                           ^~~
/home/codespace/.cache/node-gyp/24.11.1/include/node/v8-object.h:299:43: note:   candidate expects 3 arguments, 1 provided
/home/codespace/.cache/node-gyp/24.11.1/include/node/v8-object.h:303:43: note: candidate: ‘v8::MaybeLocal<v8::Value> v8::Object::Get(v8::Local<v8::Context>, uint32_t)’
  303 |   V8_WARN_UNUSED_RESULT MaybeLocal<Value> Get(Local<Context> context,
      |                                           ^~~
/home/codespace/.cache/node-gyp/24.11.1/include/node/v8-object.h:303:43: note:   candidate expects 2 arguments, 1 provided
../src/http.h:151:64: error: no matching function for call to ‘v8::Object::Get(v8::Local<v8::Value>&)’
  151 |                         Local<Value> value = headersObject->Get(key);
      |                                              ~~~~~~~~~~~~~~~~~~^~~~~
/home/codespace/.cache/node-gyp/24.11.1/include/node/v8-object.h:297:43: note: candidate: ‘v8::MaybeLocal<v8::Value> v8::Object::Get(v8::Local<v8::Context>, v8::Local<v8::Value>)’
  297 |   V8_WARN_UNUSED_RESULT MaybeLocal<Value> Get(Local<Context> context,
      |                                           ^~~
/home/codespace/.cache/node-gyp/24.11.1/include/node/v8-object.h:297:43: note:   candidate expects 2 arguments, 1 provided
/home/codespace/.cache/node-gyp/24.11.1/include/node/v8-object.h:299:43: note: candidate: ‘v8::MaybeLocal<v8::Value> v8::Object::Get(v8::Local<v8::Context>, v8::Local<v8::Value>, v8::MaybeLocal<v8::Object>)’
  299 |   V8_WARN_UNUSED_RESULT MaybeLocal<Value> Get(Local<Context> context,
      |                                           ^~~
/home/codespace/.cache/node-gyp/24.11.1/include/node/v8-object.h:299:43: note:   candidate expects 3 arguments, 1 provided
/home/codespace/.cache/node-gyp/24.11.1/include/node/v8-object.h:303:43: note: candidate: ‘v8::MaybeLocal<v8::Value> v8::Object::Get(v8::Local<v8::Context>, uint32_t)’
  303 |   V8_WARN_UNUSED_RESULT MaybeLocal<Value> Get(Local<Context> context,
      |                                           ^~~
/home/codespace/.cache/node-gyp/24.11.1/include/node/v8-object.h:303:43: note:   candidate expects 2 arguments, 1 provided
../src/http.h: In static member function ‘static void HttpServer::Response::write(const v8::FunctionCallbackInfo<v8::Value>&)’:
../src/http.h:170:65: error: ‘const class v8::FunctionCallbackInfo<v8::Value>’ has no member named ‘Holder’
  170 |             uWS::HttpResponse *res = (uWS::HttpResponse *) args.Holder()->GetAlignedPointerFromInternalField(0);
      |                                                                 ^~~~~~
../src/http.h: In static member function ‘static v8::Local<v8::Object> HttpServer::Response::getTemplateObject(v8::Isolate*)’:
../src/http.h:188:63: error: cannot convert ‘v8::MaybeLocal<v8::String>’ to ‘v8::Local<v8::String>’
  188 |             resTemplateLocal->SetClassName(String::NewFromUtf8(isolate, "uws.Response"));
      |                                            ~~~~~~~~~~~~~~~~~~~^~~~~~~~~~~~~~~~~~~~~~~~~
      |                                                               |
      |                                                               v8::MaybeLocal<v8::String>
/home/codespace/.cache/node-gyp/24.11.1/include/node/v8-template.h:657:35: note:   initializing argument 1 of ‘void v8::FunctionTemplate::SetClassName(v8::Local<v8::String>)’
  657 |   void SetClassName(Local<String> name);
      |                     ~~~~~~~~~~~~~~^~~~
../src/http.h:190:55: error: no matching function for call to ‘v8::ObjectTemplate::Set(v8::MaybeLocal<v8::String>, v8::Local<v8::FunctionTemplate>)’
  190 |             resTemplateLocal->PrototypeTemplate()->Set(String::NewFromUtf8(isolate, "end"), FunctionTemplate::New(isolate, Response::end));
      |             ~~~~~~~~~~~~~~~~~~~~~~~~~~~~~~~~~~~~~~~~~~^~~~~~~~~~~~~~~~~~~~~~~~~~~~~~~~~~~~~~~~~~~~~~~~~~~~~~~~~~~~~~~~~~~~~~~~~~~~~~~~~~~~
/home/codespace/.cache/node-gyp/24.11.1/include/node/v8-template.h:57:8: note: candidate: ‘void v8::Template::Set(v8::Local<v8::Name>, v8::Local<v8::Data>, v8::PropertyAttribute)’
   57 |   void Set(Local<Name> name, Local<Data> value,
      |        ^~~
/home/codespace/.cache/node-gyp/24.11.1/include/node/v8-template.h:57:24: note:   no known conversion for argument 1 from ‘v8::MaybeLocal<v8::String>’ to ‘v8::Local<v8::Name>’
   57 |   void Set(Local<Name> name, Local<Data> value,
      |            ~~~~~~~~~~~~^~~~
/home/codespace/.cache/node-gyp/24.11.1/include/node/v8-template.h:1108:6: note: candidate: ‘void v8::Template::Set(v8::Isolate*, const char*, v8::Local<v8::Data>, v8::PropertyAttribute)’
 1108 | void Template::Set(Isolate* isolate, const char* name, Local<Data> value,
      |      ^~~~~~~~
/home/codespace/.cache/node-gyp/24.11.1/include/node/v8-template.h:1108:6: note:   candidate expects 4 arguments, 2 provided
../src/http.h:191:55: error: no matching function for call to ‘v8::ObjectTemplate::Set(v8::MaybeLocal<v8::String>, v8::Local<v8::FunctionTemplate>)’
  191 |             resTemplateLocal->PrototypeTemplate()->Set(String::NewFromUtf8(isolate, "writeHead"), FunctionTemplate::New(isolate, Response::writeHead));
      |             ~~~~~~~~~~~~~~~~~~~~~~~~~~~~~~~~~~~~~~~~~~^~~~~~~~~~~~~~~~~~~~~~~~~~~~~~~~~~~~~~~~~~~~~~~~~~~~~~~~~~~~~~~~~~~~~~~~~~~~~~~~~~~~~~~~~~~~~~~~
/home/codespace/.cache/node-gyp/24.11.1/include/node/v8-template.h:57:8: note: candidate: ‘void v8::Template::Set(v8::Local<v8::Name>, v8::Local<v8::Data>, v8::PropertyAttribute)’
   57 |   void Set(Local<Name> name, Local<Data> value,
      |        ^~~
/home/codespace/.cache/node-gyp/24.11.1/include/node/v8-template.h:57:24: note:   no known conversion for argument 1 from ‘v8::MaybeLocal<v8::String>’ to ‘v8::Local<v8::Name>’
   57 |   void Set(Local<Name> name, Local<Data> value,
      |            ~~~~~~~~~~~~^~~~
/home/codespace/.cache/node-gyp/24.11.1/include/node/v8-template.h:1108:6: note: candidate: ‘void v8::Template::Set(v8::Isolate*, const char*, v8::Local<v8::Data>, v8::PropertyAttribute)’
 1108 | void Template::Set(Isolate* isolate, const char* name, Local<Data> value,
      |      ^~~~~~~~
/home/codespace/.cache/node-gyp/24.11.1/include/node/v8-template.h:1108:6: note:   candidate expects 4 arguments, 2 provided
../src/http.h:192:55: error: no matching function for call to ‘v8::ObjectTemplate::Set(v8::MaybeLocal<v8::String>, v8::Local<v8::FunctionTemplate>)’
  192 |             resTemplateLocal->PrototypeTemplate()->Set(String::NewFromUtf8(isolate, "write"), FunctionTemplate::New(isolate, Response::write));
      |             ~~~~~~~~~~~~~~~~~~~~~~~~~~~~~~~~~~~~~~~~~~^~~~~~~~~~~~~~~~~~~~~~~~~~~~~~~~~~~~~~~~~~~~~~~~~~~~~~~~~~~~~~~~~~~~~~~~~~~~~~~~~~~~~~~~
/home/codespace/.cache/node-gyp/24.11.1/include/node/v8-template.h:57:8: note: candidate: ‘void v8::Template::Set(v8::Local<v8::Name>, v8::Local<v8::Data>, v8::PropertyAttribute)’
   57 |   void Set(Local<Name> name, Local<Data> value,
      |        ^~~
/home/codespace/.cache/node-gyp/24.11.1/include/node/v8-template.h:57:24: note:   no known conversion for argument 1 from ‘v8::MaybeLocal<v8::String>’ to ‘v8::Local<v8::Name>’
   57 |   void Set(Local<Name> name, Local<Data> value,
      |            ~~~~~~~~~~~~^~~~
/home/codespace/.cache/node-gyp/24.11.1/include/node/v8-template.h:1108:6: note: candidate: ‘void v8::Template::Set(v8::Isolate*, const char*, v8::Local<v8::Data>, v8::PropertyAttribute)’
 1108 | void Template::Set(Isolate* isolate, const char* name, Local<Data> value,
      |      ^~~~~~~~
/home/codespace/.cache/node-gyp/24.11.1/include/node/v8-template.h:1108:6: note:   candidate expects 4 arguments, 2 provided
../src/http.h:193:55: error: no matching function for call to ‘v8::ObjectTemplate::Set(v8::MaybeLocal<v8::String>, v8::Local<v8::FunctionTemplate>)’
  193 |             resTemplateLocal->PrototypeTemplate()->Set(String::NewFromUtf8(isolate, "on"), FunctionTemplate::New(isolate, Response::on));
      |             ~~~~~~~~~~~~~~~~~~~~~~~~~~~~~~~~~~~~~~~~~~^~~~~~~~~~~~~~~~~~~~~~~~~~~~~~~~~~~~~~~~~~~~~~~~~~~~~~~~~~~~~~~~~~~~~~~~~~~~~~~~~~
/home/codespace/.cache/node-gyp/24.11.1/include/node/v8-template.h:57:8: note: candidate: ‘void v8::Template::Set(v8::Local<v8::Name>, v8::Local<v8::Data>, v8::PropertyAttribute)’
   57 |   void Set(Local<Name> name, Local<Data> value,
      |        ^~~
/home/codespace/.cache/node-gyp/24.11.1/include/node/v8-template.h:57:24: note:   no known conversion for argument 1 from ‘v8::MaybeLocal<v8::String>’ to ‘v8::Local<v8::Name>’
   57 |   void Set(Local<Name> name, Local<Data> value,
      |            ~~~~~~~~~~~~^~~~
/home/codespace/.cache/node-gyp/24.11.1/include/node/v8-template.h:1108:6: note: candidate: ‘void v8::Template::Set(v8::Isolate*, const char*, v8::Local<v8::Data>, v8::PropertyAttribute)’
 1108 | void Template::Set(Isolate* isolate, const char* name, Local<Data> value,
      |      ^~~~~~~~
/home/codespace/.cache/node-gyp/24.11.1/include/node/v8-template.h:1108:6: note:   candidate expects 4 arguments, 2 provided
../src/http.h:194:55: error: no matching function for call to ‘v8::ObjectTemplate::Set(v8::MaybeLocal<v8::String>, v8::Local<v8::FunctionTemplate>)’
  194 |             resTemplateLocal->PrototypeTemplate()->Set(String::NewFromUtf8(isolate, "setHeader"), FunctionTemplate::New(isolate, Response::setHeader));
      |             ~~~~~~~~~~~~~~~~~~~~~~~~~~~~~~~~~~~~~~~~~~^~~~~~~~~~~~~~~~~~~~~~~~~~~~~~~~~~~~~~~~~~~~~~~~~~~~~~~~~~~~~~~~~~~~~~~~~~~~~~~~~~~~~~~~~~~~~~~~
/home/codespace/.cache/node-gyp/24.11.1/include/node/v8-template.h:57:8: note: candidate: ‘void v8::Template::Set(v8::Local<v8::Name>, v8::Local<v8::Data>, v8::PropertyAttribute)’
   57 |   void Set(Local<Name> name, Local<Data> value,
      |        ^~~
/home/codespace/.cache/node-gyp/24.11.1/include/node/v8-template.h:57:24: note:   no known conversion for argument 1 from ‘v8::MaybeLocal<v8::String>’ to ‘v8::Local<v8::Name>’
   57 |   void Set(Local<Name> name, Local<Data> value,
      |            ~~~~~~~~~~~~^~~~
/home/codespace/.cache/node-gyp/24.11.1/include/node/v8-template.h:1108:6: note: candidate: ‘void v8::Template::Set(v8::Isolate*, const char*, v8::Local<v8::Data>, v8::PropertyAttribute)’
 1108 | void Template::Set(Isolate* isolate, const char* name, Local<Data> value,
      |      ^~~~~~~~
/home/codespace/.cache/node-gyp/24.11.1/include/node/v8-template.h:1108:6: note:   candidate expects 4 arguments, 2 provided
../src/http.h:195:55: error: no matching function for call to ‘v8::ObjectTemplate::Set(v8::MaybeLocal<v8::String>, v8::Local<v8::FunctionTemplate>)’
  195 |             resTemplateLocal->PrototypeTemplate()->Set(String::NewFromUtf8(isolate, "getHeader"), FunctionTemplate::New(isolate, Response::getHeader));
      |             ~~~~~~~~~~~~~~~~~~~~~~~~~~~~~~~~~~~~~~~~~~^~~~~~~~~~~~~~~~~~~~~~~~~~~~~~~~~~~~~~~~~~~~~~~~~~~~~~~~~~~~~~~~~~~~~~~~~~~~~~~~~~~~~~~~~~~~~~~~
/home/codespace/.cache/node-gyp/24.11.1/include/node/v8-template.h:57:8: note: candidate: ‘void v8::Template::Set(v8::Local<v8::Name>, v8::Local<v8::Data>, v8::PropertyAttribute)’
   57 |   void Set(Local<Name> name, Local<Data> value,
      |        ^~~
/home/codespace/.cache/node-gyp/24.11.1/include/node/v8-template.h:57:24: note:   no known conversion for argument 1 from ‘v8::MaybeLocal<v8::String>’ to ‘v8::Local<v8::Name>’
   57 |   void Set(Local<Name> name, Local<Data> value,
      |            ~~~~~~~~~~~~^~~~
/home/codespace/.cache/node-gyp/24.11.1/include/node/v8-template.h:1108:6: note: candidate: ‘void v8::Template::Set(v8::Isolate*, const char*, v8::Local<v8::Data>, v8::PropertyAttribute)’
 1108 | void Template::Set(Isolate* isolate, const char* name, Local<Data> value,
      |      ^~~~~~~~
/home/codespace/.cache/node-gyp/24.11.1/include/node/v8-template.h:1108:6: note:   candidate expects 4 arguments, 2 provided
../src/http.h:196:49: error: no matching function for call to ‘v8::FunctionTemplate::GetFunction()’
  196 |             return resTemplateLocal->GetFunction()->NewInstance();
      |                    ~~~~~~~~~~~~~~~~~~~~~~~~~~~~~^~
/home/codespace/.cache/node-gyp/24.11.1/include/node/v8-template.h:602:46: note: candidate: ‘v8::MaybeLocal<v8::Function> v8::FunctionTemplate::GetFunction(v8::Local<v8::Context>)’
  602 |   V8_WARN_UNUSED_RESULT MaybeLocal<Function> GetFunction(
      |                                              ^~~~~~~~~~~
/home/codespace/.cache/node-gyp/24.11.1/include/node/v8-template.h:602:46: note:   candidate expects 1 argument, 0 provided
../src/http.h: In lambda function:
../src/http.h:218:76: error: no matching function for call to ‘v8::Persistent<v8::Object>::Persistent(v8::Isolate* const&, v8::Local<v8::Object>&)’
  218 |             new (&res->extraUserData) Persistent<Object>(isolate, reqObject);
      |                                                                            ^
/home/codespace/.cache/node-gyp/24.11.1/include/node/v8-persistent-handle.h:289:13: note: candidate: ‘template<class S, class M2> v8::Persistent<T, M>::Persistent(const v8::Persistent<S, M>&) [with M2 = S; T = v8::Object; M = v8::NonCopyablePersistentTraits<v8::Object>]’
  289 |   V8_INLINE Persistent(const Persistent<S, M2>& that) : PersistentBase<T>() {
      |             ^~~~~~~~~~
/home/codespace/.cache/node-gyp/24.11.1/include/node/v8-persistent-handle.h:289:13: note:   template argument deduction/substitution failed:
../src/http.h:218:76: note:   mismatched types ‘const v8::Persistent<S, M>’ and ‘v8::Isolate* const’
  218 |             new (&res->extraUserData) Persistent<Object>(isolate, reqObject);
      |                                                                            ^
/home/codespace/.cache/node-gyp/24.11.1/include/node/v8-persistent-handle.h:285:13: note: candidate: ‘v8::Persistent<T, M>::Persistent(const v8::Persistent<T, M>&) [with T = v8::Object; M = v8::NonCopyablePersistentTraits<v8::Object>]’
  285 |   V8_INLINE Persistent(const Persistent& that) : PersistentBase<T>() {
      |             ^~~~~~~~~~
/home/codespace/.cache/node-gyp/24.11.1/include/node/v8-persistent-handle.h:285:13: note:   candidate expects 1 argument, 2 provided
/home/codespace/.cache/node-gyp/24.11.1/include/node/v8-persistent-handle.h:255:13: note: candidate: ‘constexpr v8::Persistent<T, M>::Persistent() [with T = v8::Object; M = v8::NonCopyablePersistentTraits<v8::Object>]’
  255 |   V8_INLINE Persistent() = default;
      |             ^~~~~~~~~~
/home/codespace/.cache/node-gyp/24.11.1/include/node/v8-persistent-handle.h:255:13: note:   candidate expects 0 arguments, 2 provided
../src/http.h:222:71: error: no matching function for call to ‘v8::Persistent<v8::Object>::Persistent(v8::Isolate* const&, v8::Local<v8::Object>&)’
  222 |             new (&res->userData) Persistent<Object>(isolate, resObject);
      |                                                                       ^
/home/codespace/.cache/node-gyp/24.11.1/include/node/v8-persistent-handle.h:289:13: note: candidate: ‘template<class S, class M2> v8::Persistent<T, M>::Persistent(const v8::Persistent<S, M>&) [with M2 = S; T = v8::Object; M = v8::NonCopyablePersistentTraits<v8::Object>]’
  289 |   V8_INLINE Persistent(const Persistent<S, M2>& that) : PersistentBase<T>() {
      |             ^~~~~~~~~~
/home/codespace/.cache/node-gyp/24.11.1/include/node/v8-persistent-handle.h:289:13: note:   template argument deduction/substitution failed:
../src/http.h:222:71: note:   mismatched types ‘const v8::Persistent<S, M>’ and ‘v8::Isolate* const’
  222 |             new (&res->userData) Persistent<Object>(isolate, resObject);
      |                                                                       ^
/home/codespace/.cache/node-gyp/24.11.1/include/node/v8-persistent-handle.h:285:13: note: candidate: ‘v8::Persistent<T, M>::Persistent(const v8::Persistent<T, M>&) [with T = v8::Object; M = v8::NonCopyablePersistentTraits<v8::Object>]’
  285 |   V8_INLINE Persistent(const Persistent& that) : PersistentBase<T>() {
      |             ^~~~~~~~~~
/home/codespace/.cache/node-gyp/24.11.1/include/node/v8-persistent-handle.h:285:13: note:   candidate expects 1 argument, 2 provided
/home/codespace/.cache/node-gyp/24.11.1/include/node/v8-persistent-handle.h:255:13: note: candidate: ‘constexpr v8::Persistent<T, M>::Persistent() [with T = v8::Object; M = v8::NonCopyablePersistentTraits<v8::Object>]’
  255 |   V8_INLINE Persistent() = default;
      |             ^~~~~~~~~~
/home/codespace/.cache/node-gyp/24.11.1/include/node/v8-persistent-handle.h:255:13: note:   candidate expects 0 arguments, 2 provided
../src/http.h:227:116: error: ‘kNormalString’ is not a member of ‘v8::String’
  227 |             reqObject->SetInternalField(4, String::NewFromOneByte(isolate, (uint8_t *) req.getUrl().value, String::kNormalString, req.getUrl().valueLength));
      |                                                                                                                    ^~~~~~~~~~~~~
../src/http.h:229:36: error: conversion from ‘Local<v8::Object>’ to non-scalar type ‘Local<v8::Value>’ requested
  229 |             Local<Value> argv[] = {reqObject, resObject};
      |                                    ^~~~~~~~~
../src/http.h:229:47: error: conversion from ‘Local<v8::Object>’ to non-scalar type ‘Local<v8::Value>’ requested
  229 |             Local<Value> argv[] = {reqObject, resObject};
      |                                               ^~~~~~~~~
../src/http.h:230:70: error: no matching function for call to ‘v8::Function::Call(v8::Local<v8::Object>, int, v8::Local<v8::Value> [2])’
  230 |             Local<Function>::New(isolate, *httpRequestCallback)->Call(isolate->GetCurrentContext()->Global(), 2, argv);
      |             ~~~~~~~~~~~~~~~~~~~~~~~~~~~~~~~~~~~~~~~~~~~~~~~~~~~~~~~~~^~~~~~~~~~~~~~~~~~~~~~~~~~~~~~~~~~~~~~~~~~~~~~~~~
/home/codespace/.cache/node-gyp/24.11.1/include/node/v8-function.h:56:43: note: candidate: ‘v8::MaybeLocal<v8::Value> v8::Function::Call(v8::Isolate*, v8::Local<v8::Context>, v8::Local<v8::Value>, int, v8::Local<v8::Value>*)’
   56 |   V8_WARN_UNUSED_RESULT MaybeLocal<Value> Call(v8::Isolate* isolate,
      |                                           ^~~~
/home/codespace/.cache/node-gyp/24.11.1/include/node/v8-function.h:56:43: note:   candidate expects 5 arguments, 3 provided
/home/codespace/.cache/node-gyp/24.11.1/include/node/v8-function.h:60:43: note: candidate: ‘v8::MaybeLocal<v8::Value> v8::Function::Call(v8::Local<v8::Context>, v8::Local<v8::Value>, int, v8::Local<v8::Value>*)’
   60 |   V8_WARN_UNUSED_RESULT MaybeLocal<Value> Call(Local<Context> context,
      |                                           ^~~~
/home/codespace/.cache/node-gyp/24.11.1/include/node/v8-function.h:60:43: note:   candidate expects 4 arguments, 3 provided
../src/http.h:233:72: error: conversion from ‘Local<v8::Data>’ to non-scalar type ‘Local<v8::Value>’ requested
  233 |                 Local<Value> dataCallback = reqObject->GetInternalField(1);
      |                                             ~~~~~~~~~~~~~~~~~~~~~~~~~~~^~~
../src/http.h:235:60: error: no matching function for call to ‘v8::ArrayBuffer::New(v8::Isolate* const&, char*&, size_t&)’
  235 |                     Local<Value> argv[] = {ArrayBuffer::New(isolate, data, length)};
      |                                            ~~~~~~~~~~~~~~~~^~~~~~~~~~~~~~~~~~~~~~~
/home/codespace/.cache/node-gyp/24.11.1/include/node/v8-array-buffer.h:252:29: note: candidate: ‘static v8::Local<v8::ArrayBuffer> v8::ArrayBuffer::New(v8::Isolate*, size_t, v8::BackingStoreInitializationMode)’
  252 |   static Local<ArrayBuffer> New(
      |                             ^~~
/home/codespace/.cache/node-gyp/24.11.1/include/node/v8-array-buffer.h:254:38: note:   no known conversion for argument 3 from ‘size_t’ {aka ‘long unsigned int’} to ‘v8::BackingStoreInitializationMode’
  254 |       BackingStoreInitializationMode initialization_mode =
      |       ~~~~~~~~~~~~~~~~~~~~~~~~~~~~~~~^~~~~~~~~~~~~~~~~~~~~
  255 |           BackingStoreInitializationMode::kZeroInitialized);
      |           ~~~~~~~~~~~~~~~~~~~~~~~~~~~~~~~~~~~~~~~~~~~~~~~~
/home/codespace/.cache/node-gyp/24.11.1/include/node/v8-array-buffer.h:269:29: note: candidate: ‘static v8::Local<v8::ArrayBuffer> v8::ArrayBuffer::New(v8::Isolate*, std::shared_ptr<v8::BackingStore>)’
  269 |   static Local<ArrayBuffer> New(Isolate* isolate,
      |                             ^~~
/home/codespace/.cache/node-gyp/24.11.1/include/node/v8-array-buffer.h:269:29: note:   candidate expects 2 arguments, 3 provided
../src/http.h:236:62: error: no matching function for call to ‘v8::Function::Call(v8::Local<v8::Object>, int, v8::Local<v8::Value> [1])’
  236 |                     Local<Function>::Cast(dataCallback)->Call(isolate->GetCurrentContext()->Global(), 1, argv);
      |                     ~~~~~~~~~~~~~~~~~~~~~~~~~~~~~~~~~~~~~~~~~^~~~~~~~~~~~~~~~~~~~~~~~~~~~~~~~~~~~~~~~~~~~~~~~~
/home/codespace/.cache/node-gyp/24.11.1/include/node/v8-function.h:56:43: note: candidate: ‘v8::MaybeLocal<v8::Value> v8::Function::Call(v8::Isolate*, v8::Local<v8::Context>, v8::Local<v8::Value>, int, v8::Local<v8::Value>*)’
   56 |   V8_WARN_UNUSED_RESULT MaybeLocal<Value> Call(v8::Isolate* isolate,
      |                                           ^~~~
/home/codespace/.cache/node-gyp/24.11.1/include/node/v8-function.h:56:43: note:   candidate expects 5 arguments, 3 provided
/home/codespace/.cache/node-gyp/24.11.1/include/node/v8-function.h:60:43: note: candidate: ‘v8::MaybeLocal<v8::Value> v8::Function::Call(v8::Local<v8::Context>, v8::Local<v8::Value>, int, v8::Local<v8::Value>*)’
   60 |   V8_WARN_UNUSED_RESULT MaybeLocal<Value> Call(Local<Context> context,
      |                                           ^~~~
/home/codespace/.cache/node-gyp/24.11.1/include/node/v8-function.h:60:43: note:   candidate expects 4 arguments, 3 provided
../src/http.h:240:75: error: conversion from ‘Local<v8::Data>’ to non-scalar type ‘Local<v8::Value>’ requested
  240 |                     Local<Value> endCallback = reqObject->GetInternalField(2);
      |                                                ~~~~~~~~~~~~~~~~~~~~~~~~~~~^~~
../src/http.h:242:65: error: no matching function for call to ‘v8::Function::Call(v8::Local<v8::Object>, int, std::nullptr_t)’
  242 |                         Local<Function>::Cast(endCallback)->Call(isolate->GetCurrentContext()->Global(), 0, nullptr);
      |                         ~~~~~~~~~~~~~~~~~~~~~~~~~~~~~~~~~~~~~~~~^~~~~~~~~~~~~~~~~~~~~~~~~~~~~~~~~~~~~~~~~~~~~~~~~~~~
/home/codespace/.cache/node-gyp/24.11.1/include/node/v8-function.h:56:43: note: candidate: ‘v8::MaybeLocal<v8::Value> v8::Function::Call(v8::Isolate*, v8::Local<v8::Context>, v8::Local<v8::Value>, int, v8::Local<v8::Value>*)’
   56 |   V8_WARN_UNUSED_RESULT MaybeLocal<Value> Call(v8::Isolate* isolate,
      |                                           ^~~~
/home/codespace/.cache/node-gyp/24.11.1/include/node/v8-function.h:56:43: note:   candidate expects 5 arguments, 3 provided
/home/codespace/.cache/node-gyp/24.11.1/include/node/v8-function.h:60:43: note: candidate: ‘v8::MaybeLocal<v8::Value> v8::Function::Call(v8::Local<v8::Context>, v8::Local<v8::Value>, int, v8::Local<v8::Value>*)’
   60 |   V8_WARN_UNUSED_RESULT MaybeLocal<Value> Call(Local<Context> context,
      |                                           ^~~~
/home/codespace/.cache/node-gyp/24.11.1/include/node/v8-function.h:60:43: note:   candidate expects 4 arguments, 3 provided
../src/http.h: In lambda function:
../src/http.h:263:69: error: conversion from ‘Local<v8::Data>’ to non-scalar type ‘Local<v8::Value>’ requested
  263 |             Local<Value> closeCallback = resObject->GetInternalField(1);
      |                                          ~~~~~~~~~~~~~~~~~~~~~~~~~~~^~~
../src/http.h:265:59: error: no matching function for call to ‘v8::Function::Call(v8::Local<v8::Object>, int, std::nullptr_t)’
  265 |                 Local<Function>::Cast(closeCallback)->Call(isolate->GetCurrentContext()->Global(), 0, nullptr);
      |                 ~~~~~~~~~~~~~~~~~~~~~~~~~~~~~~~~~~~~~~~~~~^~~~~~~~~~~~~~~~~~~~~~~~~~~~~~~~~~~~~~~~~~~~~~~~~~~~
/home/codespace/.cache/node-gyp/24.11.1/include/node/v8-function.h:56:43: note: candidate: ‘v8::MaybeLocal<v8::Value> v8::Function::Call(v8::Isolate*, v8::Local<v8::Context>, v8::Local<v8::Value>, int, v8::Local<v8::Value>*)’
   56 |   V8_WARN_UNUSED_RESULT MaybeLocal<Value> Call(v8::Isolate* isolate,
      |                                           ^~~~
/home/codespace/.cache/node-gyp/24.11.1/include/node/v8-function.h:56:43: note:   candidate expects 5 arguments, 3 provided
/home/codespace/.cache/node-gyp/24.11.1/include/node/v8-function.h:60:43: note: candidate: ‘v8::MaybeLocal<v8::Value> v8::Function::Call(v8::Local<v8::Context>, v8::Local<v8::Value>, int, v8::Local<v8::Value>*)’
   60 |   V8_WARN_UNUSED_RESULT MaybeLocal<Value> Call(Local<Context> context,
      |                                           ^~~~
/home/codespace/.cache/node-gyp/24.11.1/include/node/v8-function.h:60:43: note:   candidate expects 4 arguments, 3 provided
../src/http.h: In lambda function:
../src/http.h:277:68: error: conversion from ‘Local<v8::Data>’ to non-scalar type ‘Local<v8::Value>’ requested
  277 |             Local<Value> dataCallback = reqObject->GetInternalField(1);
      |                                         ~~~~~~~~~~~~~~~~~~~~~~~~~~~^~~
../src/http.h:279:56: error: no matching function for call to ‘v8::ArrayBuffer::New(v8::Isolate* const&, char*&, size_t&)’
  279 |                 Local<Value> argv[] = {ArrayBuffer::New(isolate, data, length)};
      |                                        ~~~~~~~~~~~~~~~~^~~~~~~~~~~~~~~~~~~~~~~
/home/codespace/.cache/node-gyp/24.11.1/include/node/v8-array-buffer.h:252:29: note: candidate: ‘static v8::Local<v8::ArrayBuffer> v8::ArrayBuffer::New(v8::Isolate*, size_t, v8::BackingStoreInitializationMode)’
  252 |   static Local<ArrayBuffer> New(
      |                             ^~~
/home/codespace/.cache/node-gyp/24.11.1/include/node/v8-array-buffer.h:254:38: note:   no known conversion for argument 3 from ‘size_t’ {aka ‘long unsigned int’} to ‘v8::BackingStoreInitializationMode’
  254 |       BackingStoreInitializationMode initialization_mode =
      |       ~~~~~~~~~~~~~~~~~~~~~~~~~~~~~~~^~~~~~~~~~~~~~~~~~~~~
  255 |           BackingStoreInitializationMode::kZeroInitialized);
      |           ~~~~~~~~~~~~~~~~~~~~~~~~~~~~~~~~~~~~~~~~~~~~~~~~
/home/codespace/.cache/node-gyp/24.11.1/include/node/v8-array-buffer.h:269:29: note: candidate: ‘static v8::Local<v8::ArrayBuffer> v8::ArrayBuffer::New(v8::Isolate*, std::shared_ptr<v8::BackingStore>)’
  269 |   static Local<ArrayBuffer> New(Isolate* isolate,
      |                             ^~~
/home/codespace/.cache/node-gyp/24.11.1/include/node/v8-array-buffer.h:269:29: note:   candidate expects 2 arguments, 3 provided
../src/http.h:280:58: error: no matching function for call to ‘v8::Function::Call(v8::Local<v8::Object>, int, v8::Local<v8::Value> [1])’
  280 |                 Local<Function>::Cast(dataCallback)->Call(isolate->GetCurrentContext()->Global(), 1, argv);
      |                 ~~~~~~~~~~~~~~~~~~~~~~~~~~~~~~~~~~~~~~~~~^~~~~~~~~~~~~~~~~~~~~~~~~~~~~~~~~~~~~~~~~~~~~~~~~
/home/codespace/.cache/node-gyp/24.11.1/include/node/v8-function.h:56:43: note: candidate: ‘v8::MaybeLocal<v8::Value> v8::Function::Call(v8::Isolate*, v8::Local<v8::Context>, v8::Local<v8::Value>, int, v8::Local<v8::Value>*)’
   56 |   V8_WARN_UNUSED_RESULT MaybeLocal<Value> Call(v8::Isolate* isolate,
      |                                           ^~~~
/home/codespace/.cache/node-gyp/24.11.1/include/node/v8-function.h:56:43: note:   candidate expects 5 arguments, 3 provided
/home/codespace/.cache/node-gyp/24.11.1/include/node/v8-function.h:60:43: note: candidate: ‘v8::MaybeLocal<v8::Value> v8::Function::Call(v8::Local<v8::Context>, v8::Local<v8::Value>, int, v8::Local<v8::Value>*)’
   60 |   V8_WARN_UNUSED_RESULT MaybeLocal<Value> Call(Local<Context> context,
      |                                           ^~~~
/home/codespace/.cache/node-gyp/24.11.1/include/node/v8-function.h:60:43: note:   candidate expects 4 arguments, 3 provided
../src/http.h:284:71: error: conversion from ‘Local<v8::Data>’ to non-scalar type ‘Local<v8::Value>’ requested
  284 |                 Local<Value> endCallback = reqObject->GetInternalField(2);
      |                                            ~~~~~~~~~~~~~~~~~~~~~~~~~~~^~~
../src/http.h:286:61: error: no matching function for call to ‘v8::Function::Call(v8::Local<v8::Object>, int, std::nullptr_t)’
  286 |                     Local<Function>::Cast(endCallback)->Call(isolate->GetCurrentContext()->Global(), 0, nullptr);
      |                     ~~~~~~~~~~~~~~~~~~~~~~~~~~~~~~~~~~~~~~~~^~~~~~~~~~~~~~~~~~~~~~~~~~~~~~~~~~~~~~~~~~~~~~~~~~~~
/home/codespace/.cache/node-gyp/24.11.1/include/node/v8-function.h:56:43: note: candidate: ‘v8::MaybeLocal<v8::Value> v8::Function::Call(v8::Isolate*, v8::Local<v8::Context>, v8::Local<v8::Value>, int, v8::Local<v8::Value>*)’
   56 |   V8_WARN_UNUSED_RESULT MaybeLocal<Value> Call(v8::Isolate* isolate,
      |                                           ^~~~
/home/codespace/.cache/node-gyp/24.11.1/include/node/v8-function.h:56:43: note:   candidate expects 5 arguments, 3 provided
/home/codespace/.cache/node-gyp/24.11.1/include/node/v8-function.h:60:43: note: candidate: ‘v8::MaybeLocal<v8::Value> v8::Function::Call(v8::Local<v8::Context>, v8::Local<v8::Value>, int, v8::Local<v8::Value>*)’
   60 |   V8_WARN_UNUSED_RESULT MaybeLocal<Value> Call(Local<Context> context,
      |                                           ^~~~
/home/codespace/.cache/node-gyp/24.11.1/include/node/v8-function.h:60:43: note:   candidate expects 4 arguments, 3 provided
../src/http.h: In static member function ‘static void HttpServer::createServer(const v8::FunctionCallbackInfo<v8::Value>&)’:
../src/http.h:293:121: error: no matching function for call to ‘v8::Function::NewInstance()’
  293 |             args.GetReturnValue().Set(newInstance = Local<Function>::New(args.GetIsolate(), httpPersistent)->NewInstance());
      |                                                     ~~~~~~~~~~~~~~~~~~~~~~~~~~~~~~~~~~~~~~~~~~~~~~~~~~~~~~~~~~~~~~~~~~~~^~
/home/codespace/.cache/node-gyp/24.11.1/include/node/v8-function.h:39:44: note: candidate: ‘v8::MaybeLocal<v8::Object> v8::Function::NewInstance(v8::Local<v8::Context>, int, v8::Local<v8::Value>*) const’
   39 |   V8_WARN_UNUSED_RESULT MaybeLocal<Object> NewInstance(
      |                                            ^~~~~~~~~~~
/home/codespace/.cache/node-gyp/24.11.1/include/node/v8-function.h:39:44: note:   candidate expects 3 arguments, 0 provided
/home/codespace/.cache/node-gyp/24.11.1/include/node/v8-function.h:42:44: note: candidate: ‘v8::MaybeLocal<v8::Object> v8::Function::NewInstance(v8::Local<v8::Context>) const’
   42 |   V8_WARN_UNUSED_RESULT MaybeLocal<Object> NewInstance(
      |                                            ^~~~~~~~~~~
/home/codespace/.cache/node-gyp/24.11.1/include/node/v8-function.h:42:44: note:   candidate expects 1 argument, 0 provided
../src/http.h: In static member function ‘static void HttpServer::listen(const v8::FunctionCallbackInfo<v8::Value>&)’:
../src/http.h:307:75: error: ‘const class v8::FunctionCallbackInfo<v8::Value>’ has no member named ‘Holder’
  307 |         uWS::Group<uWS::SERVER> *group = (uWS::Group<uWS::SERVER> *) args.Holder()->GetAlignedPointerFromInternalField(0);
      |                                                                           ^~~~~~
../src/http.h:308:68: error: no matching function for call to ‘v8::Value::IntegerValue()’
  308 |         std::cout << "listen: " << hub.listen(args[0]->IntegerValue(), nullptr, 0, group) << std::endl;
      |                                               ~~~~~~~~~~~~~~~~~~~~~^~
/home/codespace/.cache/node-gyp/24.11.1/include/node/v8-value.h:452:40: note: candidate: ‘v8::Maybe<long int> v8::Value::IntegerValue(v8::Local<v8::Context>) const’
  452 |   V8_WARN_UNUSED_RESULT Maybe<int64_t> IntegerValue(
      |                                        ^~~~~~~~~~~~
/home/codespace/.cache/node-gyp/24.11.1/include/node/v8-value.h:452:40: note:   candidate expects 1 argument, 0 provided
../src/http.h:311:65: error: no matching function for call to ‘v8::Function::Call(v8::Local<v8::Object>, int, std::nullptr_t)’
  311 |             Local<Function>::Cast(args[args.Length() - 1])->Call(args.GetIsolate()->GetCurrentContext()->Global(), 0, nullptr);
      |             ~~~~~~~~~~~~~~~~~~~~~~~~~~~~~~~~~~~~~~~~~~~~~~~~~~~~^~~~~~~~~~~~~~~~~~~~~~~~~~~~~~~~~~~~~~~~~~~~~~~~~~~~~~~~~~~~~~
/home/codespace/.cache/node-gyp/24.11.1/include/node/v8-function.h:56:43: note: candidate: ‘v8::MaybeLocal<v8::Value> v8::Function::Call(v8::Isolate*, v8::Local<v8::Context>, v8::Local<v8::Value>, int, v8::Local<v8::Value>*)’
   56 |   V8_WARN_UNUSED_RESULT MaybeLocal<Value> Call(v8::Isolate* isolate,
      |                                           ^~~~
/home/codespace/.cache/node-gyp/24.11.1/include/node/v8-function.h:56:43: note:   candidate expects 5 arguments, 3 provided
/home/codespace/.cache/node-gyp/24.11.1/include/node/v8-function.h:60:43: note: candidate: ‘v8::MaybeLocal<v8::Value> v8::Function::Call(v8::Local<v8::Context>, v8::Local<v8::Value>, int, v8::Local<v8::Value>*)’
   60 |   V8_WARN_UNUSED_RESULT MaybeLocal<Value> Call(Local<Context> context,
      |                                           ^~~~
/home/codespace/.cache/node-gyp/24.11.1/include/node/v8-function.h:60:43: note:   candidate expects 4 arguments, 3 provided
../src/http.h: In static member function ‘static void HttpServer::getExpressApp(const v8::FunctionCallbackInfo<v8::Value>&)’:
../src/http.h:320:25: error: no matching function for call to ‘v8::Function::Get(v8::MaybeLocal<v8::String>)’
  320 |             express->Get(String::NewFromUtf8(isolate, "request"))->ToObject()->SetPrototype(Local<Object>::New(args.GetIsolate(), reqTemplate)->GetPrototype());
      |             ~~~~~~~~~~~~^~~~~~~~~~~~~~~~~~~~~~~~~~~~~~~~~~~~~~~~~
/home/codespace/.cache/node-gyp/24.11.1/include/node/v8-object.h:297:43: note: candidate: ‘v8::MaybeLocal<v8::Value> v8::Object::Get(v8::Local<v8::Context>, v8::Local<v8::Value>)’
  297 |   V8_WARN_UNUSED_RESULT MaybeLocal<Value> Get(Local<Context> context,
      |                                           ^~~
/home/codespace/.cache/node-gyp/24.11.1/include/node/v8-object.h:297:43: note:   candidate expects 2 arguments, 1 provided
/home/codespace/.cache/node-gyp/24.11.1/include/node/v8-object.h:299:43: note: candidate: ‘v8::MaybeLocal<v8::Value> v8::Object::Get(v8::Local<v8::Context>, v8::Local<v8::Value>, v8::MaybeLocal<v8::Object>)’
  299 |   V8_WARN_UNUSED_RESULT MaybeLocal<Value> Get(Local<Context> context,
      |                                           ^~~
/home/codespace/.cache/node-gyp/24.11.1/include/node/v8-object.h:299:43: note:   candidate expects 3 arguments, 1 provided
/home/codespace/.cache/node-gyp/24.11.1/include/node/v8-object.h:303:43: note: candidate: ‘v8::MaybeLocal<v8::Value> v8::Object::Get(v8::Local<v8::Context>, uint32_t)’
  303 |   V8_WARN_UNUSED_RESULT MaybeLocal<Value> Get(Local<Context> context,
      |                                           ^~~
/home/codespace/.cache/node-gyp/24.11.1/include/node/v8-object.h:303:43: note:   candidate expects 2 arguments, 1 provided
../src/http.h:321:25: error: no matching function for call to ‘v8::Function::Get(v8::MaybeLocal<v8::String>)’
  321 |             express->Get(String::NewFromUtf8(isolate, "response"))->ToObject()->SetPrototype(Local<Object>::New(args.GetIsolate(), resTemplate)->GetPrototype());
      |             ~~~~~~~~~~~~^~~~~~~~~~~~~~~~~~~~~~~~~~~~~~~~~~~~~~~~~~
/home/codespace/.cache/node-gyp/24.11.1/include/node/v8-object.h:297:43: note: candidate: ‘v8::MaybeLocal<v8::Value> v8::Object::Get(v8::Local<v8::Context>, v8::Local<v8::Value>)’
  297 |   V8_WARN_UNUSED_RESULT MaybeLocal<Value> Get(Local<Context> context,
      |                                           ^~~
/home/codespace/.cache/node-gyp/24.11.1/include/node/v8-object.h:297:43: note:   candidate expects 2 arguments, 1 provided
/home/codespace/.cache/node-gyp/24.11.1/include/node/v8-object.h:299:43: note: candidate: ‘v8::MaybeLocal<v8::Value> v8::Object::Get(v8::Local<v8::Context>, v8::Local<v8::Value>, v8::MaybeLocal<v8::Object>)’
  299 |   V8_WARN_UNUSED_RESULT MaybeLocal<Value> Get(Local<Context> context,
      |                                           ^~~
/home/codespace/.cache/node-gyp/24.11.1/include/node/v8-object.h:299:43: note:   candidate expects 3 arguments, 1 provided
/home/codespace/.cache/node-gyp/24.11.1/include/node/v8-object.h:303:43: note: candidate: ‘v8::MaybeLocal<v8::Value> v8::Object::Get(v8::Local<v8::Context>, uint32_t)’
  303 |   V8_WARN_UNUSED_RESULT MaybeLocal<Value> Get(Local<Context> context,
      |                                           ^~~
/home/codespace/.cache/node-gyp/24.11.1/include/node/v8-object.h:303:43: note:   candidate expects 2 arguments, 1 provided
../src/http.h:327:59: error: no matching function for call to ‘v8::Function::NewInstance()’
  327 |             args.GetReturnValue().Set(express->NewInstance());
      |                                       ~~~~~~~~~~~~~~~~~~~~^~
/home/codespace/.cache/node-gyp/24.11.1/include/node/v8-function.h:39:44: note: candidate: ‘v8::MaybeLocal<v8::Object> v8::Function::NewInstance(v8::Local<v8::Context>, int, v8::Local<v8::Value>*) const’
   39 |   V8_WARN_UNUSED_RESULT MaybeLocal<Object> NewInstance(
      |                                            ^~~~~~~~~~~
/home/codespace/.cache/node-gyp/24.11.1/include/node/v8-function.h:39:44: note:   candidate expects 3 arguments, 0 provided
/home/codespace/.cache/node-gyp/24.11.1/include/node/v8-function.h:42:44: note: candidate: ‘v8::MaybeLocal<v8::Object> v8::Function::NewInstance(v8::Local<v8::Context>) const’
   42 |   V8_WARN_UNUSED_RESULT MaybeLocal<Object> NewInstance(
      |                                            ^~~~~~~~~~~
/home/codespace/.cache/node-gyp/24.11.1/include/node/v8-function.h:42:44: note:   candidate expects 1 argument, 0 provided
../src/http.h: In static member function ‘static v8::Local<v8::Function> HttpServer::getHttpServer(v8::Isolate*)’:
../src/http.h:343:24: error: no matching function for call to ‘v8::FunctionTemplate::Set(v8::MaybeLocal<v8::String>, v8::Local<v8::FunctionTemplate>)’
  343 |         httpServer->Set(String::NewFromUtf8(isolate, "createServer"), FunctionTemplate::New(isolate, HttpServer::createServer));
      |         ~~~~~~~~~~~~~~~^~~~~~~~~~~~~~~~~~~~~~~~~~~~~~~~~~~~~~~~~~~~~~~~~~~~~~~~~~~~~~~~~~~~~~~~~~~~~~~~~~~~~~~~~~~~~~~~~~~~~~~~
/home/codespace/.cache/node-gyp/24.11.1/include/node/v8-template.h:57:8: note: candidate: ‘void v8::Template::Set(v8::Local<v8::Name>, v8::Local<v8::Data>, v8::PropertyAttribute)’
   57 |   void Set(Local<Name> name, Local<Data> value,
      |        ^~~
/home/codespace/.cache/node-gyp/24.11.1/include/node/v8-template.h:57:24: note:   no known conversion for argument 1 from ‘v8::MaybeLocal<v8::String>’ to ‘v8::Local<v8::Name>’
   57 |   void Set(Local<Name> name, Local<Data> value,
      |            ~~~~~~~~~~~~^~~~
/home/codespace/.cache/node-gyp/24.11.1/include/node/v8-template.h:1108:6: note: candidate: ‘void v8::Template::Set(v8::Isolate*, const char*, v8::Local<v8::Data>, v8::PropertyAttribute)’
 1108 | void Template::Set(Isolate* isolate, const char* name, Local<Data> value,
      |      ^~~~~~~~
/home/codespace/.cache/node-gyp/24.11.1/include/node/v8-template.h:1108:6: note:   candidate expects 4 arguments, 2 provided
../src/http.h:344:24: error: no matching function for call to ‘v8::FunctionTemplate::Set(v8::MaybeLocal<v8::String>, v8::Local<v8::FunctionTemplate>)’
  344 |         httpServer->Set(String::NewFromUtf8(isolate, "getExpressApp"), FunctionTemplate::New(isolate, HttpServer::getExpressApp));
      |         ~~~~~~~~~~~~~~~^~~~~~~~~~~~~~~~~~~~~~~~~~~~~~~~~~~~~~~~~~~~~~~~~~~~~~~~~~~~~~~~~~~~~~~~~~~~~~~~~~~~~~~~~~~~~~~~~~~~~~~~~~
/home/codespace/.cache/node-gyp/24.11.1/include/node/v8-template.h:57:8: note: candidate: ‘void v8::Template::Set(v8::Local<v8::Name>, v8::Local<v8::Data>, v8::PropertyAttribute)’
   57 |   void Set(Local<Name> name, Local<Data> value,
      |        ^~~
/home/codespace/.cache/node-gyp/24.11.1/include/node/v8-template.h:57:24: note:   no known conversion for argument 1 from ‘v8::MaybeLocal<v8::String>’ to ‘v8::Local<v8::Name>’
   57 |   void Set(Local<Name> name, Local<Data> value,
      |            ~~~~~~~~~~~~^~~~
/home/codespace/.cache/node-gyp/24.11.1/include/node/v8-template.h:1108:6: note: candidate: ‘void v8::Template::Set(v8::Isolate*, const char*, v8::Local<v8::Data>, v8::PropertyAttribute)’
 1108 | void Template::Set(Isolate* isolate, const char* name, Local<Data> value,
      |      ^~~~~~~~
/home/codespace/.cache/node-gyp/24.11.1/include/node/v8-template.h:1108:6: note:   candidate expects 4 arguments, 2 provided
../src/http.h:345:24: error: no matching function for call to ‘v8::FunctionTemplate::Set(v8::MaybeLocal<v8::String>, v8::Local<v8::FunctionTemplate>)’
  345 |         httpServer->Set(String::NewFromUtf8(isolate, "getResponsePrototype"), FunctionTemplate::New(isolate, HttpServer::getResponsePrototype));
      |         ~~~~~~~~~~~~~~~^~~~~~~~~~~~~~~~~~~~~~~~~~~~~~~~~~~~~~~~~~~~~~~~~~~~~~~~~~~~~~~~~~~~~~~~~~~~~~~~~~~~~~~~~~~~~~~~~~~~~~~~~~~~~~~~~~~~~~~~
/home/codespace/.cache/node-gyp/24.11.1/include/node/v8-template.h:57:8: note: candidate: ‘void v8::Template::Set(v8::Local<v8::Name>, v8::Local<v8::Data>, v8::PropertyAttribute)’
   57 |   void Set(Local<Name> name, Local<Data> value,
      |        ^~~
/home/codespace/.cache/node-gyp/24.11.1/include/node/v8-template.h:57:24: note:   no known conversion for argument 1 from ‘v8::MaybeLocal<v8::String>’ to ‘v8::Local<v8::Name>’
   57 |   void Set(Local<Name> name, Local<Data> value,
      |            ~~~~~~~~~~~~^~~~
/home/codespace/.cache/node-gyp/24.11.1/include/node/v8-template.h:1108:6: note: candidate: ‘void v8::Template::Set(v8::Isolate*, const char*, v8::Local<v8::Data>, v8::PropertyAttribute)’
 1108 | void Template::Set(Isolate* isolate, const char* name, Local<Data> value,
      |      ^~~~~~~~
/home/codespace/.cache/node-gyp/24.11.1/include/node/v8-template.h:1108:6: note:   candidate expects 4 arguments, 2 provided
../src/http.h:346:24: error: no matching function for call to ‘v8::FunctionTemplate::Set(v8::MaybeLocal<v8::String>, v8::Local<v8::FunctionTemplate>)’
  346 |         httpServer->Set(String::NewFromUtf8(isolate, "getRequestPrototype"), FunctionTemplate::New(isolate, HttpServer::getRequestPrototype));
      |         ~~~~~~~~~~~~~~~^~~~~~~~~~~~~~~~~~~~~~~~~~~~~~~~~~~~~~~~~~~~~~~~~~~~~~~~~~~~~~~~~~~~~~~~~~~~~~~~~~~~~~~~~~~~~~~~~~~~~~~~~~~~~~~~~~~~~~
/home/codespace/.cache/node-gyp/24.11.1/include/node/v8-template.h:57:8: note: candidate: ‘void v8::Template::Set(v8::Local<v8::Name>, v8::Local<v8::Data>, v8::PropertyAttribute)’
   57 |   void Set(Local<Name> name, Local<Data> value,
      |        ^~~
/home/codespace/.cache/node-gyp/24.11.1/include/node/v8-template.h:57:24: note:   no known conversion for argument 1 from ‘v8::MaybeLocal<v8::String>’ to ‘v8::Local<v8::Name>’
   57 |   void Set(Local<Name> name, Local<Data> value,
      |            ~~~~~~~~~~~~^~~~
/home/codespace/.cache/node-gyp/24.11.1/include/node/v8-template.h:1108:6: note: candidate: ‘void v8::Template::Set(v8::Isolate*, const char*, v8::Local<v8::Data>, v8::PropertyAttribute)’
 1108 | void Template::Set(Isolate* isolate, const char* name, Local<Data> value,
      |      ^~~~~~~~
/home/codespace/.cache/node-gyp/24.11.1/include/node/v8-template.h:1108:6: note:   candidate expects 4 arguments, 2 provided
../src/http.h:347:45: error: no matching function for call to ‘v8::ObjectTemplate::Set(v8::MaybeLocal<v8::String>, v8::Local<v8::FunctionTemplate>)’
  347 |         httpServer->PrototypeTemplate()->Set(String::NewFromUtf8(isolate, "listen"), FunctionTemplate::New(isolate, HttpServer::listen));
      |         ~~~~~~~~~~~~~~~~~~~~~~~~~~~~~~~~~~~~^~~~~~~~~~~~~~~~~~~~~~~~~~~~~~~~~~~~~~~~~~~~~~~~~~~~~~~~~~~~~~~~~~~~~~~~~~~~~~~~~~~~~~~~~~~~
/home/codespace/.cache/node-gyp/24.11.1/include/node/v8-template.h:57:8: note: candidate: ‘void v8::Template::Set(v8::Local<v8::Name>, v8::Local<v8::Data>, v8::PropertyAttribute)’
   57 |   void Set(Local<Name> name, Local<Data> value,
      |        ^~~
/home/codespace/.cache/node-gyp/24.11.1/include/node/v8-template.h:57:24: note:   no known conversion for argument 1 from ‘v8::MaybeLocal<v8::String>’ to ‘v8::Local<v8::Name>’
   57 |   void Set(Local<Name> name, Local<Data> value,
      |            ~~~~~~~~~~~~^~~~
/home/codespace/.cache/node-gyp/24.11.1/include/node/v8-template.h:1108:6: note: candidate: ‘void v8::Template::Set(v8::Isolate*, const char*, v8::Local<v8::Data>, v8::PropertyAttribute)’
 1108 | void Template::Set(Isolate* isolate, const char* name, Local<Data> value,
      |      ^~~~~~~~
/home/codespace/.cache/node-gyp/24.11.1/include/node/v8-template.h:1108:6: note:   candidate expects 4 arguments, 2 provided
../src/http.h:348:45: error: no matching function for call to ‘v8::ObjectTemplate::Set(v8::MaybeLocal<v8::String>, v8::Local<v8::FunctionTemplate>)’
  348 |         httpServer->PrototypeTemplate()->Set(String::NewFromUtf8(isolate, "on"), FunctionTemplate::New(isolate, HttpServer::on));
      |         ~~~~~~~~~~~~~~~~~~~~~~~~~~~~~~~~~~~~^~~~~~~~~~~~~~~~~~~~~~~~~~~~~~~~~~~~~~~~~~~~~~~~~~~~~~~~~~~~~~~~~~~~~~~~~~~~~~~~~~~~
/home/codespace/.cache/node-gyp/24.11.1/include/node/v8-template.h:57:8: note: candidate: ‘void v8::Template::Set(v8::Local<v8::Name>, v8::Local<v8::Data>, v8::PropertyAttribute)’
   57 |   void Set(Local<Name> name, Local<Data> value,
      |        ^~~
/home/codespace/.cache/node-gyp/24.11.1/include/node/v8-template.h:57:24: note:   no known conversion for argument 1 from ‘v8::MaybeLocal<v8::String>’ to ‘v8::Local<v8::Name>’
   57 |   void Set(Local<Name> name, Local<Data> value,
      |            ~~~~~~~~~~~~^~~~
/home/codespace/.cache/node-gyp/24.11.1/include/node/v8-template.h:1108:6: note: candidate: ‘void v8::Template::Set(v8::Isolate*, const char*, v8::Local<v8::Data>, v8::PropertyAttribute)’
 1108 | void Template::Set(Isolate* isolate, const char* name, Local<Data> value,
      |      ^~~~~~~~
/home/codespace/.cache/node-gyp/24.11.1/include/node/v8-template.h:1108:6: note:   candidate expects 4 arguments, 2 provided
../src/http.h:353:66: error: no matching function for call to ‘v8::FunctionTemplate::GetFunction()’
  353 |         Local<Function> httpServerLocal = httpServer->GetFunction();
      |                                           ~~~~~~~~~~~~~~~~~~~~~~~^~
/home/codespace/.cache/node-gyp/24.11.1/include/node/v8-template.h:602:46: note: candidate: ‘v8::MaybeLocal<v8::Function> v8::FunctionTemplate::GetFunction(v8::Local<v8::Context>)’
  602 |   V8_WARN_UNUSED_RESULT MaybeLocal<Function> GetFunction(
      |                                              ^~~~~~~~~~~
/home/codespace/.cache/node-gyp/24.11.1/include/node/v8-template.h:602:46: note:   candidate expects 1 argument, 0 provided
../src/addon.cpp: In function ‘void Main(v8::Local<v8::Object>)’:
../src/addon.cpp:8:17: error: no matching function for call to ‘v8::Object::Set(v8::MaybeLocal<v8::String>, v8::Local<v8::Object>)’
    8 |     exports->Set(String::NewFromUtf8(isolate, "server"), Namespace<uWS::SERVER>(isolate).object);
      |     ~~~~~~~~~~~~^~~~~~~~~~~~~~~~~~~~~~~~~~~~~~~~~~~~~~~~~~~~~~~~~~~~~~~~~~~~~~~~~~~~~~~~~~~~~~~~
/home/codespace/.cache/node-gyp/24.11.1/include/node/v8-object.h:239:37: note: candidate: ‘v8::Maybe<bool> v8::Object::Set(v8::Local<v8::Context>, v8::Local<v8::Value>, v8::Local<v8::Value>)’
  239 |   V8_WARN_UNUSED_RESULT Maybe<bool> Set(Local<Context> context,
      |                                     ^~~
/home/codespace/.cache/node-gyp/24.11.1/include/node/v8-object.h:239:37: note:   candidate expects 3 arguments, 2 provided
/home/codespace/.cache/node-gyp/24.11.1/include/node/v8-object.h:241:37: note: candidate: ‘v8::Maybe<bool> v8::Object::Set(v8::Local<v8::Context>, v8::Local<v8::Value>, v8::Local<v8::Value>, v8::MaybeLocal<v8::Object>)’
  241 |   V8_WARN_UNUSED_RESULT Maybe<bool> Set(Local<Context> context,
      |                                     ^~~
/home/codespace/.cache/node-gyp/24.11.1/include/node/v8-object.h:241:37: note:   candidate expects 4 arguments, 2 provided
/home/codespace/.cache/node-gyp/24.11.1/include/node/v8-object.h:245:37: note: candidate: ‘v8::Maybe<bool> v8::Object::Set(v8::Local<v8::Context>, uint32_t, v8::Local<v8::Value>)’
  245 |   V8_WARN_UNUSED_RESULT Maybe<bool> Set(Local<Context> context, uint32_t index,
      |                                     ^~~
/home/codespace/.cache/node-gyp/24.11.1/include/node/v8-object.h:245:37: note:   candidate expects 3 arguments, 2 provided
../src/addon.cpp:9:17: error: no matching function for call to ‘v8::Object::Set(v8::MaybeLocal<v8::String>, v8::Local<v8::Object>)’
    9 |     exports->Set(String::NewFromUtf8(isolate, "client"), Namespace<uWS::CLIENT>(isolate).object);
      |     ~~~~~~~~~~~~^~~~~~~~~~~~~~~~~~~~~~~~~~~~~~~~~~~~~~~~~~~~~~~~~~~~~~~~~~~~~~~~~~~~~~~~~~~~~~~~
/home/codespace/.cache/node-gyp/24.11.1/include/node/v8-object.h:239:37: note: candidate: ‘v8::Maybe<bool> v8::Object::Set(v8::Local<v8::Context>, v8::Local<v8::Value>, v8::Local<v8::Value>)’
  239 |   V8_WARN_UNUSED_RESULT Maybe<bool> Set(Local<Context> context,
      |                                     ^~~
/home/codespace/.cache/node-gyp/24.11.1/include/node/v8-object.h:239:37: note:   candidate expects 3 arguments, 2 provided
/home/codespace/.cache/node-gyp/24.11.1/include/node/v8-object.h:241:37: note: candidate: ‘v8::Maybe<bool> v8::Object::Set(v8::Local<v8::Context>, v8::Local<v8::Value>, v8::Local<v8::Value>, v8::MaybeLocal<v8::Object>)’
  241 |   V8_WARN_UNUSED_RESULT Maybe<bool> Set(Local<Context> context,
      |                                     ^~~
/home/codespace/.cache/node-gyp/24.11.1/include/node/v8-object.h:241:37: note:   candidate expects 4 arguments, 2 provided
/home/codespace/.cache/node-gyp/24.11.1/include/node/v8-object.h:245:37: note: candidate: ‘v8::Maybe<bool> v8::Object::Set(v8::Local<v8::Context>, uint32_t, v8::Local<v8::Value>)’
  245 |   V8_WARN_UNUSED_RESULT Maybe<bool> Set(Local<Context> context, uint32_t index,
      |                                     ^~~
/home/codespace/.cache/node-gyp/24.11.1/include/node/v8-object.h:245:37: note:   candidate expects 3 arguments, 2 provided
../src/addon.cpp:10:17: error: no matching function for call to ‘v8::Object::Set(v8::MaybeLocal<v8::String>, v8::Local<v8::Function>)’
   10 |     exports->Set(String::NewFromUtf8(isolate, "httpServer"), HttpServer::getHttpServer(isolate));
      |     ~~~~~~~~~~~~^~~~~~~~~~~~~~~~~~~~~~~~~~~~~~~~~~~~~~~~~~~~~~~~~~~~~~~~~~~~~~~~~~~~~~~~~~~~~~~~
/home/codespace/.cache/node-gyp/24.11.1/include/node/v8-object.h:239:37: note: candidate: ‘v8::Maybe<bool> v8::Object::Set(v8::Local<v8::Context>, v8::Local<v8::Value>, v8::Local<v8::Value>)’
  239 |   V8_WARN_UNUSED_RESULT Maybe<bool> Set(Local<Context> context,
      |                                     ^~~
/home/codespace/.cache/node-gyp/24.11.1/include/node/v8-object.h:239:37: note:   candidate expects 3 arguments, 2 provided
/home/codespace/.cache/node-gyp/24.11.1/include/node/v8-object.h:241:37: note: candidate: ‘v8::Maybe<bool> v8::Object::Set(v8::Local<v8::Context>, v8::Local<v8::Value>, v8::Local<v8::Value>, v8::MaybeLocal<v8::Object>)’
  241 |   V8_WARN_UNUSED_RESULT Maybe<bool> Set(Local<Context> context,
      |                                     ^~~
/home/codespace/.cache/node-gyp/24.11.1/include/node/v8-object.h:241:37: note:   candidate expects 4 arguments, 2 provided
/home/codespace/.cache/node-gyp/24.11.1/include/node/v8-object.h:245:37: note: candidate: ‘v8::Maybe<bool> v8::Object::Set(v8::Local<v8::Context>, uint32_t, v8::Local<v8::Value>)’
  245 |   V8_WARN_UNUSED_RESULT Maybe<bool> Set(Local<Context> context, uint32_t index,
      |                                     ^~~
/home/codespace/.cache/node-gyp/24.11.1/include/node/v8-object.h:245:37: note:   candidate expects 3 arguments, 2 provided
../src/addon.cpp: At global scope:
/home/codespace/.cache/node-gyp/24.11.1/include/node/node.h:1279:7: warning: cast between incompatible function types from ‘void (*)(v8::Local<v8::Object>)’ to ‘node::addon_register_func’ {aka ‘void (*)(v8::Local<v8::Object>, v8::Local<v8::Value>, void*)’} [-Wcast-function-type]
 1279 |       (node::addon_register_func) (regfunc),                          \
      |       ^~~~~~~~~~~~~~~~~~~~~~~~~~~~~~~~~~~~~
/home/codespace/.cache/node-gyp/24.11.1/include/node/node.h:1313:3: note: in expansion of macro ‘NODE_MODULE_X’
 1313 |   NODE_MODULE_X(modname, regfunc, NULL, 0)  // NOLINT (readability/null_usage)
      |   ^~~~~~~~~~~~~
../src/addon.cpp:24:1: note: in expansion of macro ‘NODE_MODULE’
   24 | NODE_MODULE(uws, Main)
      | ^~~~~~~~~~~
/home/codespace/.cache/node-gyp/24.11.1/include/node/v8-function-callback.h: In instantiation of ‘v8::Local<v8::Value> v8::FunctionCallbackInfo<F>::operator[](int) const [with T = v8::Value]’:
../src/addon.h:190:78:   required from here
/home/codespace/.cache/node-gyp/24.11.1/include/node/v8-function-callback.h:623:47: error: could not convert ‘v8::Undefined(((const v8::FunctionCallbackInfo<v8::Value>*)this)->v8::FunctionCallbackInfo<v8::Value>::GetIsolate())’ from ‘Local<v8::Primitive>’ to ‘Local<v8::Value>’
  623 |   if (i < 0 || Length() <= i) return Undefined(GetIsolate());
      |                                      ~~~~~~~~~^~~~~~~~~~~~~~
      |                                               |
      |                                               Local<v8::Primitive>
/home/codespace/.cache/node-gyp/24.11.1/include/node/v8-function-callback.h: In instantiation of ‘void v8::ReturnValue<F>::Set(v8::Local<S>) [with S = v8::Data; T = v8::Value]’:
../src/http.h:37:38:   required from here
/home/codespace/.cache/node-gyp/24.11.1/include/node/v8-function-callback.h:392:33: error: static assertion failed: type check
  392 |   static_assert(is_allowed_void || std::is_base_of<T, S>::value, "type check");
      |                 ~~~~~~~~~~~~~~~~^~~~~~~~~~~~~~~~~~~~~~~~~~~~~~~
/home/codespace/.cache/node-gyp/24.11.1/include/node/v8-function-callback.h:392:33: note: ‘(((bool)is_allowed_void) || ((bool)std::integral_constant<bool, false>::value))’ evaluates to false
../src/addon.h: In instantiation of ‘void getAddress(const v8::FunctionCallbackInfo<v8::Value>&) [with bool isServer = true]’:
../src/addon.cpp:15:20:   required from here
../src/addon.h:137:15: error: no matching function for call to ‘v8::Array::Set(int, v8::Local<v8::Integer>)’
  137 |     array->Set(0, Integer::New(args.GetIsolate(), address.port));
      |     ~~~~~~~~~~^~~~~~~~~~~~~~~~~~~~~~~~~~~~~~~~~~~~~~~~~~~~~~~~~~
/home/codespace/.cache/node-gyp/24.11.1/include/node/v8-object.h:239:37: note: candidate: ‘v8::Maybe<bool> v8::Object::Set(v8::Local<v8::Context>, v8::Local<v8::Value>, v8::Local<v8::Value>)’
  239 |   V8_WARN_UNUSED_RESULT Maybe<bool> Set(Local<Context> context,
      |                                     ^~~
/home/codespace/.cache/node-gyp/24.11.1/include/node/v8-object.h:239:37: note:   candidate expects 3 arguments, 2 provided
/home/codespace/.cache/node-gyp/24.11.1/include/node/v8-object.h:241:37: note: candidate: ‘v8::Maybe<bool> v8::Object::Set(v8::Local<v8::Context>, v8::Local<v8::Value>, v8::Local<v8::Value>, v8::MaybeLocal<v8::Object>)’
  241 |   V8_WARN_UNUSED_RESULT Maybe<bool> Set(Local<Context> context,
      |                                     ^~~
/home/codespace/.cache/node-gyp/24.11.1/include/node/v8-object.h:241:37: note:   candidate expects 4 arguments, 2 provided
/home/codespace/.cache/node-gyp/24.11.1/include/node/v8-object.h:245:37: note: candidate: ‘v8::Maybe<bool> v8::Object::Set(v8::Local<v8::Context>, uint32_t, v8::Local<v8::Value>)’
  245 |   V8_WARN_UNUSED_RESULT Maybe<bool> Set(Local<Context> context, uint32_t index,
      |                                     ^~~
/home/codespace/.cache/node-gyp/24.11.1/include/node/v8-object.h:245:37: note:   candidate expects 3 arguments, 2 provided
../src/addon.h:138:15: error: no matching function for call to ‘v8::Array::Set(int, v8::MaybeLocal<v8::String>)’
  138 |     array->Set(1, String::NewFromUtf8(args.GetIsolate(), address.address));
      |     ~~~~~~~~~~^~~~~~~~~~~~~~~~~~~~~~~~~~~~~~~~~~~~~~~~~~~~~~~~~~~~~~~~~~~~
/home/codespace/.cache/node-gyp/24.11.1/include/node/v8-object.h:239:37: note: candidate: ‘v8::Maybe<bool> v8::Object::Set(v8::Local<v8::Context>, v8::Local<v8::Value>, v8::Local<v8::Value>)’
  239 |   V8_WARN_UNUSED_RESULT Maybe<bool> Set(Local<Context> context,
      |                                     ^~~
/home/codespace/.cache/node-gyp/24.11.1/include/node/v8-object.h:239:37: note:   candidate expects 3 arguments, 2 provided
/home/codespace/.cache/node-gyp/24.11.1/include/node/v8-object.h:241:37: note: candidate: ‘v8::Maybe<bool> v8::Object::Set(v8::Local<v8::Context>, v8::Local<v8::Value>, v8::Local<v8::Value>, v8::MaybeLocal<v8::Object>)’
  241 |   V8_WARN_UNUSED_RESULT Maybe<bool> Set(Local<Context> context,
      |                                     ^~~
/home/codespace/.cache/node-gyp/24.11.1/include/node/v8-object.h:241:37: note:   candidate expects 4 arguments, 2 provided
/home/codespace/.cache/node-gyp/24.11.1/include/node/v8-object.h:245:37: note: candidate: ‘v8::Maybe<bool> v8::Object::Set(v8::Local<v8::Context>, uint32_t, v8::Local<v8::Value>)’
  245 |   V8_WARN_UNUSED_RESULT Maybe<bool> Set(Local<Context> context, uint32_t index,
      |                                     ^~~
/home/codespace/.cache/node-gyp/24.11.1/include/node/v8-object.h:245:37: note:   candidate expects 3 arguments, 2 provided
../src/addon.h:139:15: error: no matching function for call to ‘v8::Array::Set(int, v8::MaybeLocal<v8::String>)’
  139 |     array->Set(2, String::NewFromUtf8(args.GetIsolate(), address.family));
      |     ~~~~~~~~~~^~~~~~~~~~~~~~~~~~~~~~~~~~~~~~~~~~~~~~~~~~~~~~~~~~~~~~~~~~~
/home/codespace/.cache/node-gyp/24.11.1/include/node/v8-object.h:239:37: note: candidate: ‘v8::Maybe<bool> v8::Object::Set(v8::Local<v8::Context>, v8::Local<v8::Value>, v8::Local<v8::Value>)’
  239 |   V8_WARN_UNUSED_RESULT Maybe<bool> Set(Local<Context> context,
      |                                     ^~~
/home/codespace/.cache/node-gyp/24.11.1/include/node/v8-object.h:239:37: note:   candidate expects 3 arguments, 2 provided
/home/codespace/.cache/node-gyp/24.11.1/include/node/v8-object.h:241:37: note: candidate: ‘v8::Maybe<bool> v8::Object::Set(v8::Local<v8::Context>, v8::Local<v8::Value>, v8::Local<v8::Value>, v8::MaybeLocal<v8::Object>)’
  241 |   V8_WARN_UNUSED_RESULT Maybe<bool> Set(Local<Context> context,
      |                                     ^~~
/home/codespace/.cache/node-gyp/24.11.1/include/node/v8-object.h:241:37: note:   candidate expects 4 arguments, 2 provided
/home/codespace/.cache/node-gyp/24.11.1/include/node/v8-object.h:245:37: note: candidate: ‘v8::Maybe<bool> v8::Object::Set(v8::Local<v8::Context>, uint32_t, v8::Local<v8::Value>)’
  245 |   V8_WARN_UNUSED_RESULT Maybe<bool> Set(Local<Context> context, uint32_t index,
      |                                     ^~~
/home/codespace/.cache/node-gyp/24.11.1/include/node/v8-object.h:245:37: note:   candidate expects 3 arguments, 2 provided
../src/addon.h: In instantiation of ‘void onConnection(const v8::FunctionCallbackInfo<v8::Value>&) [with bool isServer = true]’:
../src/addon.h:441:24:   required from ‘Namespace<isServer>::Namespace(v8::Isolate*) [with bool isServer = true]’
../src/addon.cpp:8:88:   required from here
../src/addon.h:255:42: error: conversion from ‘Local<v8::External>’ to non-scalar type ‘Local<v8::Value>’ requested
  255 |         Local<Value> argv[] = {wrapSocket(webSocket, isolate)};
      |                                ~~~~~~~~~~^~~~~~~~~~~~~~~~~~~~
../src/addon.h:256:27: warning: ‘v8::Local<v8::Value> node::MakeCallback(v8::Isolate*, v8::Local<v8::Object>, v8::Local<v8::Function>, int, v8::Local<v8::Value>*)’ is deprecated: Use MakeCallback(..., async_context) [-Wdeprecated-declarations]
  256 |         node::MakeCallback(isolate, isolate->GetCurrentContext()->Global(), Local<Function>::New(isolate, *connectionCallback), 1, argv);
      |         ~~~~~~~~~~~~~~~~~~^~~~~~~~~~~~~~~~~~~~~~~~~~~~~~~~~~~~~~~~~~~~~~~~~~~~~~~~~~~~~~~~~~~~~~~~~~~~~~~~~~~~~~~~~~~~~~~~~~~~~~~~~~~~~~
/home/codespace/.cache/node-gyp/24.11.1/include/node/node.h:200:50: note: declared here
  200 |                 NODE_EXTERN v8::Local<v8::Value> MakeCallback(
      |                                                  ^~~~~~~~~~~~
/home/codespace/.cache/node-gyp/24.11.1/include/node/node.h:117:42: note: in definition of macro ‘NODE_DEPRECATED’
  117 |     __attribute__((deprecated(message))) declarator
      |                                          ^~~~~~~~~~
../src/addon.h: In instantiation of ‘void onMessage(const v8::FunctionCallbackInfo<v8::Value>&) [with bool isServer = true]’:
../src/addon.h:442:24:   required from ‘Namespace<isServer>::Namespace(v8::Isolate*) [with bool isServer = true]’
../src/addon.cpp:8:88:   required from here
../src/addon.h:272:62: error: no matching function for call to ‘v8::Function::Call(v8::Local<v8::Object>, int, v8::Local<v8::Value> [2])’
  272 |         Local<Function>::New(isolate, *messageCallback)->Call(isolate->GetCurrentContext()->Global(), 2, argv);
      |         ~~~~~~~~~~~~~~~~~~~~~~~~~~~~~~~~~~~~~~~~~~~~~~~~~~~~~^~~~~~~~~~~~~~~~~~~~~~~~~~~~~~~~~~~~~~~~~~~~~~~~~
/home/codespace/.cache/node-gyp/24.11.1/include/node/v8-function.h:56:43: note: candidate: ‘v8::MaybeLocal<v8::Value> v8::Function::Call(v8::Isolate*, v8::Local<v8::Context>, v8::Local<v8::Value>, int, v8::Local<v8::Value>*)’
   56 |   V8_WARN_UNUSED_RESULT MaybeLocal<Value> Call(v8::Isolate* isolate,
      |                                           ^~~~
/home/codespace/.cache/node-gyp/24.11.1/include/node/v8-function.h:56:43: note:   candidate expects 5 arguments, 3 provided
/home/codespace/.cache/node-gyp/24.11.1/include/node/v8-function.h:60:43: note: candidate: ‘v8::MaybeLocal<v8::Value> v8::Function::Call(v8::Local<v8::Context>, v8::Local<v8::Value>, int, v8::Local<v8::Value>*)’
   60 |   V8_WARN_UNUSED_RESULT MaybeLocal<Value> Call(Local<Context> context,
      |                                           ^~~~
/home/codespace/.cache/node-gyp/24.11.1/include/node/v8-function.h:60:43: note:   candidate expects 4 arguments, 3 provided
../src/addon.h: In instantiation of ‘void onDisconnection(const v8::FunctionCallbackInfo<v8::Value>&) [with bool isServer = true]’:
../src/addon.h:443:24:   required from ‘Namespace<isServer>::Namespace(v8::Isolate*) [with bool isServer = true]’
../src/addon.cpp:8:88:   required from here
../src/addon.h:320:42: error: conversion from ‘Local<v8::External>’ to non-scalar type ‘Local<v8::Value>’ requested
  320 |         Local<Value> argv[] = {wrapSocket(webSocket, isolate),
      |                                ~~~~~~~~~~^~~~~~~~~~~~~~~~~~~~
../src/addon.h:321:44: error: conversion from ‘Local<v8::Integer>’ to non-scalar type ‘Local<v8::Value>’ requested
  321 |                                Integer::New(isolate, code),
      |                                ~~~~~~~~~~~~^~~~~~~~~~~~~~~
../src/addon.h:324:27: warning: ‘v8::Local<v8::Value> node::MakeCallback(v8::Isolate*, v8::Local<v8::Object>, v8::Local<v8::Function>, int, v8::Local<v8::Value>*)’ is deprecated: Use MakeCallback(..., async_context) [-Wdeprecated-declarations]
  324 |         node::MakeCallback(isolate, isolate->GetCurrentContext()->Global(), Local<Function>::New(isolate, *disconnectionCallback), 4, argv);
      |         ~~~~~~~~~~~~~~~~~~^~~~~~~~~~~~~~~~~~~~~~~~~~~~~~~~~~~~~~~~~~~~~~~~~~~~~~~~~~~~~~~~~~~~~~~~~~~~~~~~~~~~~~~~~~~~~~~~~~~~~~~~~~~~~~~~~
/home/codespace/.cache/node-gyp/24.11.1/include/node/node.h:200:50: note: declared here
  200 |                 NODE_EXTERN v8::Local<v8::Value> MakeCallback(
      |                                                  ^~~~~~~~~~~~
/home/codespace/.cache/node-gyp/24.11.1/include/node/node.h:117:42: note: in definition of macro ‘NODE_DEPRECATED’
  117 |     __attribute__((deprecated(message))) declarator
      |                                          ^~~~~~~~~~
../src/addon.h: In instantiation of ‘void onPing(const v8::FunctionCallbackInfo<v8::Value>&) [with bool isServer = true]’:
../src/addon.h:454:24:   required from ‘Namespace<isServer>::Namespace(v8::Isolate*) [with bool isServer = true]’
../src/addon.cpp:8:88:   required from here
../src/addon.h:288:27: warning: ‘v8::Local<v8::Value> node::MakeCallback(v8::Isolate*, v8::Local<v8::Object>, v8::Local<v8::Function>, int, v8::Local<v8::Value>*)’ is deprecated: Use MakeCallback(..., async_context) [-Wdeprecated-declarations]
  288 |         node::MakeCallback(isolate, isolate->GetCurrentContext()->Global(), Local<Function>::New(isolate, *pingCallback), 2, argv);
      |         ~~~~~~~~~~~~~~~~~~^~~~~~~~~~~~~~~~~~~~~~~~~~~~~~~~~~~~~~~~~~~~~~~~~~~~~~~~~~~~~~~~~~~~~~~~~~~~~~~~~~~~~~~~~~~~~~~~~~~~~~~~
/home/codespace/.cache/node-gyp/24.11.1/include/node/node.h:200:50: note: declared here
  200 |                 NODE_EXTERN v8::Local<v8::Value> MakeCallback(
      |                                                  ^~~~~~~~~~~~
/home/codespace/.cache/node-gyp/24.11.1/include/node/node.h:117:42: note: in definition of macro ‘NODE_DEPRECATED’
  117 |     __attribute__((deprecated(message))) declarator
      |                                          ^~~~~~~~~~
../src/addon.h: In instantiation of ‘void onPong(const v8::FunctionCallbackInfo<v8::Value>&) [with bool isServer = true]’:
../src/addon.h:455:24:   required from ‘Namespace<isServer>::Namespace(v8::Isolate*) [with bool isServer = true]’
../src/addon.cpp:8:88:   required from here
../src/addon.h:304:27: warning: ‘v8::Local<v8::Value> node::MakeCallback(v8::Isolate*, v8::Local<v8::Object>, v8::Local<v8::Function>, int, v8::Local<v8::Value>*)’ is deprecated: Use MakeCallback(..., async_context) [-Wdeprecated-declarations]
  304 |         node::MakeCallback(isolate, isolate->GetCurrentContext()->Global(), Local<Function>::New(isolate, *pongCallback), 2, argv);
      |         ~~~~~~~~~~~~~~~~~~^~~~~~~~~~~~~~~~~~~~~~~~~~~~~~~~~~~~~~~~~~~~~~~~~~~~~~~~~~~~~~~~~~~~~~~~~~~~~~~~~~~~~~~~~~~~~~~~~~~~~~~~
/home/codespace/.cache/node-gyp/24.11.1/include/node/node.h:200:50: note: declared here
  200 |                 NODE_EXTERN v8::Local<v8::Value> MakeCallback(
      |                                                  ^~~~~~~~~~~~
/home/codespace/.cache/node-gyp/24.11.1/include/node/node.h:117:42: note: in definition of macro ‘NODE_DEPRECATED’
  117 |     __attribute__((deprecated(message))) declarator
      |                                          ^~~~~~~~~~
../src/addon.h: In instantiation of ‘void onConnection(const v8::FunctionCallbackInfo<v8::Value>&) [with bool isServer = false]’:
../src/addon.h:441:24:   required from ‘Namespace<isServer>::Namespace(v8::Isolate*) [with bool isServer = false]’
../src/addon.cpp:9:88:   required from here
../src/addon.h:255:42: error: conversion from ‘Local<v8::External>’ to non-scalar type ‘Local<v8::Value>’ requested
  255 |         Local<Value> argv[] = {wrapSocket(webSocket, isolate)};
      |                                ~~~~~~~~~~^~~~~~~~~~~~~~~~~~~~
../src/addon.h:256:27: warning: ‘v8::Local<v8::Value> node::MakeCallback(v8::Isolate*, v8::Local<v8::Object>, v8::Local<v8::Function>, int, v8::Local<v8::Value>*)’ is deprecated: Use MakeCallback(..., async_context) [-Wdeprecated-declarations]
  256 |         node::MakeCallback(isolate, isolate->GetCurrentContext()->Global(), Local<Function>::New(isolate, *connectionCallback), 1, argv);
      |         ~~~~~~~~~~~~~~~~~~^~~~~~~~~~~~~~~~~~~~~~~~~~~~~~~~~~~~~~~~~~~~~~~~~~~~~~~~~~~~~~~~~~~~~~~~~~~~~~~~~~~~~~~~~~~~~~~~~~~~~~~~~~~~~~
/home/codespace/.cache/node-gyp/24.11.1/include/node/node.h:200:50: note: declared here
  200 |                 NODE_EXTERN v8::Local<v8::Value> MakeCallback(
      |                                                  ^~~~~~~~~~~~
/home/codespace/.cache/node-gyp/24.11.1/include/node/node.h:117:42: note: in definition of macro ‘NODE_DEPRECATED’
  117 |     __attribute__((deprecated(message))) declarator
      |                                          ^~~~~~~~~~
../src/addon.h: In instantiation of ‘void onMessage(const v8::FunctionCallbackInfo<v8::Value>&) [with bool isServer = false]’:
../src/addon.h:442:24:   required from ‘Namespace<isServer>::Namespace(v8::Isolate*) [with bool isServer = false]’
../src/addon.cpp:9:88:   required from here
../src/addon.h:272:62: error: no matching function for call to ‘v8::Function::Call(v8::Local<v8::Object>, int, v8::Local<v8::Value> [2])’
  272 |         Local<Function>::New(isolate, *messageCallback)->Call(isolate->GetCurrentContext()->Global(), 2, argv);
      |         ~~~~~~~~~~~~~~~~~~~~~~~~~~~~~~~~~~~~~~~~~~~~~~~~~~~~~^~~~~~~~~~~~~~~~~~~~~~~~~~~~~~~~~~~~~~~~~~~~~~~~~
/home/codespace/.cache/node-gyp/24.11.1/include/node/v8-function.h:56:43: note: candidate: ‘v8::MaybeLocal<v8::Value> v8::Function::Call(v8::Isolate*, v8::Local<v8::Context>, v8::Local<v8::Value>, int, v8::Local<v8::Value>*)’
   56 |   V8_WARN_UNUSED_RESULT MaybeLocal<Value> Call(v8::Isolate* isolate,
      |                                           ^~~~
/home/codespace/.cache/node-gyp/24.11.1/include/node/v8-function.h:56:43: note:   candidate expects 5 arguments, 3 provided
/home/codespace/.cache/node-gyp/24.11.1/include/node/v8-function.h:60:43: note: candidate: ‘v8::MaybeLocal<v8::Value> v8::Function::Call(v8::Local<v8::Context>, v8::Local<v8::Value>, int, v8::Local<v8::Value>*)’
   60 |   V8_WARN_UNUSED_RESULT MaybeLocal<Value> Call(Local<Context> context,
      |                                           ^~~~
/home/codespace/.cache/node-gyp/24.11.1/include/node/v8-function.h:60:43: note:   candidate expects 4 arguments, 3 provided
../src/addon.h: In instantiation of ‘void onDisconnection(const v8::FunctionCallbackInfo<v8::Value>&) [with bool isServer = false]’:
../src/addon.h:443:24:   required from ‘Namespace<isServer>::Namespace(v8::Isolate*) [with bool isServer = false]’
../src/addon.cpp:9:88:   required from here
../src/addon.h:320:42: error: conversion from ‘Local<v8::External>’ to non-scalar type ‘Local<v8::Value>’ requested
  320 |         Local<Value> argv[] = {wrapSocket(webSocket, isolate),
      |                                ~~~~~~~~~~^~~~~~~~~~~~~~~~~~~~
../src/addon.h:321:44: error: conversion from ‘Local<v8::Integer>’ to non-scalar type ‘Local<v8::Value>’ requested
  321 |                                Integer::New(isolate, code),
      |                                ~~~~~~~~~~~~^~~~~~~~~~~~~~~
../src/addon.h:324:27: warning: ‘v8::Local<v8::Value> node::MakeCallback(v8::Isolate*, v8::Local<v8::Object>, v8::Local<v8::Function>, int, v8::Local<v8::Value>*)’ is deprecated: Use MakeCallback(..., async_context) [-Wdeprecated-declarations]
  324 |         node::MakeCallback(isolate, isolate->GetCurrentContext()->Global(), Local<Function>::New(isolate, *disconnectionCallback), 4, argv);
      |         ~~~~~~~~~~~~~~~~~~^~~~~~~~~~~~~~~~~~~~~~~~~~~~~~~~~~~~~~~~~~~~~~~~~~~~~~~~~~~~~~~~~~~~~~~~~~~~~~~~~~~~~~~~~~~~~~~~~~~~~~~~~~~~~~~~~
/home/codespace/.cache/node-gyp/24.11.1/include/node/node.h:200:50: note: declared here
  200 |                 NODE_EXTERN v8::Local<v8::Value> MakeCallback(
      |                                                  ^~~~~~~~~~~~
/home/codespace/.cache/node-gyp/24.11.1/include/node/node.h:117:42: note: in definition of macro ‘NODE_DEPRECATED’
  117 |     __attribute__((deprecated(message))) declarator
      |                                          ^~~~~~~~~~
../src/addon.h: In instantiation of ‘void onPing(const v8::FunctionCallbackInfo<v8::Value>&) [with bool isServer = false]’:
../src/addon.h:454:24:   required from ‘Namespace<isServer>::Namespace(v8::Isolate*) [with bool isServer = false]’
../src/addon.cpp:9:88:   required from here
../src/addon.h:288:27: warning: ‘v8::Local<v8::Value> node::MakeCallback(v8::Isolate*, v8::Local<v8::Object>, v8::Local<v8::Function>, int, v8::Local<v8::Value>*)’ is deprecated: Use MakeCallback(..., async_context) [-Wdeprecated-declarations]
  288 |         node::MakeCallback(isolate, isolate->GetCurrentContext()->Global(), Local<Function>::New(isolate, *pingCallback), 2, argv);
      |         ~~~~~~~~~~~~~~~~~~^~~~~~~~~~~~~~~~~~~~~~~~~~~~~~~~~~~~~~~~~~~~~~~~~~~~~~~~~~~~~~~~~~~~~~~~~~~~~~~~~~~~~~~~~~~~~~~~~~~~~~~~
/home/codespace/.cache/node-gyp/24.11.1/include/node/node.h:200:50: note: declared here
  200 |                 NODE_EXTERN v8::Local<v8::Value> MakeCallback(
      |                                                  ^~~~~~~~~~~~
/home/codespace/.cache/node-gyp/24.11.1/include/node/node.h:117:42: note: in definition of macro ‘NODE_DEPRECATED’
  117 |     __attribute__((deprecated(message))) declarator
      |                                          ^~~~~~~~~~
../src/addon.h: In instantiation of ‘void onPong(const v8::FunctionCallbackInfo<v8::Value>&) [with bool isServer = false]’:
../src/addon.h:455:24:   required from ‘Namespace<isServer>::Namespace(v8::Isolate*) [with bool isServer = false]’
../src/addon.cpp:9:88:   required from here
../src/addon.h:304:27: warning: ‘v8::Local<v8::Value> node::MakeCallback(v8::Isolate*, v8::Local<v8::Object>, v8::Local<v8::Function>, int, v8::Local<v8::Value>*)’ is deprecated: Use MakeCallback(..., async_context) [-Wdeprecated-declarations]
  304 |         node::MakeCallback(isolate, isolate->GetCurrentContext()->Global(), Local<Function>::New(isolate, *pongCallback), 2, argv);
      |         ~~~~~~~~~~~~~~~~~~^~~~~~~~~~~~~~~~~~~~~~~~~~~~~~~~~~~~~~~~~~~~~~~~~~~~~~~~~~~~~~~~~~~~~~~~~~~~~~~~~~~~~~~~~~~~~~~~~~~~~~~~
/home/codespace/.cache/node-gyp/24.11.1/include/node/node.h:200:50: note: declared here
  200 |                 NODE_EXTERN v8::Local<v8::Value> MakeCallback(
      |                                                  ^~~~~~~~~~~~
/home/codespace/.cache/node-gyp/24.11.1/include/node/node.h:117:42: note: in definition of macro ‘NODE_DEPRECATED’
  117 |     __attribute__((deprecated(message))) declarator
      |                                          ^~~~~~~~~~
../src/addon.h: In instantiation of ‘void sendCallback(uWS::WebSocket<isServer>*, void*, bool, void*) [with bool isServer = true]’:
../src/addon.h:179:18:   required from ‘void send(const v8::FunctionCallbackInfo<v8::Value>&) [with bool isServer = true]’
../src/addon.h:433:24:   required from ‘Namespace<isServer>::Namespace(v8::Isolate*) [with bool isServer = true]’
../src/addon.cpp:8:88:   required from here
../src/addon.h:163:27: warning: ‘v8::Local<v8::Value> node::MakeCallback(v8::Isolate*, v8::Local<v8::Object>, v8::Local<v8::Function>, int, v8::Local<v8::Value>*)’ is deprecated: Use MakeCallback(..., async_context) [-Wdeprecated-declarations]
  163 |         node::MakeCallback(sc->isolate, sc->isolate->GetCurrentContext()->Global(), Local<Function>::New(sc->isolate, sc->jsCallback), 0, nullptr);
      |         ~~~~~~~~~~~~~~~~~~^~~~~~~~~~~~~~~~~~~~~~~~~~~~~~~~~~~~~~~~~~~~~~~~~~~~~~~~~~~~~~~~~~~~~~~~~~~~~~~~~~~~~~~~~~~~~~~~~~~~~~~~~~~~~~~~~~~~~~~~
/home/codespace/.cache/node-gyp/24.11.1/include/node/node.h:200:50: note: declared here
  200 |                 NODE_EXTERN v8::Local<v8::Value> MakeCallback(
      |                                                  ^~~~~~~~~~~~
/home/codespace/.cache/node-gyp/24.11.1/include/node/node.h:117:42: note: in definition of macro ‘NODE_DEPRECATED’
  117 |     __attribute__((deprecated(message))) declarator
      |                                          ^~~~~~~~~~
../src/addon.h:163:27: warning: ‘v8::Local<v8::Value> node::MakeCallback(v8::Isolate*, v8::Local<v8::Object>, v8::Local<v8::Function>, int, v8::Local<v8::Value>*)’ is deprecated: Use MakeCallback(..., async_context) [-Wdeprecated-declarations]
  163 |         node::MakeCallback(sc->isolate, sc->isolate->GetCurrentContext()->Global(), Local<Function>::New(sc->isolate, sc->jsCallback), 0, nullptr);
      |         ~~~~~~~~~~~~~~~~~~^~~~~~~~~~~~~~~~~~~~~~~~~~~~~~~~~~~~~~~~~~~~~~~~~~~~~~~~~~~~~~~~~~~~~~~~~~~~~~~~~~~~~~~~~~~~~~~~~~~~~~~~~~~~~~~~~~~~~~~~
/home/codespace/.cache/node-gyp/24.11.1/include/node/node.h:200:50: note: declared here
  200 |                 NODE_EXTERN v8::Local<v8::Value> MakeCallback(
      |                                                  ^~~~~~~~~~~~
/home/codespace/.cache/node-gyp/24.11.1/include/node/node.h:117:42: note: in definition of macro ‘NODE_DEPRECATED’
  117 |     __attribute__((deprecated(message))) declarator
      |                                          ^~~~~~~~~~
../src/addon.h:163:27: warning: ‘v8::Local<v8::Value> node::MakeCallback(v8::Isolate*, v8::Local<v8::Object>, v8::Local<v8::Function>, int, v8::Local<v8::Value>*)’ is deprecated: Use MakeCallback(..., async_context) [-Wdeprecated-declarations]
  163 |         node::MakeCallback(sc->isolate, sc->isolate->GetCurrentContext()->Global(), Local<Function>::New(sc->isolate, sc->jsCallback), 0, nullptr);
      |         ~~~~~~~~~~~~~~~~~~^~~~~~~~~~~~~~~~~~~~~~~~~~~~~~~~~~~~~~~~~~~~~~~~~~~~~~~~~~~~~~~~~~~~~~~~~~~~~~~~~~~~~~~~~~~~~~~~~~~~~~~~~~~~~~~~~~~~~~~~
/home/codespace/.cache/node-gyp/24.11.1/include/node/node.h:200:50: note: declared here
  200 |                 NODE_EXTERN v8::Local<v8::Value> MakeCallback(
      |                                                  ^~~~~~~~~~~~
/home/codespace/.cache/node-gyp/24.11.1/include/node/node.h:117:42: note: in definition of macro ‘NODE_DEPRECATED’
  117 |     __attribute__((deprecated(message))) declarator
      |                                          ^~~~~~~~~~
../src/addon.h: In instantiation of ‘void sendCallback(uWS::WebSocket<isServer>*, void*, bool, void*) [with bool isServer = false]’:
../src/addon.h:179:18:   required from ‘void send(const v8::FunctionCallbackInfo<v8::Value>&) [with bool isServer = false]’
../src/addon.h:433:24:   required from ‘Namespace<isServer>::Namespace(v8::Isolate*) [with bool isServer = false]’
../src/addon.cpp:9:88:   required from here
../src/addon.h:163:27: warning: ‘v8::Local<v8::Value> node::MakeCallback(v8::Isolate*, v8::Local<v8::Object>, v8::Local<v8::Function>, int, v8::Local<v8::Value>*)’ is deprecated: Use MakeCallback(..., async_context) [-Wdeprecated-declarations]
  163 |         node::MakeCallback(sc->isolate, sc->isolate->GetCurrentContext()->Global(), Local<Function>::New(sc->isolate, sc->jsCallback), 0, nullptr);
      |         ~~~~~~~~~~~~~~~~~~^~~~~~~~~~~~~~~~~~~~~~~~~~~~~~~~~~~~~~~~~~~~~~~~~~~~~~~~~~~~~~~~~~~~~~~~~~~~~~~~~~~~~~~~~~~~~~~~~~~~~~~~~~~~~~~~~~~~~~~~
/home/codespace/.cache/node-gyp/24.11.1/include/node/node.h:200:50: note: declared here
  200 |                 NODE_EXTERN v8::Local<v8::Value> MakeCallback(
      |                                                  ^~~~~~~~~~~~
/home/codespace/.cache/node-gyp/24.11.1/include/node/node.h:117:42: note: in definition of macro ‘NODE_DEPRECATED’
  117 |     __attribute__((deprecated(message))) declarator
      |                                          ^~~~~~~~~~
../src/addon.h:163:27: warning: ‘v8::Local<v8::Value> node::MakeCallback(v8::Isolate*, v8::Local<v8::Object>, v8::Local<v8::Function>, int, v8::Local<v8::Value>*)’ is deprecated: Use MakeCallback(..., async_context) [-Wdeprecated-declarations]
  163 |         node::MakeCallback(sc->isolate, sc->isolate->GetCurrentContext()->Global(), Local<Function>::New(sc->isolate, sc->jsCallback), 0, nullptr);
      |         ~~~~~~~~~~~~~~~~~~^~~~~~~~~~~~~~~~~~~~~~~~~~~~~~~~~~~~~~~~~~~~~~~~~~~~~~~~~~~~~~~~~~~~~~~~~~~~~~~~~~~~~~~~~~~~~~~~~~~~~~~~~~~~~~~~~~~~~~~~
/home/codespace/.cache/node-gyp/24.11.1/include/node/node.h:200:50: note: declared here
  200 |                 NODE_EXTERN v8::Local<v8::Value> MakeCallback(
      |                                                  ^~~~~~~~~~~~
/home/codespace/.cache/node-gyp/24.11.1/include/node/node.h:117:42: note: in definition of macro ‘NODE_DEPRECATED’
  117 |     __attribute__((deprecated(message))) declarator
      |                                          ^~~~~~~~~~
../src/addon.h:163:27: warning: ‘v8::Local<v8::Value> node::MakeCallback(v8::Isolate*, v8::Local<v8::Object>, v8::Local<v8::Function>, int, v8::Local<v8::Value>*)’ is deprecated: Use MakeCallback(..., async_context) [-Wdeprecated-declarations]
  163 |         node::MakeCallback(sc->isolate, sc->isolate->GetCurrentContext()->Global(), Local<Function>::New(sc->isolate, sc->jsCallback), 0, nullptr);
      |         ~~~~~~~~~~~~~~~~~~^~~~~~~~~~~~~~~~~~~~~~~~~~~~~~~~~~~~~~~~~~~~~~~~~~~~~~~~~~~~~~~~~~~~~~~~~~~~~~~~~~~~~~~~~~~~~~~~~~~~~~~~~~~~~~~~~~~~~~~~
/home/codespace/.cache/node-gyp/24.11.1/include/node/node.h:200:50: note: declared here
  200 |                 NODE_EXTERN v8::Local<v8::Value> MakeCallback(
      |                                                  ^~~~~~~~~~~~
/home/codespace/.cache/node-gyp/24.11.1/include/node/node.h:117:42: note: in definition of macro ‘NODE_DEPRECATED’
  117 |     __attribute__((deprecated(message))) declarator
      |                                          ^~~~~~~~~~
make: *** [uws.target.mk:115: Release/obj.target/uws/src/addon.o] Error 1
make: Leaving directory '/workspaces/Valentine_Wish/node_modules/uws/build'
gyp ERR! build error 
gyp ERR! stack Error: `make` failed with exit code: 2
gyp ERR! stack     at ChildProcess.onExit (/opt/nodejs/16.20.2/lib/node_modules/npm/node_modules/node-gyp/lib/build.js:201:23)
gyp ERR! stack     at ChildProcess.emit (node:events:508:28)
gyp ERR! stack     at ChildProcess._handle.onexit (node:internal/child_process:294:12)
gyp ERR! System Linux 6.8.0-1030-azure
gyp ERR! command "/usr/local/share/nvm/versions/node/v24.11.1/bin/node" "/opt/nodejs/16.20.2/lib/node_modules/npm/node_modules/node-gyp/bin/node-gyp.js" "rebuild"
gyp ERR! cwd /workspaces/Valentine_Wish/node_modules/uws
gyp ERR! node -v v24.11.1
gyp ERR! node-gyp -v v9.1.0
gyp ERR! not ok 
